Copyright 1986-2016 Xilinx, Inc. All Rights Reserved.
--------------------------------------------------------------------------------------------
| Tool Version : Vivado v.2016.4 (win64) Build 1756540 Mon Jan 23 19:11:23 MST 2017
| Date         : Sun Dec 03 09:52:39 2017
| Host         : GVI-QD02 running 64-bit Service Pack 1  (build 7601)
| Command      : report_control_sets -verbose -file embedded_design_control_sets_placed.rpt
| Design       : embedded_design
| Device       : xc7z100
--------------------------------------------------------------------------------------------

Control Set Information

Table of Contents
-----------------
1. Summary
2. Flip-Flop Distribution
3. Detailed Control Set Information

1. Summary
----------

+----------------------------------------------------------+-------+
|                          Status                          | Count |
+----------------------------------------------------------+-------+
| Number of unique control sets                            |    83 |
| Unused register locations in slices containing registers |   248 |
+----------------------------------------------------------+-------+


2. Flip-Flop Distribution
-------------------------

+--------------+-----------------------+------------------------+-----------------+--------------+
| Clock Enable | Synchronous Set/Reset | Asynchronous Set/Reset | Total Registers | Total Slices |
+--------------+-----------------------+------------------------+-----------------+--------------+
| No           | No                    | No                     |             180 |           64 |
| No           | No                    | Yes                    |               0 |            0 |
| No           | Yes                   | No                     |             270 |           84 |
| Yes          | No                    | No                     |             442 |          100 |
| Yes          | No                    | Yes                    |               0 |            0 |
| Yes          | Yes                   | No                     |             300 |           96 |
+--------------+-----------------------+------------------------+-----------------+--------------+


3. Detailed Control Set Information
-----------------------------------

+--------------------------------------+------------------------------------------------------------------------------------------------------------------------------------------------------------------+-----------------------------------------------------------------------------------------------------------------------------------------------+------------------+----------------+
|             Clock Signal             |                                                                           Enable Signal                                                                          |                                                                Set/Reset Signal                                                               | Slice Load Count | Bel Load Count |
+--------------------------------------+------------------------------------------------------------------------------------------------------------------------------------------------------------------+-----------------------------------------------------------------------------------------------------------------------------------------------+------------------+----------------+
|  ps_subsys_i/proc_arm/inst/FCLK_CLK0 | ps_subsys_i/axi_iic_main/U0/X_IIC/WRITE_FIFO_I/p_3_in                                                                                                            | ps_subsys_i/axi_iic_main/U0/X_IIC/REG_INTERFACE_I/Tx_fifo_rst                                                                                 |                1 |              1 |
|  ps_subsys_i/proc_arm/inst/FCLK_CLK0 | ps_subsys_i/axi_iic_main/U0/X_IIC/WRITE_FIFO_CTRL_I/CI                                                                                                           |                                                                                                                                               |                1 |              2 |
|  ps_subsys_i/proc_arm/inst/FCLK_CLK0 | ps_subsys_i/axi_interconnect_1/s00_couplers/auto_pc/inst/gen_axilite.gen_b2s_conv.axilite_b2s/WR.b_channel_0/bid_fifo_0/bresp_push                               |                                                                                                                                               |                1 |              2 |
|  ps_subsys_i/proc_arm/inst/FCLK_CLK0 | ps_subsys_i/axi_interconnect_1/s00_couplers/auto_pc/inst/gen_axilite.gen_b2s_conv.axilite_b2s/WR.aw_channel_0/aw_cmd_fsm_0/axaddr_wrap_reg[0]                    | ps_subsys_i/axi_interconnect_1/s00_couplers/auto_pc/inst/gen_axilite.gen_b2s_conv.axilite_b2s/WR.aw_channel_0/aw_cmd_fsm_0/axlen_cnt_reg[7]_1 |                1 |              4 |
|  ps_subsys_i/proc_arm/inst/FCLK_CLK0 | ps_subsys_i/axi_interconnect_1/s00_couplers/auto_pc/inst/gen_axilite.gen_b2s_conv.axilite_b2s/RD.ar_channel_0/ar_cmd_fsm_0/axlen_cnt_reg[3][0]                   | ps_subsys_i/axi_interconnect_1/s00_couplers/auto_pc/inst/gen_axilite.gen_b2s_conv.axilite_b2s/RD.ar_channel_0/ar_cmd_fsm_0/axlen_cnt_reg[7]   |                2 |              4 |
|  ps_subsys_i/proc_arm/inst/FCLK_CLK0 | ps_subsys_i/axi_iic_main/U0/X_IIC/IIC_CONTROL_I/BITCNT/q_int[0]_i_1__1_n_0                                                                                       | ps_subsys_i/axi_iic_main/U0/X_IIC/REG_INTERFACE_I/SR[0]                                                                                       |                1 |              4 |
|  ps_subsys_i/proc_arm/inst/FCLK_CLK0 | ps_subsys_i/axi_iic_main/U0/X_IIC/IIC_CONTROL_I/FSM_sequential_scl_state[3]_i_2_n_0                                                                              | ps_subsys_i/axi_iic_main/U0/X_IIC/REG_INTERFACE_I/SR[0]                                                                                       |                3 |              4 |
|  ps_subsys_i/proc_arm/inst/FCLK_CLK0 | ps_subsys_i/axi_iic_main/U0/X_IIC/READ_FIFO_I/Rc_Data_Exists                                                                                                     | ps_subsys_i/axi_iic_main/U0/X_IIC/X_AXI_IPIF_SSP1/X_SOFT_RESET/SR[0]                                                                          |                1 |              4 |
|  ps_subsys_i/proc_arm/inst/FCLK_CLK0 |                                                                                                                                                                  | ps_subsys_i/axi_iic_main/U0/X_IIC/X_AXI_IPIF_SSP1/AXI_LITE_IPIF_I/I_SLAVE_ATTACHMENT/clear                                                    |                1 |              4 |
|  ps_subsys_i/proc_arm/inst/FCLK_CLK0 | ps_subsys_i/axi_uartlite_0/U0/UARTLITE_CORE_I/BAUD_RATE_I/en_16x_Baud                                                                                            |                                                                                                                                               |                2 |              4 |
|  ps_subsys_i/proc_arm/inst/FCLK_CLK0 |                                                                                                                                                                  | Inst_gvi_breathing_led/geqOp                                                                                                                  |                2 |              4 |
|  ps_subsys_i/proc_arm/inst/FCLK_CLK0 | ps_subsys_i/axi_iic_main/U0/X_IIC/X_AXI_IPIF_SSP1/AXI_LITE_IPIF_I/I_SLAVE_ATTACHMENT/I_DECODER/Bus2IIC_WrCE[8]                                                   | ps_subsys_i/axi_iic_main/U0/X_IIC/X_AXI_IPIF_SSP1/X_SOFT_RESET/SR[0]                                                                          |                1 |              4 |
|  ps_subsys_i/proc_arm/inst/FCLK_CLK0 |                                                                                                                                                                  | ps_subsys_i/axi_interconnect_1/s00_couplers/auto_pc/inst/gen_axilite.gen_b2s_conv.axilite_b2s/SI_REG/ar_pipe/m_valid_i_reg_0                  |                2 |              4 |
|  ps_subsys_i/proc_arm/inst/FCLK_CLK0 |                                                                                                                                                                  | ps_subsys_i/axi_interconnect_1/s00_couplers/auto_pc/inst/gen_axilite.gen_b2s_conv.axilite_b2s/SI_REG/aw_pipe/s_ready_i_reg_0                  |                2 |              4 |
|  ps_subsys_i/proc_arm/inst/FCLK_CLK0 | ps_subsys_i/axi_iic_main/U0/X_IIC/WRITE_FIFO_I/Tx_data_exists                                                                                                    | ps_subsys_i/axi_iic_main/U0/X_IIC/REG_INTERFACE_I/Tx_fifo_rst                                                                                 |                1 |              4 |
|  ps_subsys_i/proc_arm/inst/FCLK_CLK0 | ps_subsys_i/axi_iic_main/U0/X_IIC/WRITE_FIFO_CTRL_I/Addr_Counters[0].FDRE_I_0                                                                                    | ps_subsys_i/axi_iic_main/U0/X_IIC/REG_INTERFACE_I/Tx_fifo_rst                                                                                 |                1 |              4 |
|  ps_subsys_i/proc_arm/inst/FCLK_CLK0 | ps_subsys_i/axi_uartlite_0/U0/AXI_LITE_IPIF_I/I_SLAVE_ATTACHMENT/start2                                                                                          | ps_subsys_i/axi_uartlite_0/U0/AXI_LITE_IPIF_I/I_SLAVE_ATTACHMENT/I_DECODER/cs_ce_clr                                                          |                1 |              4 |
|  ps_subsys_i/proc_arm/inst/FCLK_CLK0 | Inst_gvi_breathing_led/breathing_cnt[23]_i_1_n_0                                                                                                                 |                                                                                                                                               |                1 |              5 |
|  ps_subsys_i/proc_arm/inst/FCLK_CLK0 | ps_subsys_i/axi_iic_main/U0/X_IIC/X_AXI_IPIF_SSP1/AXI_LITE_IPIF_I/I_SLAVE_ATTACHMENT/I_DECODER/Bus2IIC_WrCE[11]                                                  | ps_subsys_i/axi_iic_main/U0/X_IIC/X_AXI_IPIF_SSP1/X_SOFT_RESET/SR[0]                                                                          |                2 |              5 |
|  ps_subsys_i/proc_arm/inst/FCLK_CLK0 |                                                                                                                                                                  | ps_subsys_i/proc_sys_reset_0/U0/EXT_LPF/lpf_int                                                                                               |                2 |              5 |
|  ps_subsys_i/proc_arm/inst/FCLK_CLK0 | ps_subsys_i/proc_sys_reset_0/U0/SEQ/seq_cnt_en                                                                                                                   | ps_subsys_i/proc_sys_reset_0/U0/SEQ/SEQ_COUNTER/clear                                                                                         |                1 |              6 |
|  ps_subsys_i/proc_arm/inst/FCLK_CLK0 |                                                                                                                                                                  | ps_subsys_i/axi_iic_main/U0/X_IIC/REG_INTERFACE_I/Tx_fifo_rst                                                                                 |                2 |              6 |
|  ps_subsys_i/proc_arm/inst/FCLK_CLK0 |                                                                                                                                                                  | ps_subsys_i/axi_uartlite_0/U0/UARTLITE_CORE_I/UARTLITE_TX_I/SRL_FIFO_I/I_SRL_FIFO_RBU_F/CNTR_INCR_DECR_ADDN_F_I/SS[0]                         |                3 |              6 |
|  ps_subsys_i/proc_arm/inst/FCLK_CLK0 |                                                                                                                                                                  | ps_subsys_i/axi_iic_main/U0/X_IIC/X_AXI_IPIF_SSP1/X_SOFT_RESET/AXI_Bus2IP_Reset                                                               |                2 |              6 |
|  ps_subsys_i/proc_arm/inst/FCLK_CLK0 |                                                                                                                                                                  | ps_subsys_i/axi_uartlite_0/U0/UARTLITE_CORE_I/UARTLITE_RX_I/SRL_FIFO_I/I_SRL_FIFO_RBU_F/CNTR_INCR_DECR_ADDN_F_I/SS[0]                         |                2 |              6 |
|  ps_subsys_i/proc_arm/inst/FCLK_CLK0 | ps_subsys_i/axi_iic_main/U0/X_IIC/X_AXI_IPIF_SSP1/AXI_LITE_IPIF_I/I_SLAVE_ATTACHMENT/I_DECODER/Bus2IIC_WrCE[9]                                                   | ps_subsys_i/axi_iic_main/U0/X_IIC/X_AXI_IPIF_SSP1/X_SOFT_RESET/SR[0]                                                                          |                1 |              7 |
|  ps_subsys_i/proc_arm/inst/FCLK_CLK0 | ps_subsys_i/axi_iic_main/U0/X_IIC/IIC_CONTROL_I/BITCNT/E[0]                                                                                                      | ps_subsys_i/axi_iic_main/U0/X_IIC/IIC_CONTROL_I/state0                                                                                        |                3 |              7 |
|  ps_subsys_i/proc_arm/inst/FCLK_CLK0 | ps_subsys_i/axi_iic_main/U0/X_IIC/DYN_MASTER_I/rdByteCntr[0]_i_1_n_0                                                                                             | ps_subsys_i/axi_iic_main/U0/X_IIC/REG_INTERFACE_I/Tx_fifo_rst                                                                                 |                3 |              8 |
|  ps_subsys_i/proc_arm/inst/FCLK_CLK0 | ps_subsys_i/axi_uartlite_0/U0/UARTLITE_CORE_I/UARTLITE_RX_I/SRL_FIFO_I/I_SRL_FIFO_RBU_F/DYNSHREG_F_I/fifo_wr                                                     |                                                                                                                                               |                1 |              8 |
|  ps_subsys_i/proc_arm/inst/FCLK_CLK0 |                                                                                                                                                                  | ps_subsys_i/axi_iic_main/U0/X_IIC/X_AXI_IPIF_SSP1/AXI_LITE_IPIF_I/I_SLAVE_ATTACHMENT/rst                                                      |                3 |              8 |
|  ps_subsys_i/proc_arm/inst/FCLK_CLK0 | ps_subsys_i/axi_iic_main/U0/X_IIC/WRITE_FIFO_I/CI                                                                                                                |                                                                                                                                               |                1 |              8 |
|  ps_subsys_i/proc_arm/inst/FCLK_CLK0 |                                                                                                                                                                  | Inst_gvi_breathing_led/clear                                                                                                                  |                2 |              8 |
|  ps_subsys_i/proc_arm/inst/FCLK_CLK0 | ps_subsys_i/axi_uartlite_0/U0/AXI_LITE_IPIF_I/I_SLAVE_ATTACHMENT/I_DECODER/fifo_wr                                                                               |                                                                                                                                               |                1 |              8 |
|  ps_subsys_i/proc_arm/inst/FCLK_CLK0 | ps_subsys_i/axi_interconnect_1/s00_couplers/auto_pc/inst/gen_axilite.gen_b2s_conv.axilite_b2s/WR.b_channel_0/mhandshake_r                                        | ps_subsys_i/axi_interconnect_1/s00_couplers/auto_pc/inst/gen_axilite.gen_b2s_conv.axilite_b2s/WR.b_channel_0/bid_fifo_0/SR[0]                 |                2 |              8 |
|  ps_subsys_i/proc_arm/inst/FCLK_CLK0 | ps_subsys_i/axi_iic_main/U0/X_IIC/READ_FIFO_I/CI                                                                                                                 |                                                                                                                                               |                1 |              8 |
|  ps_subsys_i/proc_arm/inst/FCLK_CLK0 | ps_subsys_i/axi_iic_main/U0/X_IIC/X_AXI_IPIF_SSP1/AXI_LITE_IPIF_I/I_SLAVE_ATTACHMENT/I_DECODER/E[0]                                                              | ps_subsys_i/axi_iic_main/U0/X_IIC/X_AXI_IPIF_SSP1/X_SOFT_RESET/SR[0]                                                                          |                1 |              8 |
|  ps_subsys_i/proc_arm/inst/FCLK_CLK0 | ps_subsys_i/axi_iic_main/U0/X_IIC/IIC_CONTROL_I/data_i2c_i0                                                                                                      | ps_subsys_i/axi_iic_main/U0/X_IIC/REG_INTERFACE_I/SR[0]                                                                                       |                1 |              8 |
|  ps_subsys_i/proc_arm/inst/FCLK_CLK0 | ps_subsys_i/axi_iic_main/U0/X_IIC/IIC_CONTROL_I/i2c_header_en                                                                                                    | ps_subsys_i/axi_iic_main/U0/X_IIC/REG_INTERFACE_I/SR[0]                                                                                       |                2 |              8 |
|  ps_subsys_i/proc_arm/inst/FCLK_CLK0 | ps_subsys_i/axi_iic_main/U0/X_IIC/IIC_CONTROL_I/I2CDATA_REG/data_int[7]_i_1_n_0                                                                                  | ps_subsys_i/axi_iic_main/U0/X_IIC/REG_INTERFACE_I/SR[0]                                                                                       |                2 |              8 |
|  ps_subsys_i/proc_arm/inst/FCLK_CLK0 | Inst_gvi_breathing_led/clear                                                                                                                                     |                                                                                                                                               |                1 |              8 |
|  ps_subsys_i/proc_arm/inst/FCLK_CLK0 |                                                                                                                                                                  | ps_subsys_i/axi_uartlite_0/U0/AXI_LITE_IPIF_I/I_SLAVE_ATTACHMENT/rst                                                                          |                3 |              9 |
|  ps_subsys_i/proc_arm/inst/FCLK_CLK0 | ps_subsys_i/axi_uartlite_0/U0/AXI_LITE_IPIF_I/I_SLAVE_ATTACHMENT/s_axi_rdata_i                                                                                   | ps_subsys_i/axi_uartlite_0/U0/AXI_LITE_IPIF_I/I_SLAVE_ATTACHMENT/rst                                                                          |                2 |              9 |
|  ps_subsys_i/proc_arm/inst/FCLK_CLK0 | ps_subsys_i/axi_uartlite_0/U0/UARTLITE_CORE_I/BAUD_RATE_I/en_16x_Baud                                                                                            | ps_subsys_i/axi_uartlite_0/U0/UARTLITE_CORE_I/UARTLITE_RX_I/SR[0]                                                                             |                2 |             10 |
|  ps_subsys_i/proc_arm/inst/FCLK_CLK0 | ps_subsys_i/axi_iic_main/U0/X_IIC/X_AXI_IPIF_SSP1/AXI_LITE_IPIF_I/I_SLAVE_ATTACHMENT/I_DECODER/Bus2IIC_WrCE[0]                                                   | ps_subsys_i/axi_iic_main/U0/X_IIC/X_AXI_IPIF_SSP1/X_SOFT_RESET/SR[0]                                                                          |                4 |             10 |
|  ps_subsys_i/proc_arm/inst/FCLK_CLK0 | ps_subsys_i/axi_iic_main/U0/X_IIC/IIC_CONTROL_I/SETUP_CNT/q_int[0]_i_1__0_n_0                                                                                    | ps_subsys_i/axi_iic_main/U0/X_IIC/REG_INTERFACE_I/SR[0]                                                                                       |                2 |             10 |
|  ps_subsys_i/proc_arm/inst/FCLK_CLK0 | ps_subsys_i/axi_iic_main/U0/X_IIC/IIC_CONTROL_I/CLKCNT/q_int[0]_i_1_n_0                                                                                          | ps_subsys_i/axi_iic_main/U0/X_IIC/REG_INTERFACE_I/SR[0]                                                                                       |                5 |             10 |
|  ps_subsys_i/proc_arm/inst/FCLK_CLK0 | ps_subsys_i/axi_iic_main/U0/X_IIC/X_AXI_IPIF_SSP1/AXI_LITE_IPIF_I/I_SLAVE_ATTACHMENT/I_DECODER/Bus2IIC_WrCE[1]                                                   | ps_subsys_i/axi_iic_main/U0/X_IIC/X_AXI_IPIF_SSP1/X_SOFT_RESET/SR[0]                                                                          |                3 |             10 |
|  ps_subsys_i/proc_arm/inst/FCLK_CLK0 | ps_subsys_i/axi_iic_main/U0/X_IIC/X_AXI_IPIF_SSP1/AXI_LITE_IPIF_I/I_SLAVE_ATTACHMENT/I_DECODER/Bus2IIC_WrCE[2]                                                   | ps_subsys_i/axi_iic_main/U0/X_IIC/X_AXI_IPIF_SSP1/X_SOFT_RESET/SR[0]                                                                          |                3 |             10 |
|  ps_subsys_i/proc_arm/inst/FCLK_CLK0 | ps_subsys_i/axi_iic_main/U0/X_IIC/X_AXI_IPIF_SSP1/AXI_LITE_IPIF_I/I_SLAVE_ATTACHMENT/bus2ip_addr_i[8]_i_1_n_0                                                    | ps_subsys_i/axi_iic_main/U0/X_IIC/X_AXI_IPIF_SSP1/AXI_LITE_IPIF_I/I_SLAVE_ATTACHMENT/rst                                                      |                4 |             10 |
|  ps_subsys_i/proc_arm/inst/FCLK_CLK0 | ps_subsys_i/axi_iic_main/U0/X_IIC/X_AXI_IPIF_SSP1/AXI_LITE_IPIF_I/I_SLAVE_ATTACHMENT/I_DECODER/Bus2IIC_WrCE[7]                                                   | ps_subsys_i/axi_iic_main/U0/X_IIC/X_AXI_IPIF_SSP1/X_SOFT_RESET/SR[0]                                                                          |                3 |             10 |
|  ps_subsys_i/proc_arm/inst/FCLK_CLK0 | ps_subsys_i/axi_iic_main/U0/X_IIC/X_AXI_IPIF_SSP1/AXI_LITE_IPIF_I/I_SLAVE_ATTACHMENT/I_DECODER/Bus2IIC_WrCE[3]                                                   | ps_subsys_i/axi_iic_main/U0/X_IIC/X_AXI_IPIF_SSP1/X_SOFT_RESET/SR[0]                                                                          |                3 |             10 |
|  ps_subsys_i/proc_arm/inst/FCLK_CLK0 | ps_subsys_i/axi_iic_main/U0/X_IIC/X_AXI_IPIF_SSP1/AXI_LITE_IPIF_I/I_SLAVE_ATTACHMENT/I_DECODER/Bus2IIC_WrCE[6]                                                   | ps_subsys_i/axi_iic_main/U0/X_IIC/X_AXI_IPIF_SSP1/X_SOFT_RESET/SR[0]                                                                          |                4 |             10 |
|  ps_subsys_i/proc_arm/inst/FCLK_CLK0 | ps_subsys_i/axi_iic_main/U0/X_IIC/X_AXI_IPIF_SSP1/AXI_LITE_IPIF_I/I_SLAVE_ATTACHMENT/I_DECODER/Bus2IIC_WrCE[5]                                                   | ps_subsys_i/axi_iic_main/U0/X_IIC/X_AXI_IPIF_SSP1/X_SOFT_RESET/SR[0]                                                                          |                3 |             10 |
|  ps_subsys_i/proc_arm/inst/FCLK_CLK0 | ps_subsys_i/axi_iic_main/U0/X_IIC/X_AXI_IPIF_SSP1/AXI_LITE_IPIF_I/I_SLAVE_ATTACHMENT/I_DECODER/Bus2IIC_WrCE[4]                                                   | ps_subsys_i/axi_iic_main/U0/X_IIC/X_AXI_IPIF_SSP1/X_SOFT_RESET/SR[0]                                                                          |                3 |             10 |
|  ps_subsys_i/proc_arm/inst/FCLK_CLK0 | ps_subsys_i/axi_interconnect_1/xbar/inst/gen_sasd.crossbar_sasd_0/reg_slice_r/aa_rready                                                                          |                                                                                                                                               |                3 |             11 |
|  ps_subsys_i/proc_arm/inst/FCLK_CLK0 |                                                                                                                                                                  | ps_subsys_i/axi_interconnect_1/xbar/inst/gen_sasd.crossbar_sasd_0/addr_arbiter_inst/SR[0]                                                     |                4 |             11 |
|  ps_subsys_i/proc_arm/inst/FCLK_CLK0 | ps_subsys_i/axi_interconnect_1/s00_couplers/auto_pc/inst/gen_axilite.gen_b2s_conv.axilite_b2s/RD.ar_channel_0/ar_cmd_fsm_0/E[0]                                  |                                                                                                                                               |                5 |             12 |
|  ps_subsys_i/proc_arm/inst/FCLK_CLK0 | ps_subsys_i/axi_interconnect_1/s00_couplers/auto_pc/inst/gen_axilite.gen_b2s_conv.axilite_b2s/WR.aw_channel_0/cmd_translator_0/incr_cmd_0/axaddr_incr[0]_i_1_n_0 |                                                                                                                                               |                3 |             12 |
|  ps_subsys_i/proc_arm/inst/FCLK_CLK0 | ps_subsys_i/axi_interconnect_1/s00_couplers/auto_pc/inst/gen_axilite.gen_b2s_conv.axilite_b2s/WR.aw_channel_0/aw_cmd_fsm_0/E[0]                                  |                                                                                                                                               |                5 |             12 |
|  ps_subsys_i/proc_arm/inst/FCLK_CLK0 | ps_subsys_i/axi_iic_main/U0/X_IIC/X_AXI_IPIF_SSP1/AXI_LITE_IPIF_I/I_SLAVE_ATTACHMENT/s_axi_rdata_i                                                               | ps_subsys_i/axi_iic_main/U0/X_IIC/X_AXI_IPIF_SSP1/AXI_LITE_IPIF_I/I_SLAVE_ATTACHMENT/rst                                                      |                4 |             12 |
|  ps_subsys_i/proc_arm/inst/FCLK_CLK0 | ps_subsys_i/axi_interconnect_1/s00_couplers/auto_pc/inst/gen_axilite.gen_b2s_conv.axilite_b2s/RD.ar_channel_0/ar_cmd_fsm_0/axaddr_incr_reg[0]                    |                                                                                                                                               |                3 |             12 |
|  ps_subsys_i/proc_arm/inst/FCLK_CLK0 | ps_subsys_i/axi_interconnect_1/s00_couplers/auto_pc/inst/gen_axilite.gen_b2s_conv.axilite_b2s/RD.r_channel_0/r_push_r                                            |                                                                                                                                               |                4 |             13 |
|  ps_subsys_i/proc_arm/inst/FCLK_CLK0 | ps_subsys_i/axi_interconnect_1/xbar/inst/gen_sasd.crossbar_sasd_0/addr_arbiter_inst/E[0]                                                                         |                                                                                                                                               |                5 |             14 |
|  ps_subsys_i/proc_arm/inst/FCLK_CLK0 | ps_subsys_i/axi_interconnect_1/s00_couplers/auto_pc/inst/gen_axilite.gen_b2s_conv.axilite_b2s/SI_REG/b_pipe/p_1_in                                               |                                                                                                                                               |                2 |             14 |
|  ps_subsys_i/proc_arm/inst/FCLK_CLK0 | ps_subsys_i/axi_interconnect_1/s00_couplers/auto_pc/inst/gen_axilite.gen_b2s_conv.axilite_b2s/SI_REG/b_pipe/skid_buffer_reg[0]_0                                 |                                                                                                                                               |                2 |             14 |
|  ps_subsys_i/proc_arm/inst/FCLK_CLK0 | ps_subsys_i/axi_interconnect_1/s00_couplers/auto_pc/inst/gen_axilite.gen_b2s_conv.axilite_b2s/WR.aw_channel_0/aw_cmd_fsm_0/b_push                                |                                                                                                                                               |                3 |             16 |
|  ps_subsys_i/proc_arm/inst/FCLK_CLK0 | ps_subsys_i/axi_interconnect_1/s00_couplers/auto_pc/inst/gen_axilite.gen_b2s_conv.axilite_b2s/RD.ar_channel_0/ar_cmd_fsm_0/axlen_cnt_reg[3][0]                   |                                                                                                                                               |                7 |             20 |
|  ps_subsys_i/proc_arm/inst/FCLK_CLK0 | ps_subsys_i/axi_interconnect_1/s00_couplers/auto_pc/inst/gen_axilite.gen_b2s_conv.axilite_b2s/WR.aw_channel_0/aw_cmd_fsm_0/axaddr_wrap_reg[0]                    |                                                                                                                                               |                7 |             20 |
|  ps_subsys_i/proc_arm/inst/FCLK_CLK0 |                                                                                                                                                                  | Inst_gvi_breathing_led/breathing_cnt[23]_i_1_n_0                                                                                              |                6 |             23 |
|  ps_subsys_i/proc_arm/inst/FCLK_CLK0 | ps_subsys_i/axi_iic_main/U0/X_IIC/X_AXI_IPIF_SSP1/AXI_LITE_IPIF_I/I_SLAVE_ATTACHMENT/start2                                                                      | ps_subsys_i/axi_iic_main/U0/X_IIC/X_AXI_IPIF_SSP1/AXI_LITE_IPIF_I/I_SLAVE_ATTACHMENT/I_DECODER/cs_ce_clr                                      |                9 |             24 |
|  ps_subsys_i/proc_arm/inst/FCLK_CLK0 | ps_subsys_i/axi_interconnect_1/xbar/inst/gen_sasd.crossbar_sasd_0/addr_arbiter_inst/p_0_in1_in                                                                   | ps_subsys_i/axi_interconnect_1/xbar/inst/gen_sasd.crossbar_sasd_0/addr_arbiter_inst/SR[0]                                                     |               11 |             25 |
|  ps_subsys_i/proc_arm/inst/FCLK_CLK0 |                                                                                                                                                                  | ps_subsys_i/axi_uartlite_0/U0/UARTLITE_CORE_I/UARTLITE_RX_I/SR[0]                                                                             |                9 |             25 |
|  ps_subsys_i/proc_arm/inst/FCLK_CLK0 | ps_subsys_i/axi_interconnect_1/s00_couplers/auto_pc/inst/gen_axilite.gen_b2s_conv.axilite_b2s/RD.r_channel_0/rd_data_fifo_0/wr_en0                               |                                                                                                                                               |               10 |             34 |
|  ps_subsys_i/proc_arm/inst/FCLK_CLK0 |                                                                                                                                                                  | ps_subsys_i/axi_iic_main/U0/X_IIC/REG_INTERFACE_I/SR[0]                                                                                       |               13 |             40 |
|  ps_subsys_i/proc_arm/inst/FCLK_CLK0 |                                                                                                                                                                  | ps_subsys_i/axi_iic_main/U0/X_IIC/X_AXI_IPIF_SSP1/X_SOFT_RESET/SR[0]                                                                          |               11 |             42 |
|  ps_subsys_i/proc_arm/inst/FCLK_CLK0 | ps_subsys_i/axi_interconnect_1/s00_couplers/auto_pc/inst/gen_axilite.gen_b2s_conv.axilite_b2s/SI_REG/r_pipe/p_1_in                                               |                                                                                                                                               |                7 |             47 |
|  ps_subsys_i/proc_arm/inst/FCLK_CLK0 | ps_subsys_i/axi_interconnect_1/s00_couplers/auto_pc/inst/gen_axilite.gen_b2s_conv.axilite_b2s/SI_REG/r_pipe/skid_buffer_reg[0]_0                                 |                                                                                                                                               |                8 |             47 |
|  ps_subsys_i/proc_arm/inst/FCLK_CLK0 | ps_subsys_i/axi_interconnect_1/s00_couplers/auto_pc/inst/gen_axilite.gen_b2s_conv.axilite_b2s/RD.ar_channel_0/ar_cmd_fsm_0/m_payload_i_reg[0]_1[0]               |                                                                                                                                               |               10 |             48 |
|  ps_subsys_i/proc_arm/inst/FCLK_CLK0 | ps_subsys_i/axi_interconnect_1/s00_couplers/auto_pc/inst/gen_axilite.gen_b2s_conv.axilite_b2s/WR.aw_channel_0/aw_cmd_fsm_0/m_payload_i_reg[0][0]                 |                                                                                                                                               |               10 |             48 |
|  ps_subsys_i/proc_arm/inst/FCLK_CLK0 | ps_subsys_i/axi_interconnect_1/s00_couplers/auto_pc/inst/gen_axilite.gen_b2s_conv.axilite_b2s/SI_REG/ar_pipe/skid_buffer_reg[0]_0                                |                                                                                                                                               |               10 |             48 |
|  ps_subsys_i/proc_arm/inst/FCLK_CLK0 | ps_subsys_i/axi_interconnect_1/s00_couplers/auto_pc/inst/gen_axilite.gen_b2s_conv.axilite_b2s/SI_REG/aw_pipe/skid_buffer_reg[0]_0                                |                                                                                                                                               |               10 |             48 |
|  ps_subsys_i/proc_arm/inst/FCLK_CLK0 |                                                                                                                                                                  | ps_subsys_i/axi_interconnect_1/s00_couplers/auto_pc/inst/gen_axilite.gen_b2s_conv.axilite_b2s/areset_d1                                       |               15 |             59 |
|  ps_subsys_i/proc_arm/inst/FCLK_CLK0 |                                                                                                                                                                  |                                                                                                                                               |               65 |            181 |
+--------------------------------------+------------------------------------------------------------------------------------------------------------------------------------------------------------------+-----------------------------------------------------------------------------------------------------------------------------------------------+------------------+----------------+


+--------+-----------------------+
| Fanout | Number of ControlSets |
+--------+-----------------------+
| 1      |                     1 |
| 2      |                     2 |
| 4      |                    14 |
| 5      |                     3 |
| 6      |                     5 |
| 7      |                     2 |
| 8      |                    13 |
| 9      |                     2 |
| 10     |                    12 |
| 11     |                     2 |
| 12     |                     5 |
| 13     |                     1 |
| 14     |                     3 |
| 16+    |                    18 |
+--------+-----------------------+


