Copyright 1986-2016 Xilinx, Inc. All Rights Reserved.
----------------------------------------------------------------------------------------------------
| Tool Version : Vivado v.2016.4 (win64) Build 1756540 Mon Jan 23 19:11:23 MST 2017
| Date         : Wed Dec 20 14:10:17 2017
| Host         : GVI-QD02 running 64-bit Service Pack 1  (build 7601)
| Command      : report_clock_utilization -file example_IBERT_SATA_10G_clock_utilization_routed.rpt
| Design       : example_IBERT_SATA_10G
| Device       : 7z100-ffg900
| Speed File   : -2  PRODUCTION 1.11 2014-09-11
----------------------------------------------------------------------------------------------------

Clock Utilization Report

Table of Contents
-----------------
1. Clock Primitive Utilization
2. Global Clock Resources
3. Global Clock Source Details
4. Clock Regions: Key Resource Utilization
5. Clock Regions : Global Clock Summary
6. Cell Type Counts per Global Clock: Region X1Y0
7. Cell Type Counts per Global Clock: Region X1Y1
8. Cell Type Counts per Global Clock: Region X0Y2
9. Cell Type Counts per Global Clock: Region X1Y5
10. Cell Type Counts per Global Clock: Region X1Y6
11. Load Cell Placement Summary for Global Clock g0
12. Load Cell Placement Summary for Global Clock g1
13. Load Cell Placement Summary for Global Clock g2
14. Load Cell Placement Summary for Global Clock g3
15. Load Cell Placement Summary for Global Clock g4
16. Load Cell Placement Summary for Global Clock g5
17. Load Cell Placement Summary for Global Clock g6
18. Load Cell Placement Summary for Global Clock g7

1. Clock Primitive Utilization
------------------------------

+----------+------+-----------+-----+--------------+--------+
| Type     | Used | Available | LOC | Clock Region | Pblock |
+----------+------+-----------+-----+--------------+--------+
| BUFGCTRL |    2 |        32 |   0 |            0 |      0 |
| BUFH     |    5 |       168 |   5 |            0 |      0 |
| BUFIO    |    0 |        32 |   0 |            0 |      0 |
| BUFMR    |    0 |        16 |   0 |            0 |      0 |
| BUFR     |    1 |        32 |   0 |            0 |      0 |
| MMCM     |    1 |         8 |   0 |            0 |      0 |
| PLL      |    0 |         8 |   0 |            0 |      0 |
+----------+------+-----------+-----+--------------+--------+


2. Global Clock Resources
-------------------------

+-----------+-----------+-----------------+-------------+----------------+--------------+------+-------------------+-------------------+-------------+-----------------+--------------+-----------+--------------------------------------------------------------------------------+------------------------------------------------------------------+
| Global Id | Source Id | Driver Type/Pin | Constraint  | Site           | Clock Region | Root | Clock Delay Group | Load Clock Region | Clock Loads | Non-Clock Loads | Clock Period | Clock     | Driver Pin                                                                     | Net                                                              |
+-----------+-----------+-----------------+-------------+----------------+--------------+------+-------------------+-------------------+-------------+-----------------+--------------+-----------+--------------------------------------------------------------------------------+------------------------------------------------------------------+
| g0        | src0      | BUFG/O          | None        | BUFGCTRL_X0Y0  | n/a          |      |                   |                 4 |        7458 |               0 |       10.000 | dclk_mmcm | u_ibert_core/inst/SYSCLK_DIVIDER.u_bufg_dclk/O                                 | u_ibert_core/inst/dclk                                           |
| g1        | src1      | BUFH/O          | BUFHCE_X1Y0 | BUFHCE_X1Y0    | X1Y0         |      |                   |                 1 |        1320 |               0 |        3.103 | Q0_TX0    | u_ibert_core/inst/QUAD[0].u_q/u_common/u_clocking/local_txusr.NON_K7.u_txusr/O | u_ibert_core/inst/QUAD[0].u_q/u_common/u_clocking/TXUSRCLK2_O[3] |
| g2        | src1      | BUFH/O          | BUFHCE_X1Y1 | BUFHCE_X1Y1    | X1Y0         |      |                   |                 1 |         729 |               0 |        3.103 | Q0_RXCLK0 | u_ibert_core/inst/QUAD[0].u_q/u_common/u_clocking/rx_ind.NON_K7.u_rxusr0/O     | u_ibert_core/inst/QUAD[0].u_q/u_common/u_clocking/RXUSRCLK2_O[0] |
| g3        | src2      | BUFH/O          | BUFHCE_X1Y2 | BUFHCE_X1Y2    | X1Y0         |      |                   |                 1 |         729 |               0 |        3.103 | Q0_RXCLK1 | u_ibert_core/inst/QUAD[0].u_q/u_common/u_clocking/rx_ind.NON_K7.u_rxusr1/O     | u_ibert_core/inst/QUAD[0].u_q/u_common/u_clocking/RXUSRCLK2_O[1] |
| g4        | src3      | BUFH/O          | BUFHCE_X1Y3 | BUFHCE_X1Y3    | X1Y0         |      |                   |                 1 |         729 |               0 |        3.103 | Q0_RXCLK2 | u_ibert_core/inst/QUAD[0].u_q/u_common/u_clocking/rx_ind.NON_K7.u_rxusr2/O     | u_ibert_core/inst/QUAD[0].u_q/u_common/u_clocking/RXUSRCLK2_O[2] |
| g5        | src4      | BUFH/O          | BUFHCE_X1Y4 | BUFHCE_X1Y4    | X1Y0         |      |                   |                 1 |         729 |               0 |        3.103 | Q0_RXCLK3 | u_ibert_core/inst/QUAD[0].u_q/u_common/u_clocking/rx_ind.NON_K7.u_rxusr3/O     | u_ibert_core/inst/QUAD[0].u_q/u_common/u_clocking/RXUSRCLK2_O[3] |
| g6        | src5      | BUFR/O          | None        | BUFR_X1Y25     | X1Y6         |      |                   |                 1 |         256 |               0 |       30.000 | J_CLK     | u_ibert_core/inst/u_bufr/SERIES7_BUFR.BUFR_inst/O                              | u_ibert_core/inst/u_bufr/DRCK_IN                                 |
| g7        | src6      | BUFG/O          | None        | BUFGCTRL_X0Y16 | n/a          |      |                   |                 1 |           1 |               0 |        5.000 | D_CLK     | u_ibert_core/inst/SYSCLK_DIVIDER.u_pre_bufg/O                                  | u_ibert_core/inst/sysclk_int_temp                                |
+-----------+-----------+-----------------+-------------+----------------+--------------+------+-------------------+-------------------+-------------+-----------------+--------------+-----------+--------------------------------------------------------------------------------+------------------------------------------------------------------+
* Clock Loads column represents the clock pin loads (pin count)
** Non-Clock Loads column represents the non-clock pin loads (pin count)


3. Global Clock Source Details
------------------------------

+-----------+-----------+------------------------+--------------------+--------------------+--------------+-------------+-----------------+---------------------+--------------+-------------------------------------------------------------------+-----------------------------------------------------+
| Source Id | Global Id | Driver Type/Pin        | Constraint         | Site               | Clock Region | Clock Loads | Non-Clock Loads | Source Clock Period | Source Clock | Driver Pin                                                        | Net                                                 |
+-----------+-----------+------------------------+--------------------+--------------------+--------------+-------------+-----------------+---------------------+--------------+-------------------------------------------------------------------+-----------------------------------------------------+
| src0      | g0        | MMCME2_ADV/CLKOUT0     | None               | MMCME2_ADV_X0Y2    | X0Y2         |           1 |               0 |              10.000 | dclk_mmcm    | u_ibert_core/inst/SYSCLK_DIVIDER.U_GT_MMCM/CLKOUT0                | u_ibert_core/inst/dclk_mmcm                         |
| src1      | g2        | GTXE2_CHANNEL/RXOUTCLK | GTXE2_CHANNEL_X0Y0 | GTXE2_CHANNEL_X0Y0 | X1Y0         |           1 |               0 |               3.103 | Q0_RXCLK0    | u_ibert_core/inst/QUAD[0].u_q/CH[0].u_ch/u_gtxe2_channel/RXOUTCLK | u_ibert_core/inst/QUAD[0].u_q/CH[0].u_ch/RXOUTCLK_O |
| src1      | g1        | GTXE2_CHANNEL/TXOUTCLK | GTXE2_CHANNEL_X0Y0 | GTXE2_CHANNEL_X0Y0 | X1Y0         |           1 |               0 |               3.103 | Q0_TX0       | u_ibert_core/inst/QUAD[0].u_q/CH[0].u_ch/u_gtxe2_channel/TXOUTCLK | u_ibert_core/inst/QUAD[0].u_q/CH[0].u_ch/TXOUTCLK_O |
| src2      | g3        | GTXE2_CHANNEL/RXOUTCLK | GTXE2_CHANNEL_X0Y1 | GTXE2_CHANNEL_X0Y1 | X1Y0         |           1 |               0 |               3.103 | Q0_RXCLK1    | u_ibert_core/inst/QUAD[0].u_q/CH[1].u_ch/u_gtxe2_channel/RXOUTCLK | u_ibert_core/inst/QUAD[0].u_q/CH[1].u_ch/RXOUTCLK_O |
| src3      | g4        | GTXE2_CHANNEL/RXOUTCLK | GTXE2_CHANNEL_X0Y2 | GTXE2_CHANNEL_X0Y2 | X1Y0         |           1 |               0 |               3.103 | Q0_RXCLK2    | u_ibert_core/inst/QUAD[0].u_q/CH[2].u_ch/u_gtxe2_channel/RXOUTCLK | u_ibert_core/inst/QUAD[0].u_q/CH[2].u_ch/RXOUTCLK_O |
| src4      | g5        | GTXE2_CHANNEL/RXOUTCLK | GTXE2_CHANNEL_X0Y3 | GTXE2_CHANNEL_X0Y3 | X1Y0         |           1 |               0 |               3.103 | Q0_RXCLK3    | u_ibert_core/inst/QUAD[0].u_q/CH[3].u_ch/u_gtxe2_channel/RXOUTCLK | u_ibert_core/inst/QUAD[0].u_q/CH[3].u_ch/RXOUTCLK_O |
| src5      | g6        | BSCANE2/DRCK           | None               | BSCAN_X0Y0         | X0Y5         |           1 |               0 |              30.000 | J_CLK        | u_ibert_core/inst/bscan_inst/SERIES7_BSCAN.bscan_inst/DRCK        | u_ibert_core/inst/bscan_inst/DRCK                   |
| src6      | g7        | IBUFDS/O               | IOB_X1Y274         | IOB_X1Y274         | X1Y5         |           1 |               0 |               5.000 | D_CLK        | u_ibufgds/O                                                       | sysclk_i                                            |
+-----------+-----------+------------------------+--------------------+--------------------+--------------+-------------+-----------------+---------------------+--------------+-------------------------------------------------------------------+-----------------------------------------------------+
* Clock Loads column represents the clock pin loads (pin count)
** Non-Clock Loads column represents the non-clock pin loads (pin count)


4. Clock Regions: Key Resource Utilization
------------------------------------------

+-------------------+--------------+--------------+--------------+--------------+--------------+--------------+--------------+--------------+--------------+--------------+---------------+--------------+--------------+--------------+--------------+
|                   | Global Clock |     BUFRs    |    BUFMRs    |    BUFIOs    |     MMCM     |      PLL     |      GT      |      PCI     |    ILOGIC    |    OLOGIC    |       FF      |     LUTM     |    RAMB18    |    RAMB36    |    DSP48E2   |
+-------------------+------+-------+------+-------+------+-------+------+-------+------+-------+------+-------+------+-------+------+-------+------+-------+------+-------+-------+-------+------+-------+------+-------+------+-------+------+-------+
| Clock Region Name | Used | Avail | Used | Avail | Used | Avail | Used | Avail | Used | Avail | Used | Avail | Used | Avail | Used | Avail | Used | Avail | Used | Avail | Used  | Avail | Used | Avail | Used | Avail | Used | Avail | Used | Avail |
+-------------------+------+-------+------+-------+------+-------+------+-------+------+-------+------+-------+------+-------+------+-------+------+-------+------+-------+-------+-------+------+-------+------+-------+------+-------+------+-------+
| X0Y0              |    0 |    12 |    0 |     4 |    0 |     2 |    0 |     4 |    0 |     1 |    0 |     1 |    0 |     0 |    0 |     0 |    0 |    50 |    0 |    50 |     0 |  5200 |    0 |  2050 |    0 |   120 |    0 |    60 |    0 |   160 |
| X1Y0              |    6 |    12 |    0 |     0 |    0 |     0 |    0 |     0 |    0 |     0 |    0 |     0 |    4 |     4 |    0 |     0 |    0 |     0 |    0 |     0 | 10160 |  5100 | 4138 |  1950 |    0 |   100 |    0 |    50 |    0 |   140 |
| X0Y1              |    0 |    12 |    0 |     4 |    0 |     2 |    0 |     4 |    0 |     1 |    0 |     1 |    0 |     0 |    0 |     0 |    0 |    50 |    0 |    50 |     0 |  5200 |    0 |  2050 |    0 |   120 |    0 |    60 |    0 |   160 |
| X1Y1              |    1 |    12 |    0 |     0 |    0 |     0 |    0 |     0 |    0 |     0 |    0 |     0 |    0 |     4 |    0 |     0 |    0 |     0 |    0 |     0 |  1115 |  5100 |  490 |  1950 |    0 |   100 |    0 |    50 |    0 |   140 |
| X0Y2              |    1 |    12 |    0 |     4 |    0 |     2 |    0 |     4 |    1 |     1 |    0 |     1 |    0 |     0 |    0 |     0 |    0 |    50 |    0 |    50 |     0 |  5200 |    0 |  2050 |    0 |   120 |    0 |    60 |    0 |   160 |
| X1Y2              |    0 |    12 |    0 |     0 |    0 |     0 |    0 |     0 |    0 |     0 |    0 |     0 |    0 |     4 |    0 |     0 |    0 |     0 |    0 |     0 |     0 |  5100 |    0 |  1950 |    0 |   100 |    0 |    50 |    0 |   140 |
| X0Y3              |    0 |    12 |    0 |     4 |    0 |     2 |    0 |     4 |    0 |     1 |    0 |     1 |    0 |     0 |    0 |     0 |    0 |    50 |    0 |    50 |     0 |  5200 |    0 |  2050 |    0 |   120 |    0 |    60 |    0 |   160 |
| X1Y3              |    0 |    12 |    0 |     0 |    0 |     0 |    0 |     0 |    0 |     0 |    0 |     0 |    0 |     4 |    0 |     1 |    0 |     0 |    0 |     0 |     0 |  4950 |    0 |  1900 |    0 |    90 |    0 |    45 |    0 |   140 |
| X0Y4              |    0 |    12 |    0 |     4 |    0 |     2 |    0 |     4 |    0 |     1 |    0 |     1 |    0 |     0 |    0 |     0 |    0 |    50 |    0 |    50 |     0 |  5200 |    0 |  2050 |    0 |   120 |    0 |    60 |    0 |   160 |
| X1Y4              |    0 |    12 |    0 |     4 |    0 |     2 |    0 |     4 |    0 |     1 |    0 |     1 |    0 |     0 |    0 |     0 |    0 |    50 |    0 |    50 |     0 |  5500 |    0 |  2050 |    0 |   120 |    0 |    60 |    0 |   140 |
| X0Y5              |    0 |    12 |    0 |     0 |    0 |     0 |    0 |     0 |    0 |     0 |    0 |     0 |    0 |     0 |    0 |     0 |    0 |     0 |    0 |     0 |     0 |  3300 |    0 |  1450 |    0 |    80 |    0 |    40 |    0 |   120 |
| X1Y5              |    1 |    12 |    0 |     4 |    0 |     2 |    0 |     4 |    0 |     1 |    0 |     1 |    0 |     0 |    0 |     0 |    0 |    50 |    0 |    50 |   242 |  5500 |   87 |  2050 |    0 |   120 |    0 |    60 |    0 |   140 |
| X0Y6              |    0 |    12 |    0 |     0 |    0 |     0 |    0 |     0 |    0 |     0 |    0 |     0 |    0 |     0 |    0 |     0 |    0 |     0 |    0 |     0 |     0 |  3300 |    0 |  1450 |    0 |    80 |    0 |    40 |    0 |   120 |
| X1Y6              |    2 |    12 |    1 |     4 |    0 |     2 |    0 |     4 |    0 |     1 |    0 |     1 |    0 |     0 |    0 |     0 |    0 |    50 |    0 |    50 |   269 |  5500 |   99 |  2050 |    0 |   120 |    0 |    60 |    0 |   140 |
+-------------------+------+-------+------+-------+------+-------+------+-------+------+-------+------+-------+------+-------+------+-------+------+-------+------+-------+-------+-------+------+-------+------+-------+------+-------+------+-------+
* Global Clock column represents track count; while other columns represents cell counts


5. Clock Regions : Global Clock Summary
---------------------------------------

+----+----+----+
|    | X0 | X1 |
+----+----+----+
| Y6 |  0 |  2 |
| Y5 |  0 |  1 |
| Y4 |  0 |  0 |
| Y3 |  0 |  0 |
| Y2 |  1 |  0 |
| Y1 |  0 |  1 |
| Y0 |  0 |  6 |
+----+----+----+


6. Cell Type Counts per Global Clock: Region X1Y0
-------------------------------------------------

+-----------+-------+-----------------+-------------+-------------+-----------------+------+--------+------+-----+----+------+-----+---------+------------------------------------------------------------------+
| Global Id | Track | Driver Type/Pin | Constraint  | Clock Loads | Non-Clock Loads | FF   | LUTRAM | RAMB | DSP | GT | MMCM | PLL | Hard IP | Net                                                              |
+-----------+-------+-----------------+-------------+-------------+-----------------+------+--------+------+-----+----+------+-----+---------+------------------------------------------------------------------+
| g0        | n/a   | BUFG/O          | None        |        6073 |               0 | 6068 |      0 |    0 |   0 |  4 |    0 |   0 |       0 | u_ibert_core/inst/dclk                                           |
| g1        | n/a   | BUFH/O          | BUFHCE_X1Y0 |        1316 |               0 | 1312 |      0 |    0 |   0 |  4 |    0 |   0 |       0 | u_ibert_core/inst/QUAD[0].u_q/u_common/u_clocking/TXUSRCLK2_O[3] |
| g2        | n/a   | BUFH/O          | BUFHCE_X1Y1 |         728 |               0 |  695 |     32 |    0 |   0 |  1 |    0 |   0 |       0 | u_ibert_core/inst/QUAD[0].u_q/u_common/u_clocking/RXUSRCLK2_O[0] |
| g3        | n/a   | BUFH/O          | BUFHCE_X1Y2 |         728 |               0 |  695 |     32 |    0 |   0 |  1 |    0 |   0 |       0 | u_ibert_core/inst/QUAD[0].u_q/u_common/u_clocking/RXUSRCLK2_O[1] |
| g4        | n/a   | BUFH/O          | BUFHCE_X1Y3 |         728 |               0 |  695 |     32 |    0 |   0 |  1 |    0 |   0 |       0 | u_ibert_core/inst/QUAD[0].u_q/u_common/u_clocking/RXUSRCLK2_O[2] |
| g5        | n/a   | BUFH/O          | BUFHCE_X1Y4 |         728 |               0 |  695 |     32 |    0 |   0 |  1 |    0 |   0 |       0 | u_ibert_core/inst/QUAD[0].u_q/u_common/u_clocking/RXUSRCLK2_O[3] |
+-----------+-------+-----------------+-------------+-------------+-----------------+------+--------+------+-----+----+------+-----+---------+------------------------------------------------------------------+
* Clock Loads column represents the clock pin loads (pin count)
** Non-Clock Loads column represents the non-clock pin loads (pin count)
*** Columns FF, LUTRAM, RAMB through 'Hard IP' represents load cell counts


7. Cell Type Counts per Global Clock: Region X1Y1
-------------------------------------------------

+-----------+-------+-----------------+------------+-------------+-----------------+------+--------+------+-----+----+------+-----+---------+------------------------+
| Global Id | Track | Driver Type/Pin | Constraint | Clock Loads | Non-Clock Loads | FF   | LUTRAM | RAMB | DSP | GT | MMCM | PLL | Hard IP | Net                    |
+-----------+-------+-----------------+------------+-------------+-----------------+------+--------+------+-----+----+------+-----+---------+------------------------+
| g0        | n/a   | BUFG/O          | None       |        1115 |               0 | 1115 |      0 |    0 |   0 |  0 |    0 |   0 |       0 | u_ibert_core/inst/dclk |
+-----------+-------+-----------------+------------+-------------+-----------------+------+--------+------+-----+----+------+-----+---------+------------------------+
* Clock Loads column represents the clock pin loads (pin count)
** Non-Clock Loads column represents the non-clock pin loads (pin count)
*** Columns FF, LUTRAM, RAMB through 'Hard IP' represents load cell counts


8. Cell Type Counts per Global Clock: Region X0Y2
-------------------------------------------------

+-----------+-------+-----------------+------------+-------------+-----------------+----+--------+------+-----+----+------+-----+---------+-----------------------------------+
| Global Id | Track | Driver Type/Pin | Constraint | Clock Loads | Non-Clock Loads | FF | LUTRAM | RAMB | DSP | GT | MMCM | PLL | Hard IP | Net                               |
+-----------+-------+-----------------+------------+-------------+-----------------+----+--------+------+-----+----+------+-----+---------+-----------------------------------+
| g7        | n/a   | BUFG/O          | None       |           1 |               0 |  0 |      0 |    0 |   0 |  0 |    1 |   0 |       0 | u_ibert_core/inst/sysclk_int_temp |
+-----------+-------+-----------------+------------+-------------+-----------------+----+--------+------+-----+----+------+-----+---------+-----------------------------------+
* Clock Loads column represents the clock pin loads (pin count)
** Non-Clock Loads column represents the non-clock pin loads (pin count)
*** Columns FF, LUTRAM, RAMB through 'Hard IP' represents load cell counts


9. Cell Type Counts per Global Clock: Region X1Y5
-------------------------------------------------

+-----------+-------+-----------------+------------+-------------+-----------------+-----+--------+------+-----+----+------+-----+---------+------------------------+
| Global Id | Track | Driver Type/Pin | Constraint | Clock Loads | Non-Clock Loads | FF  | LUTRAM | RAMB | DSP | GT | MMCM | PLL | Hard IP | Net                    |
+-----------+-------+-----------------+------------+-------------+-----------------+-----+--------+------+-----+----+------+-----+---------+------------------------+
| g0        | n/a   | BUFG/O          | None       |         242 |               0 | 242 |      0 |    0 |   0 |  0 |    0 |   0 |       0 | u_ibert_core/inst/dclk |
+-----------+-------+-----------------+------------+-------------+-----------------+-----+--------+------+-----+----+------+-----+---------+------------------------+
* Clock Loads column represents the clock pin loads (pin count)
** Non-Clock Loads column represents the non-clock pin loads (pin count)
*** Columns FF, LUTRAM, RAMB through 'Hard IP' represents load cell counts


10. Cell Type Counts per Global Clock: Region X1Y6
--------------------------------------------------

+-----------+-------+-----------------+------------+-------------+-----------------+-----+--------+------+-----+----+------+-----+---------+----------------------------------+
| Global Id | Track | Driver Type/Pin | Constraint | Clock Loads | Non-Clock Loads | FF  | LUTRAM | RAMB | DSP | GT | MMCM | PLL | Hard IP | Net                              |
+-----------+-------+-----------------+------------+-------------+-----------------+-----+--------+------+-----+----+------+-----+---------+----------------------------------+
| g0        | n/a   | BUFG/O          | None       |          16 |               0 |  16 |      0 |    0 |   0 |  0 |    0 |   0 |       0 | u_ibert_core/inst/dclk           |
| g6        | n/a   | BUFR/O          | None       |         253 |               0 | 253 |      0 |    0 |   0 |  0 |    0 |   0 |       0 | u_ibert_core/inst/u_bufr/DRCK_IN |
+-----------+-------+-----------------+------------+-------------+-----------------+-----+--------+------+-----+----+------+-----+---------+----------------------------------+
* Clock Loads column represents the clock pin loads (pin count)
** Non-Clock Loads column represents the non-clock pin loads (pin count)
*** Columns FF, LUTRAM, RAMB through 'Hard IP' represents load cell counts


11. Load Cell Placement Summary for Global Clock g0
---------------------------------------------------

+-----------+-----------------+-------------------+-----------+-------------+---------------+----------+-------------+----------+----------------+----------+------------------------+
| Global Id | Driver Type/Pin | Driver Region (D) | Clock     | Period (ns) | Waveform (ns) | Root (R) | Slice Loads | IO Loads | Clocking Loads | GT Loads | Net                    |
+-----------+-----------------+-------------------+-----------+-------------+---------------+----------+-------------+----------+----------------+----------+------------------------+
| g0        | BUFG/O          | n/a               | dclk_mmcm |      10.000 | {0.000 5.000} |          |        7441 |        0 |              0 |        5 | u_ibert_core/inst/dclk |
+-----------+-----------------+-------------------+-----------+-------------+---------------+----------+-------------+----------+----------------+----------+------------------------+
* Slice Loads column represents load cell count of all cell types other than IO, GT and clock resources
** IO Loads column represents load cell count of IO types
*** Clocking Loads column represents load cell count that are clock resources (global clock buffer, MMCM, PLL, etc)
**** GT Loads column represents load cell count of GT types


+----+----+-------+
|    | X0 | X1    |
+----+----+-------+
| Y6 |  0 |    16 |
| Y5 |  0 |   242 |
| Y4 |  0 |     0 |
| Y3 |  0 |     0 |
| Y2 |  0 |     0 |
| Y1 |  0 |  1115 |
| Y0 |  0 |  6073 |
+----+----+-------+


12. Load Cell Placement Summary for Global Clock g1
---------------------------------------------------

+-----------+-----------------+-------------------+--------+-------------+---------------+----------+-------------+----------+----------------+----------+------------------------------------------------------------------+
| Global Id | Driver Type/Pin | Driver Region (D) | Clock  | Period (ns) | Waveform (ns) | Root (R) | Slice Loads | IO Loads | Clocking Loads | GT Loads | Net                                                              |
+-----------+-----------------+-------------------+--------+-------------+---------------+----------+-------------+----------+----------------+----------+------------------------------------------------------------------+
| g1        | BUFH/O          | X1Y0              | Q0_TX0 |       3.103 | {0.000 1.551} |          |        1312 |        0 |              0 |        4 | u_ibert_core/inst/QUAD[0].u_q/u_common/u_clocking/TXUSRCLK2_O[3] |
+-----------+-----------------+-------------------+--------+-------------+---------------+----------+-------------+----------+----------------+----------+------------------------------------------------------------------+
* Slice Loads column represents load cell count of all cell types other than IO, GT and clock resources
** IO Loads column represents load cell count of IO types
*** Clocking Loads column represents load cell count that are clock resources (global clock buffer, MMCM, PLL, etc)
**** GT Loads column represents load cell count of GT types


+----+----+-----------+
|    | X0 | X1        |
+----+----+-----------+
| Y6 |  0 |         0 |
| Y5 |  0 |         0 |
| Y4 |  0 |         0 |
| Y3 |  0 |         0 |
| Y2 |  0 |         0 |
| Y1 |  0 |         0 |
| Y0 |  0 |  (D) 1316 |
+----+----+-----------+


13. Load Cell Placement Summary for Global Clock g2
---------------------------------------------------

+-----------+-----------------+-------------------+-----------+-------------+---------------+----------+-------------+----------+----------------+----------+------------------------------------------------------------------+
| Global Id | Driver Type/Pin | Driver Region (D) | Clock     | Period (ns) | Waveform (ns) | Root (R) | Slice Loads | IO Loads | Clocking Loads | GT Loads | Net                                                              |
+-----------+-----------------+-------------------+-----------+-------------+---------------+----------+-------------+----------+----------------+----------+------------------------------------------------------------------+
| g2        | BUFH/O          | X1Y0              | Q0_RXCLK0 |       3.103 | {0.000 1.551} |          |         727 |        0 |              0 |        1 | u_ibert_core/inst/QUAD[0].u_q/u_common/u_clocking/RXUSRCLK2_O[0] |
+-----------+-----------------+-------------------+-----------+-------------+---------------+----------+-------------+----------+----------------+----------+------------------------------------------------------------------+
* Slice Loads column represents load cell count of all cell types other than IO, GT and clock resources
** IO Loads column represents load cell count of IO types
*** Clocking Loads column represents load cell count that are clock resources (global clock buffer, MMCM, PLL, etc)
**** GT Loads column represents load cell count of GT types


+----+----+----------+
|    | X0 | X1       |
+----+----+----------+
| Y6 |  0 |        0 |
| Y5 |  0 |        0 |
| Y4 |  0 |        0 |
| Y3 |  0 |        0 |
| Y2 |  0 |        0 |
| Y1 |  0 |        0 |
| Y0 |  0 |  (D) 728 |
+----+----+----------+


14. Load Cell Placement Summary for Global Clock g3
---------------------------------------------------

+-----------+-----------------+-------------------+-----------+-------------+---------------+----------+-------------+----------+----------------+----------+------------------------------------------------------------------+
| Global Id | Driver Type/Pin | Driver Region (D) | Clock     | Period (ns) | Waveform (ns) | Root (R) | Slice Loads | IO Loads | Clocking Loads | GT Loads | Net                                                              |
+-----------+-----------------+-------------------+-----------+-------------+---------------+----------+-------------+----------+----------------+----------+------------------------------------------------------------------+
| g3        | BUFH/O          | X1Y0              | Q0_RXCLK1 |       3.103 | {0.000 1.551} |          |         727 |        0 |              0 |        1 | u_ibert_core/inst/QUAD[0].u_q/u_common/u_clocking/RXUSRCLK2_O[1] |
+-----------+-----------------+-------------------+-----------+-------------+---------------+----------+-------------+----------+----------------+----------+------------------------------------------------------------------+
* Slice Loads column represents load cell count of all cell types other than IO, GT and clock resources
** IO Loads column represents load cell count of IO types
*** Clocking Loads column represents load cell count that are clock resources (global clock buffer, MMCM, PLL, etc)
**** GT Loads column represents load cell count of GT types


+----+----+----------+
|    | X0 | X1       |
+----+----+----------+
| Y6 |  0 |        0 |
| Y5 |  0 |        0 |
| Y4 |  0 |        0 |
| Y3 |  0 |        0 |
| Y2 |  0 |        0 |
| Y1 |  0 |        0 |
| Y0 |  0 |  (D) 728 |
+----+----+----------+


15. Load Cell Placement Summary for Global Clock g4
---------------------------------------------------

+-----------+-----------------+-------------------+-----------+-------------+---------------+----------+-------------+----------+----------------+----------+------------------------------------------------------------------+
| Global Id | Driver Type/Pin | Driver Region (D) | Clock     | Period (ns) | Waveform (ns) | Root (R) | Slice Loads | IO Loads | Clocking Loads | GT Loads | Net                                                              |
+-----------+-----------------+-------------------+-----------+-------------+---------------+----------+-------------+----------+----------------+----------+------------------------------------------------------------------+
| g4        | BUFH/O          | X1Y0              | Q0_RXCLK2 |       3.103 | {0.000 1.551} |          |         727 |        0 |              0 |        1 | u_ibert_core/inst/QUAD[0].u_q/u_common/u_clocking/RXUSRCLK2_O[2] |
+-----------+-----------------+-------------------+-----------+-------------+---------------+----------+-------------+----------+----------------+----------+------------------------------------------------------------------+
* Slice Loads column represents load cell count of all cell types other than IO, GT and clock resources
** IO Loads column represents load cell count of IO types
*** Clocking Loads column represents load cell count that are clock resources (global clock buffer, MMCM, PLL, etc)
**** GT Loads column represents load cell count of GT types


+----+----+----------+
|    | X0 | X1       |
+----+----+----------+
| Y6 |  0 |        0 |
| Y5 |  0 |        0 |
| Y4 |  0 |        0 |
| Y3 |  0 |        0 |
| Y2 |  0 |        0 |
| Y1 |  0 |        0 |
| Y0 |  0 |  (D) 728 |
+----+----+----------+


16. Load Cell Placement Summary for Global Clock g5
---------------------------------------------------

+-----------+-----------------+-------------------+-----------+-------------+---------------+----------+-------------+----------+----------------+----------+------------------------------------------------------------------+
| Global Id | Driver Type/Pin | Driver Region (D) | Clock     | Period (ns) | Waveform (ns) | Root (R) | Slice Loads | IO Loads | Clocking Loads | GT Loads | Net                                                              |
+-----------+-----------------+-------------------+-----------+-------------+---------------+----------+-------------+----------+----------------+----------+------------------------------------------------------------------+
| g5        | BUFH/O          | X1Y0              | Q0_RXCLK3 |       3.103 | {0.000 1.551} |          |         727 |        0 |              0 |        1 | u_ibert_core/inst/QUAD[0].u_q/u_common/u_clocking/RXUSRCLK2_O[3] |
+-----------+-----------------+-------------------+-----------+-------------+---------------+----------+-------------+----------+----------------+----------+------------------------------------------------------------------+
* Slice Loads column represents load cell count of all cell types other than IO, GT and clock resources
** IO Loads column represents load cell count of IO types
*** Clocking Loads column represents load cell count that are clock resources (global clock buffer, MMCM, PLL, etc)
**** GT Loads column represents load cell count of GT types


+----+----+----------+
|    | X0 | X1       |
+----+----+----------+
| Y6 |  0 |        0 |
| Y5 |  0 |        0 |
| Y4 |  0 |        0 |
| Y3 |  0 |        0 |
| Y2 |  0 |        0 |
| Y1 |  0 |        0 |
| Y0 |  0 |  (D) 728 |
+----+----+----------+


17. Load Cell Placement Summary for Global Clock g6
---------------------------------------------------

+-----------+-----------------+-------------------+-------+-------------+----------------+----------+-------------+----------+----------------+----------+----------------------------------+
| Global Id | Driver Type/Pin | Driver Region (D) | Clock | Period (ns) | Waveform (ns)  | Root (R) | Slice Loads | IO Loads | Clocking Loads | GT Loads | Net                              |
+-----------+-----------------+-------------------+-------+-------------+----------------+----------+-------------+----------+----------------+----------+----------------------------------+
| g6        | BUFR/O          | X1Y6              | J_CLK |      30.000 | {0.000 15.000} |          |         253 |        0 |              0 |        0 | u_ibert_core/inst/u_bufr/DRCK_IN |
+-----------+-----------------+-------------------+-------+-------------+----------------+----------+-------------+----------+----------------+----------+----------------------------------+
* Slice Loads column represents load cell count of all cell types other than IO, GT and clock resources
** IO Loads column represents load cell count of IO types
*** Clocking Loads column represents load cell count that are clock resources (global clock buffer, MMCM, PLL, etc)
**** GT Loads column represents load cell count of GT types


+----+----+----------+
|    | X0 | X1       |
+----+----+----------+
| Y6 |  0 |  (D) 253 |
| Y5 |  0 |        0 |
| Y4 |  0 |        0 |
| Y3 |  0 |        0 |
| Y2 |  0 |        0 |
| Y1 |  0 |        0 |
| Y0 |  0 |        0 |
+----+----+----------+


18. Load Cell Placement Summary for Global Clock g7
---------------------------------------------------

+-----------+-----------------+-------------------+-------+-------------+---------------+----------+-------------+----------+----------------+----------+-----------------------------------+
| Global Id | Driver Type/Pin | Driver Region (D) | Clock | Period (ns) | Waveform (ns) | Root (R) | Slice Loads | IO Loads | Clocking Loads | GT Loads | Net                               |
+-----------+-----------------+-------------------+-------+-------------+---------------+----------+-------------+----------+----------------+----------+-----------------------------------+
| g7        | BUFG/O          | n/a               | D_CLK |       5.000 | {0.000 2.500} |          |           0 |        0 |              1 |        0 | u_ibert_core/inst/sysclk_int_temp |
+-----------+-----------------+-------------------+-------+-------------+---------------+----------+-------------+----------+----------------+----------+-----------------------------------+
* Slice Loads column represents load cell count of all cell types other than IO, GT and clock resources
** IO Loads column represents load cell count of IO types
*** Clocking Loads column represents load cell count that are clock resources (global clock buffer, MMCM, PLL, etc)
**** GT Loads column represents load cell count of GT types


+----+----+----+
|    | X0 | X1 |
+----+----+----+
| Y6 |  0 |  0 |
| Y5 |  0 |  0 |
| Y4 |  0 |  0 |
| Y3 |  0 |  0 |
| Y2 |  1 |  0 |
| Y1 |  0 |  0 |
| Y0 |  0 |  0 |
+----+----+----+



# Location of BUFG Primitives 
set_property LOC BUFGCTRL_X0Y16 [get_cells u_ibert_core/inst/SYSCLK_DIVIDER.u_pre_bufg]
set_property LOC BUFGCTRL_X0Y0 [get_cells u_ibert_core/inst/SYSCLK_DIVIDER.u_bufg_dclk]

# Location of BUFH Primitives 
set_property LOC BUFHCE_X1Y0 [get_cells u_ibert_core/inst/QUAD[0].u_q/u_common/u_clocking/local_txusr.NON_K7.u_txusr]
set_property LOC BUFHCE_X1Y4 [get_cells u_ibert_core/inst/QUAD[0].u_q/u_common/u_clocking/rx_ind.NON_K7.u_rxusr3]
set_property LOC BUFHCE_X1Y3 [get_cells u_ibert_core/inst/QUAD[0].u_q/u_common/u_clocking/rx_ind.NON_K7.u_rxusr2]
set_property LOC BUFHCE_X1Y2 [get_cells u_ibert_core/inst/QUAD[0].u_q/u_common/u_clocking/rx_ind.NON_K7.u_rxusr1]
set_property LOC BUFHCE_X1Y1 [get_cells u_ibert_core/inst/QUAD[0].u_q/u_common/u_clocking/rx_ind.NON_K7.u_rxusr0]

# Location of BUFR Primitives 
set_property LOC BUFR_X1Y25 [get_cells u_ibert_core/inst/u_bufr/SERIES7_BUFR.BUFR_inst]

# Location of IO Primitives which is load of clock spine

# Location of clock ports
set_property LOC IOB_X1Y273 [get_ports SYSCLKN_I]
set_property LOC IOB_X1Y274 [get_ports SYSCLKP_I]

# Clock net "u_ibert_core/inst/u_bufr/DRCK_IN" driven by instance "u_ibert_core/inst/u_bufr/SERIES7_BUFR.BUFR_inst" located at site "BUFR_X1Y25"
#startgroup
create_pblock {CLKAG_u_ibert_core/inst/u_bufr/DRCK_IN}
add_cells_to_pblock [get_pblocks  {CLKAG_u_ibert_core/inst/u_bufr/DRCK_IN}] [get_cells -filter { PRIMITIVE_GROUP != I/O && IS_PRIMITIVE==1 && PRIMITIVE_LEVEL !=INTERNAL } -of_object [get_pins -filter {DIRECTION==IN} -of_objects [get_nets -hierarchical -filter {PARENT=="u_ibert_core/inst/u_bufr/DRCK_IN"}]]]
resize_pblock [get_pblocks {CLKAG_u_ibert_core/inst/u_bufr/DRCK_IN}] -add {CLOCKREGION_X1Y6:CLOCKREGION_X1Y6}
#endgroup

# Clock net "u_ibert_core/inst/dclk" driven by instance "u_ibert_core/inst/SYSCLK_DIVIDER.u_bufg_dclk" located at site "BUFGCTRL_X0Y0"
#startgroup
create_pblock {CLKAG_u_ibert_core/inst/dclk}
add_cells_to_pblock [get_pblocks  {CLKAG_u_ibert_core/inst/dclk}] [get_cells -filter { PRIMITIVE_GROUP != I/O && IS_PRIMITIVE==1 && PRIMITIVE_LEVEL !=INTERNAL } -of_object [get_pins -filter {DIRECTION==IN} -of_objects [get_nets -hierarchical -filter {PARENT=="u_ibert_core/inst/dclk"}]]]
resize_pblock [get_pblocks {CLKAG_u_ibert_core/inst/dclk}] -add {CLOCKREGION_X1Y0:CLOCKREGION_X1Y0 CLOCKREGION_X1Y1:CLOCKREGION_X1Y1 CLOCKREGION_X1Y5:CLOCKREGION_X1Y5 CLOCKREGION_X1Y6:CLOCKREGION_X1Y6}
#endgroup

# Clock net "u_ibert_core/inst/QUAD[0].u_q/u_common/u_clocking/TXUSRCLK2_O[3]" driven by instance "u_ibert_core/inst/QUAD[0].u_q/u_common/u_clocking/local_txusr.NON_K7.u_txusr" located at site "BUFHCE_X1Y0"
#startgroup
create_pblock {CLKAG_u_ibert_core/inst/QUAD[0].u_q/u_common/u_clocking/TXUSRCLK2_O[3]}
add_cells_to_pblock [get_pblocks  {CLKAG_u_ibert_core/inst/QUAD[0].u_q/u_common/u_clocking/TXUSRCLK2_O[3]}] [get_cells -filter { PRIMITIVE_GROUP != I/O && IS_PRIMITIVE==1 && PRIMITIVE_LEVEL !=INTERNAL } -of_object [get_pins -filter {DIRECTION==IN} -of_objects [get_nets -hierarchical -filter {PARENT=="u_ibert_core/inst/QUAD[0].u_q/u_common/u_clocking/TXUSRCLK2_O[3]"}]]]
resize_pblock [get_pblocks {CLKAG_u_ibert_core/inst/QUAD[0].u_q/u_common/u_clocking/TXUSRCLK2_O[3]}] -add {CLOCKREGION_X1Y0:CLOCKREGION_X1Y0}
#endgroup

# Clock net "u_ibert_core/inst/QUAD[0].u_q/u_common/u_clocking/RXUSRCLK2_O[3]" driven by instance "u_ibert_core/inst/QUAD[0].u_q/u_common/u_clocking/rx_ind.NON_K7.u_rxusr3" located at site "BUFHCE_X1Y4"
#startgroup
create_pblock {CLKAG_u_ibert_core/inst/QUAD[0].u_q/u_common/u_clocking/RXUSRCLK2_O[3]}
add_cells_to_pblock [get_pblocks  {CLKAG_u_ibert_core/inst/QUAD[0].u_q/u_common/u_clocking/RXUSRCLK2_O[3]}] [get_cells -filter { PRIMITIVE_GROUP != I/O && IS_PRIMITIVE==1 && PRIMITIVE_LEVEL !=INTERNAL } -of_object [get_pins -filter {DIRECTION==IN} -of_objects [get_nets -hierarchical -filter {PARENT=="u_ibert_core/inst/QUAD[0].u_q/u_common/u_clocking/RXUSRCLK2_O[3]"}]]]
resize_pblock [get_pblocks {CLKAG_u_ibert_core/inst/QUAD[0].u_q/u_common/u_clocking/RXUSRCLK2_O[3]}] -add {CLOCKREGION_X1Y0:CLOCKREGION_X1Y0}
#endgroup

# Clock net "u_ibert_core/inst/QUAD[0].u_q/u_common/u_clocking/RXUSRCLK2_O[2]" driven by instance "u_ibert_core/inst/QUAD[0].u_q/u_common/u_clocking/rx_ind.NON_K7.u_rxusr2" located at site "BUFHCE_X1Y3"
#startgroup
create_pblock {CLKAG_u_ibert_core/inst/QUAD[0].u_q/u_common/u_clocking/RXUSRCLK2_O[2]}
add_cells_to_pblock [get_pblocks  {CLKAG_u_ibert_core/inst/QUAD[0].u_q/u_common/u_clocking/RXUSRCLK2_O[2]}] [get_cells -filter { PRIMITIVE_GROUP != I/O && IS_PRIMITIVE==1 && PRIMITIVE_LEVEL !=INTERNAL } -of_object [get_pins -filter {DIRECTION==IN} -of_objects [get_nets -hierarchical -filter {PARENT=="u_ibert_core/inst/QUAD[0].u_q/u_common/u_clocking/RXUSRCLK2_O[2]"}]]]
resize_pblock [get_pblocks {CLKAG_u_ibert_core/inst/QUAD[0].u_q/u_common/u_clocking/RXUSRCLK2_O[2]}] -add {CLOCKREGION_X1Y0:CLOCKREGION_X1Y0}
#endgroup

# Clock net "u_ibert_core/inst/QUAD[0].u_q/u_common/u_clocking/RXUSRCLK2_O[1]" driven by instance "u_ibert_core/inst/QUAD[0].u_q/u_common/u_clocking/rx_ind.NON_K7.u_rxusr1" located at site "BUFHCE_X1Y2"
#startgroup
create_pblock {CLKAG_u_ibert_core/inst/QUAD[0].u_q/u_common/u_clocking/RXUSRCLK2_O[1]}
add_cells_to_pblock [get_pblocks  {CLKAG_u_ibert_core/inst/QUAD[0].u_q/u_common/u_clocking/RXUSRCLK2_O[1]}] [get_cells -filter { PRIMITIVE_GROUP != I/O && IS_PRIMITIVE==1 && PRIMITIVE_LEVEL !=INTERNAL } -of_object [get_pins -filter {DIRECTION==IN} -of_objects [get_nets -hierarchical -filter {PARENT=="u_ibert_core/inst/QUAD[0].u_q/u_common/u_clocking/RXUSRCLK2_O[1]"}]]]
resize_pblock [get_pblocks {CLKAG_u_ibert_core/inst/QUAD[0].u_q/u_common/u_clocking/RXUSRCLK2_O[1]}] -add {CLOCKREGION_X1Y0:CLOCKREGION_X1Y0}
#endgroup

# Clock net "u_ibert_core/inst/QUAD[0].u_q/u_common/u_clocking/RXUSRCLK2_O[0]" driven by instance "u_ibert_core/inst/QUAD[0].u_q/u_common/u_clocking/rx_ind.NON_K7.u_rxusr0" located at site "BUFHCE_X1Y1"
#startgroup
create_pblock {CLKAG_u_ibert_core/inst/QUAD[0].u_q/u_common/u_clocking/RXUSRCLK2_O[0]}
add_cells_to_pblock [get_pblocks  {CLKAG_u_ibert_core/inst/QUAD[0].u_q/u_common/u_clocking/RXUSRCLK2_O[0]}] [get_cells -filter { PRIMITIVE_GROUP != I/O && IS_PRIMITIVE==1 && PRIMITIVE_LEVEL !=INTERNAL } -of_object [get_pins -filter {DIRECTION==IN} -of_objects [get_nets -hierarchical -filter {PARENT=="u_ibert_core/inst/QUAD[0].u_q/u_common/u_clocking/RXUSRCLK2_O[0]"}]]]
resize_pblock [get_pblocks {CLKAG_u_ibert_core/inst/QUAD[0].u_q/u_common/u_clocking/RXUSRCLK2_O[0]}] -add {CLOCKREGION_X1Y0:CLOCKREGION_X1Y0}
#endgroup
