#-----------------------------------------------------------
# Vivado v2017.4 (64-bit)
# SW Build 2086221 on Fri Dec 15 20:55:39 MST 2017
# IP Build 2085800 on Fri Dec 15 22:25:07 MST 2017
# Start of session at: Sun Mar 29 21:44:40 2020
# Process ID: 1656
# Current directory: D:/BaiduNetdiskDownload/crz01/CRZ01_DVD_V1.0/CRZ01_DVD_V1.0/CRZ01_DVD_V1.0/FPGA_RefDesign/15_PCIE_DMA_x8/PCIe_x8_DMA_128w250MHz_2.2.2/PCIe_x8_DMA_128w250MHz_2.2.2/proj
# Command line: vivado.exe -gui_launcher_event rodinguilauncherevent7656 D:\BaiduNetdiskDownload\crz01\CRZ01_DVD_V1.0\CRZ01_DVD_V1.0\CRZ01_DVD_V1.0\FPGA_RefDesign\15_PCIE_DMA_x8\PCIe_x8_DMA_128w250MHz_2.2.2\PCIe_x8_DMA_128w250MHz_2.2.2\proj\PCIE_DMA.xpr
# Log file: D:/BaiduNetdiskDownload/crz01/CRZ01_DVD_V1.0/CRZ01_DVD_V1.0/CRZ01_DVD_V1.0/FPGA_RefDesign/15_PCIE_DMA_x8/PCIe_x8_DMA_128w250MHz_2.2.2/PCIe_x8_DMA_128w250MHz_2.2.2/proj/vivado.log
# Journal file: D:/BaiduNetdiskDownload/crz01/CRZ01_DVD_V1.0/CRZ01_DVD_V1.0/CRZ01_DVD_V1.0/FPGA_RefDesign/15_PCIE_DMA_x8/PCIe_x8_DMA_128w250MHz_2.2.2/PCIe_x8_DMA_128w250MHz_2.2.2/proj\vivado.jou
#-----------------------------------------------------------
start_gui
open_project D:/BaiduNetdiskDownload/crz01/CRZ01_DVD_V1.0/CRZ01_DVD_V1.0/CRZ01_DVD_V1.0/FPGA_RefDesign/15_PCIE_DMA_x8/PCIe_x8_DMA_128w250MHz_2.2.2/PCIe_x8_DMA_128w250MHz_2.2.2/proj/PCIE_DMA.xpr
INFO: [ProjectBase 1-489] The host OS only allows 260 characters in a normal path. The project is stored in a path with more than 80 characters. If you experience issues with IP, Block Designs, or files not being found, please consider moving the project to a location with a shorter path. Alternately consider using the OS subst command to map part of the path to a drive letter.
Current project path is 'D:/BaiduNetdiskDownload/crz01/CRZ01_DVD_V1.0/CRZ01_DVD_V1.0/CRZ01_DVD_V1.0/FPGA_RefDesign/15_PCIE_DMA_x8/PCIe_x8_DMA_128w250MHz_2.2.2/PCIe_x8_DMA_128w250MHz_2.2.2/proj'
Scanning sources...
Finished scanning sources
INFO: [IP_Flow 19-234] Refreshing IP repositories
INFO: [IP_Flow 19-1704] No user IP repositories specified
INFO: [IP_Flow 19-2313] Loaded Vivado IP repository 'D:/Xilinx/Vivado/2017.4/data/ip'.
WARNING: [IP_Flow 19-3664] IP 'PCIeGen2x8If128' generated file not found 'd:/BaiduNetdiskDownload/crz01/CRZ01_DVD_V1.0/CRZ01_DVD_V1.0/CRZ01_DVD_V1.0/FPGA_RefDesign/15_PCIE_DMA_x8/PCIe_x8_DMA_128w250MHz_2.2.2/PCIe_x8_DMA_128w250MHz_2.2.2/proj/PCIE_DMA.srcs/sources_1/ip/PCIeGen2x8If128/PCIeGen2x8If128.dcp'. Please regenerate to continue.
WARNING: [IP_Flow 19-3664] IP 'PCIeGen2x8If128' generated file not found 'd:/BaiduNetdiskDownload/crz01/CRZ01_DVD_V1.0/CRZ01_DVD_V1.0/CRZ01_DVD_V1.0/FPGA_RefDesign/15_PCIE_DMA_x8/PCIe_x8_DMA_128w250MHz_2.2.2/PCIe_x8_DMA_128w250MHz_2.2.2/proj/PCIE_DMA.srcs/sources_1/ip/PCIeGen2x8If128/PCIeGen2x8If128_stub.v'. Please regenerate to continue.
WARNING: [IP_Flow 19-3664] IP 'PCIeGen2x8If128' generated file not found 'd:/BaiduNetdiskDownload/crz01/CRZ01_DVD_V1.0/CRZ01_DVD_V1.0/CRZ01_DVD_V1.0/FPGA_RefDesign/15_PCIE_DMA_x8/PCIe_x8_DMA_128w250MHz_2.2.2/PCIe_x8_DMA_128w250MHz_2.2.2/proj/PCIE_DMA.srcs/sources_1/ip/PCIeGen2x8If128/PCIeGen2x8If128_stub.vhdl'. Please regenerate to continue.
WARNING: [IP_Flow 19-3664] IP 'PCIeGen2x8If128' generated file not found 'd:/BaiduNetdiskDownload/crz01/CRZ01_DVD_V1.0/CRZ01_DVD_V1.0/CRZ01_DVD_V1.0/FPGA_RefDesign/15_PCIE_DMA_x8/PCIe_x8_DMA_128w250MHz_2.2.2/PCIe_x8_DMA_128w250MHz_2.2.2/proj/PCIE_DMA.srcs/sources_1/ip/PCIeGen2x8If128/PCIeGen2x8If128_sim_netlist.v'. Please regenerate to continue.
WARNING: [IP_Flow 19-3664] IP 'PCIeGen2x8If128' generated file not found 'd:/BaiduNetdiskDownload/crz01/CRZ01_DVD_V1.0/CRZ01_DVD_V1.0/CRZ01_DVD_V1.0/FPGA_RefDesign/15_PCIE_DMA_x8/PCIe_x8_DMA_128w250MHz_2.2.2/PCIe_x8_DMA_128w250MHz_2.2.2/proj/PCIE_DMA.srcs/sources_1/ip/PCIeGen2x8If128/PCIeGen2x8If128_sim_netlist.vhdl'. Please regenerate to continue.
open_project: Time (s): cpu = 00:00:09 ; elapsed = 00:00:06 . Memory (MB): peak = 763.340 ; gain = 58.258
update_compile_order -fileset sources_1
exit
INFO: [Common 17-206] Exiting Vivado at Sun Mar 29 21:45:17 2020...
