19:26:23 **** Build of configuration Debug for project vHDMI ****
make all 
'Building file: ../src/cf_hdmi.c'
'Invoking: ARM v7 gcc compiler'
arm-none-eabi-gcc -Wall -O0 -g3 -I"D:\BaiduNetdiskDownload\crz01\SoC_HDMI\SoC_HDMI\PS_Embedded_Design.sdk\vHDMI\inc" -I"D:\BaiduNetdiskDownload\crz01\SoC_HDMI\SoC_HDMI\PS_Embedded_Design.sdk\vHDMI\src" -I../../standalone_bsp_0/ps7_cortexa9_1/include -c -fno-stack-protector -fmessage-length=0 -MT"src/cf_hdmi.o" -I../../standalone_bsp_0/ps7_cortexa9_1/include -MMD -MP -MF"src/cf_hdmi.d" -MT"src/cf_hdmi.o" -o "src/cf_hdmi.o" "../src/cf_hdmi.c"
'Finished building: ../src/cf_hdmi.c'
' '
'Building file: ../src/main.c'
'Invoking: ARM v7 gcc compiler'
arm-none-eabi-gcc -Wall -O0 -g3 -I"D:\BaiduNetdiskDownload\crz01\SoC_HDMI\SoC_HDMI\PS_Embedded_Design.sdk\vHDMI\inc" -I"D:\BaiduNetdiskDownload\crz01\SoC_HDMI\SoC_HDMI\PS_Embedded_Design.sdk\vHDMI\src" -I../../standalone_bsp_0/ps7_cortexa9_1/include -c -fno-stack-protector -fmessage-length=0 -MT"src/main.o" -I../../standalone_bsp_0/ps7_cortexa9_1/include -MMD -MP -MF"src/main.d" -MT"src/main.o" -o "src/main.o" "../src/main.c"
'Finished building: ../src/main.c'
' '
'Building file: ../src/transmitter.c'
'Invoking: ARM v7 gcc compiler'
arm-none-eabi-gcc -Wall -O0 -g3 -I"D:\BaiduNetdiskDownload\crz01\SoC_HDMI\SoC_HDMI\PS_Embedded_Design.sdk\vHDMI\inc" -I"D:\BaiduNetdiskDownload\crz01\SoC_HDMI\SoC_HDMI\PS_Embedded_Design.sdk\vHDMI\src" -I../../standalone_bsp_0/ps7_cortexa9_1/include -c -fno-stack-protector -fmessage-length=0 -MT"src/transmitter.o" -I../../standalone_bsp_0/ps7_cortexa9_1/include -MMD -MP -MF"src/transmitter.d" -MT"src/transmitter.o" -o "src/transmitter.o" "../src/transmitter.c"
'Finished building: ../src/transmitter.c'
' '
'Building target: vHDMI.elf'
'Invoking: ARM v7 gcc linker'
arm-none-eabi-gcc -L"D:\BaiduNetdiskDownload\crz01\SoC_HDMI\SoC_HDMI\PS_Embedded_Design.sdk\vHDMI\lib" -L../../standalone_bsp_0/ps7_cortexa9_1/lib -L../../standalone_bsp_0/ps7_cortexa9_1/lib -o "vHDMI.elf"  ./src/cf_hdmi.o ./src/main.o ./src/transmitter.o   -lHDMI_ZynqMini-ITXLib -Wl,--start-group,-lxil,-lgcc,-lc,--end-group
../../standalone_bsp_0/ps7_cortexa9_1/lib\libxil.a(xil_cache.o): In function `Xil_L1DCacheInvalidate':
xil_cache.c:(.text+0x328): undefined reference to `__undef_stack'
xil_cache.c:(.text+0x32c): undefined reference to `_stack_end'
xil_cache.c:(.text+0x330): undefined reference to `_stack_end'
xil_cache.c:(.text+0x334): undefined reference to `__undef_stack'
../../standalone_bsp_0/ps7_cortexa9_1/lib\libxil.a(xil_cache.o): In function `Xil_L2CacheInvalidate':
xil_cache.c:(.text+0x6b4): undefined reference to `__undef_stack'
xil_cache.c:(.text+0x6b8): undefined reference to `_stack_end'
xil_cache.c:(.text+0x6bc): undefined reference to `_stack_end'
xil_cache.c:(.text+0x6c0): undefined reference to `__undef_stack'
collect2.exe: error: ld returned 1 exit status
make: *** [vHDMI.elf] ´íÎó 1

19:26:32 Build Finished (took 9s.152ms)

