#-----------------------------------------------------------
# Vivado v2017.4 (64-bit)
# SW Build 2086221 on Fri Dec 15 20:55:39 MST 2017
# IP Build 2085800 on Fri Dec 15 22:25:07 MST 2017
# Start of session at: Thu Jan 23 17:30:15 2020
# Process ID: 5408
# Current directory: D:/BaiduNetdiskDownload/crz01/SoC_HDMI/SoC_HDMI
# Command line: vivado.exe -gui_launcher_event rodinguilauncherevent6908 D:\BaiduNetdiskDownload\crz01\SoC_HDMI\SoC_HDMI\PS_Embedded_Design.xpr
# Log file: D:/BaiduNetdiskDownload/crz01/SoC_HDMI/SoC_HDMI/vivado.log
# Journal file: D:/BaiduNetdiskDownload/crz01/SoC_HDMI/SoC_HDMI\vivado.jou
#-----------------------------------------------------------
start_gui
open_project D:/BaiduNetdiskDownload/crz01/SoC_HDMI/SoC_HDMI/PS_Embedded_Design.xpr
Scanning sources...
Finished scanning sources
INFO: [IP_Flow 19-234] Refreshing IP repositories
INFO: [IP_Flow 19-1700] Loaded user IP repository 'd:/BaiduNetdiskDownload/crz01/SoC_HDMI/SoC_HDMI/ip_repo'.
INFO: [IP_Flow 19-2313] Loaded Vivado IP repository 'D:/Xilinx/Vivado/2017.4/data/ip'.
open_project: Time (s): cpu = 00:00:12 ; elapsed = 00:00:17 . Memory (MB): peak = 772.148 ; gain = 74.059
update_compile_order -fileset sources_1
reset_run impl_1
launch_runs impl_1 -jobs 4
[Thu Jan 23 17:31:22 2020] Launched impl_1...
Run output will be captured here: D:/BaiduNetdiskDownload/crz01/SoC_HDMI/SoC_HDMI/PS_Embedded_Design.runs/impl_1/runme.log
open_run impl_1
INFO: [Netlist 29-17] Analyzing 257 Unisim elements for replacement
INFO: [Netlist 29-28] Unisim Transformation completed in 0 CPU seconds
INFO: [Project 1-479] Netlist was created with Vivado 2017.4
INFO: [Device 21-403] Loading part xc7z100ffg900-2
INFO: [Project 1-570] Preparing netlist for logic optimization
Parsing XDC File [D:/BaiduNetdiskDownload/crz01/SoC_HDMI/SoC_HDMI/.Xil/Vivado-5408-HIH-D-6446/dcp2/embedded_design_board.xdc]
Finished Parsing XDC File [D:/BaiduNetdiskDownload/crz01/SoC_HDMI/SoC_HDMI/.Xil/Vivado-5408-HIH-D-6446/dcp2/embedded_design_board.xdc]
Parsing XDC File [D:/BaiduNetdiskDownload/crz01/SoC_HDMI/SoC_HDMI/.Xil/Vivado-5408-HIH-D-6446/dcp2/embedded_design_early.xdc]
INFO: [Timing 38-35] Done setting XDC timing constraints. [D:/BaiduNetdiskDownload/crz01/SoC_HDMI/SoC_HDMI/PS_Embedded_Design.srcs/sources_1/bd/ps_subsys/ip/ps_subsys_axi_hdmi_tx_0_0/axi_hdmi_tx_constr.xdc:2]
INFO: [Timing 38-2] Deriving generated clocks [D:/BaiduNetdiskDownload/crz01/SoC_HDMI/SoC_HDMI/PS_Embedded_Design.srcs/sources_1/bd/ps_subsys/ip/ps_subsys_axi_hdmi_tx_0_0/axi_hdmi_tx_constr.xdc:2]
get_clocks: Time (s): cpu = 00:00:14 ; elapsed = 00:00:14 . Memory (MB): peak = 1796.383 ; gain = 563.824
INFO: [Timing 38-2] Deriving generated clocks [D:/BaiduNetdiskDownload/crz01/SoC_HDMI/SoC_HDMI/PS_Embedded_Design.srcs/sources_1/bd/ps_subsys/ip/ps_subsys_clk_wiz_0_0/ps_subsys_clk_wiz_0_0.xdc:57]
Finished Parsing XDC File [D:/BaiduNetdiskDownload/crz01/SoC_HDMI/SoC_HDMI/.Xil/Vivado-5408-HIH-D-6446/dcp2/embedded_design_early.xdc]
Parsing XDC File [D:/BaiduNetdiskDownload/crz01/SoC_HDMI/SoC_HDMI/.Xil/Vivado-5408-HIH-D-6446/dcp2/embedded_design.xdc]
Finished Parsing XDC File [D:/BaiduNetdiskDownload/crz01/SoC_HDMI/SoC_HDMI/.Xil/Vivado-5408-HIH-D-6446/dcp2/embedded_design.xdc]
Parsing XDC File [D:/BaiduNetdiskDownload/crz01/SoC_HDMI/SoC_HDMI/.Xil/Vivado-5408-HIH-D-6446/dcp2/embedded_design_late.xdc]
Finished Parsing XDC File [D:/BaiduNetdiskDownload/crz01/SoC_HDMI/SoC_HDMI/.Xil/Vivado-5408-HIH-D-6446/dcp2/embedded_design_late.xdc]
Reading XDEF placement.
Reading placer database...
Reading XDEF routing.
Read XDEF File: Time (s): cpu = 00:00:01 ; elapsed = 00:00:00.985 . Memory (MB): peak = 1796.383 ; gain = 0.000
Restored from archive | CPU: 1.000000 secs | Memory: 0.000000 MB |
Finished XDEF File Restore: Time (s): cpu = 00:00:01 ; elapsed = 00:00:00.986 . Memory (MB): peak = 1796.383 ; gain = 0.000
INFO: [Project 1-111] Unisim Transformation Summary:
  A total of 9 instances were transformed.
  IOBUF => IOBUF (IBUF, OBUFT): 2 instances
  RAM32M => RAM32M (RAMD32, RAMD32, RAMD32, RAMD32, RAMD32, RAMD32, RAMS32, RAMS32): 6 instances
  RAM32X1D => RAM32X1D (RAMD32, RAMD32): 1 instances

open_run: Time (s): cpu = 00:00:36 ; elapsed = 00:00:31 . Memory (MB): peak = 1948.570 ; gain = 1126.926
launch_runs impl_1 -to_step write_bitstream -jobs 4
[Thu Jan 23 20:03:37 2020] Launched impl_1...
Run output will be captured here: D:/BaiduNetdiskDownload/crz01/SoC_HDMI/SoC_HDMI/PS_Embedded_Design.runs/impl_1/runme.log
