
*** Running vivado
    with args -log LED_Switch.vdi -applog -m64 -product Vivado -messageDb vivado.pb -mode batch -source LED_Switch.tcl -notrace


****** Vivado v2016.4 (64-bit)
  **** SW Build 1756540 on Mon Jan 23 19:11:23 MST 2017
  **** IP Build 1755317 on Mon Jan 23 20:30:07 MST 2017
    ** Copyright 1986-2016 Xilinx, Inc. All Rights Reserved.

source LED_Switch.tcl -notrace
Design is defaulting to srcset: sources_1
Design is defaulting to constrset: constrs_1
INFO: [Netlist 29-17] Analyzing 14 Unisim elements for replacement
INFO: [Netlist 29-28] Unisim Transformation completed in 0 CPU seconds
INFO: [Project 1-479] Netlist was created with Vivado 2016.4
INFO: [Device 21-403] Loading part xc7z100ffg900-2
INFO: [Project 1-570] Preparing netlist for logic optimization
Parsing XDC File [E:/workspace/KXZ7C01/LED_Switch/src/LED_Switch.xdc]
Finished Parsing XDC File [E:/workspace/KXZ7C01/LED_Switch/src/LED_Switch.xdc]
INFO: [Opt 31-138] Pushed 0 inverter(s) to 0 load pin(s).
INFO: [Project 1-111] Unisim Transformation Summary:
No Unisim elements were transformed.

link_design: Time (s): cpu = 00:00:05 ; elapsed = 00:00:06 . Memory (MB): peak = 606.551 ; gain = 359.586
INFO: [Vivado_Tcl 4-424] Cannot write hardware definition file as there are no IPI block design hardware handoff files present
Command: opt_design
Attempting to get a license for feature 'Implementation' and/or device 'xc7z100'
INFO: [Common 17-349] Got license for feature 'Implementation' and/or device 'xc7z100'
Running DRC as a precondition to command opt_design

Starting DRC Task
INFO: [DRC 23-27] Running DRC with 2 threads
INFO: [Project 1-461] DRC finished with 0 Errors
INFO: [Project 1-462] Please refer to the DRC report (report_drc) for more information.

Time (s): cpu = 00:00:01 ; elapsed = 00:00:00.318 . Memory (MB): peak = 629.703 ; gain = 1.160
INFO: [Timing 38-35] Done setting XDC timing constraints.

Starting Logic Optimization Task
Implement Debug Cores | Checksum: 2284b50e8

Phase 1 Retarget
INFO: [Opt 31-138] Pushed 0 inverter(s) to 0 load pin(s).
INFO: [Opt 31-49] Retargeted 0 cell(s).
Phase 1 Retarget | Checksum: 1e0df2a4a

Time (s): cpu = 00:00:00 ; elapsed = 00:00:00.011 . Memory (MB): peak = 1126.684 ; gain = 0.000

Phase 2 Constant propagation
INFO: [Opt 31-138] Pushed 0 inverter(s) to 0 load pin(s).
INFO: [Opt 31-10] Eliminated 0 cells.
Phase 2 Constant propagation | Checksum: 1e0df2a4a

Time (s): cpu = 00:00:00 ; elapsed = 00:00:00.013 . Memory (MB): peak = 1126.684 ; gain = 0.000

Phase 3 Sweep
INFO: [Opt 31-12] Eliminated 20 unconnected nets.
INFO: [Opt 31-11] Eliminated 0 unconnected cells.
Phase 3 Sweep | Checksum: 1769e1874

Time (s): cpu = 00:00:00 ; elapsed = 00:00:00.018 . Memory (MB): peak = 1126.684 ; gain = 0.000

Phase 4 BUFG optimization
INFO: [Opt 31-12] Eliminated 0 unconnected nets.
INFO: [Opt 31-11] Eliminated 0 unconnected cells.
Phase 4 BUFG optimization | Checksum: 1769e1874

Time (s): cpu = 00:00:00 ; elapsed = 00:00:00.023 . Memory (MB): peak = 1126.684 ; gain = 0.000

Starting Connectivity Check Task

Time (s): cpu = 00:00:00 ; elapsed = 00:00:00 . Memory (MB): peak = 1126.684 ; gain = 0.000
Ending Logic Optimization Task | Checksum: 1769e1874

Time (s): cpu = 00:00:00 ; elapsed = 00:00:00.024 . Memory (MB): peak = 1126.684 ; gain = 0.000

Starting Power Optimization Task
INFO: [Pwropt 34-132] Skipping clock gating for clocks with a period < 2.00 ns.
Ending Power Optimization Task | Checksum: 1769e1874

Time (s): cpu = 00:00:00 ; elapsed = 00:00:00.004 . Memory (MB): peak = 1126.684 ; gain = 0.000
INFO: [Common 17-83] Releasing license: Implementation
23 Infos, 0 Warnings, 0 Critical Warnings and 0 Errors encountered.
opt_design completed successfully
opt_design: Time (s): cpu = 00:00:10 ; elapsed = 00:00:10 . Memory (MB): peak = 1126.684 ; gain = 520.133
Writing placer database...
Writing XDEF routing.
Writing XDEF routing logical nets.
Writing XDEF routing special nets.
Write XDEF Complete: Time (s): cpu = 00:00:00 ; elapsed = 00:00:00.032 . Memory (MB): peak = 1126.684 ; gain = 0.000
INFO: [Common 17-1381] The checkpoint 'E:/workspace/KXZ7C01/LED_Switch/vivado/LED_Switch.runs/impl_1/LED_Switch_opt.dcp' has been generated.
INFO: [DRC 23-27] Running DRC with 2 threads
INFO: [Coretcl 2-168] The results of DRC are in file E:/workspace/KXZ7C01/LED_Switch/vivado/LED_Switch.runs/impl_1/LED_Switch_drc_opted.rpt.
INFO: [Chipscope 16-241] No debug cores found in the current design.
Before running the implement_debug_core command, either use the Set Up Debug wizard (GUI mode)
or use the create_debug_core and connect_debug_core Tcl commands to insert debug cores into the design.
Command: place_design
Attempting to get a license for feature 'Implementation' and/or device 'xc7z100'
INFO: [Common 17-349] Got license for feature 'Implementation' and/or device 'xc7z100'
INFO: [DRC 23-27] Running DRC with 2 threads
INFO: [Vivado_Tcl 4-198] DRC finished with 0 Errors
INFO: [Vivado_Tcl 4-199] Please refer to the DRC report (report_drc) for more information.
Running DRC as a precondition to command place_design
INFO: [DRC 23-27] Running DRC with 2 threads
INFO: [Vivado_Tcl 4-198] DRC finished with 0 Errors
INFO: [Vivado_Tcl 4-199] Please refer to the DRC report (report_drc) for more information.

Starting Placer Task
INFO: [Place 30-611] Multithreading enabled for place_design using a maximum of 2 CPUs

Phase 1 Placer Initialization
Netlist sorting complete. Time (s): cpu = 00:00:00 ; elapsed = 00:00:00 . Memory (MB): peak = 1126.684 ; gain = 0.000
Netlist sorting complete. Time (s): cpu = 00:00:00 ; elapsed = 00:00:00 . Memory (MB): peak = 1126.684 ; gain = 0.000

Phase 1.1 IO Placement/ Clock Placement/ Build Placer Device
INFO: [Timing 38-35] Done setting XDC timing constraints.
Phase 1.1 IO Placement/ Clock Placement/ Build Placer Device | Checksum: 1220ef01d

Time (s): cpu = 00:00:03 ; elapsed = 00:00:01 . Memory (MB): peak = 1162.770 ; gain = 36.086

Phase 1.2 Build Placer Netlist Model
Phase 1.2 Build Placer Netlist Model | Checksum: 1e0faeccd

Time (s): cpu = 00:00:03 ; elapsed = 00:00:02 . Memory (MB): peak = 1162.770 ; gain = 36.086

Phase 1.3 Constrain Clocks/Macros
Phase 1.3 Constrain Clocks/Macros | Checksum: 1e0faeccd

Time (s): cpu = 00:00:03 ; elapsed = 00:00:02 . Memory (MB): peak = 1162.770 ; gain = 36.086
Phase 1 Placer Initialization | Checksum: 1e0faeccd

Time (s): cpu = 00:00:03 ; elapsed = 00:00:02 . Memory (MB): peak = 1162.770 ; gain = 36.086

Phase 2 Global Placement
Phase 2 Global Placement | Checksum: 181f432e5

Time (s): cpu = 00:00:04 ; elapsed = 00:00:02 . Memory (MB): peak = 1162.770 ; gain = 36.086

Phase 3 Detail Placement

Phase 3.1 Commit Multi Column Macros
Phase 3.1 Commit Multi Column Macros | Checksum: 181f432e5

Time (s): cpu = 00:00:04 ; elapsed = 00:00:02 . Memory (MB): peak = 1162.770 ; gain = 36.086

Phase 3.2 Commit Most Macros & LUTRAMs
Phase 3.2 Commit Most Macros & LUTRAMs | Checksum: faff0a53

Time (s): cpu = 00:00:04 ; elapsed = 00:00:02 . Memory (MB): peak = 1162.770 ; gain = 36.086

Phase 3.3 Area Swap Optimization
Phase 3.3 Area Swap Optimization | Checksum: 13fc86786

Time (s): cpu = 00:00:04 ; elapsed = 00:00:02 . Memory (MB): peak = 1162.770 ; gain = 36.086

Phase 3.4 Pipeline Register Optimization
Phase 3.4 Pipeline Register Optimization | Checksum: 13fc86786

Time (s): cpu = 00:00:04 ; elapsed = 00:00:02 . Memory (MB): peak = 1162.770 ; gain = 36.086

Phase 3.5 Timing Path Optimizer
Phase 3.5 Timing Path Optimizer | Checksum: bb45bf67

Time (s): cpu = 00:00:04 ; elapsed = 00:00:02 . Memory (MB): peak = 1162.770 ; gain = 36.086

Phase 3.6 Small Shape Detail Placement
Phase 3.6 Small Shape Detail Placement | Checksum: 1146d3831

Time (s): cpu = 00:00:04 ; elapsed = 00:00:03 . Memory (MB): peak = 1162.770 ; gain = 36.086

Phase 3.7 Re-assign LUT pins
Phase 3.7 Re-assign LUT pins | Checksum: 1146d3831

Time (s): cpu = 00:00:04 ; elapsed = 00:00:03 . Memory (MB): peak = 1162.770 ; gain = 36.086

Phase 3.8 Pipeline Register Optimization
Phase 3.8 Pipeline Register Optimization | Checksum: 1146d3831

Time (s): cpu = 00:00:04 ; elapsed = 00:00:03 . Memory (MB): peak = 1162.770 ; gain = 36.086
Phase 3 Detail Placement | Checksum: 1146d3831

Time (s): cpu = 00:00:05 ; elapsed = 00:00:03 . Memory (MB): peak = 1162.770 ; gain = 36.086

Phase 4 Post Placement Optimization and Clean-Up

Phase 4.1 Post Commit Optimization
INFO: [Timing 38-35] Done setting XDC timing constraints.

Phase 4.1.1 Post Placement Optimization
INFO: [Place 30-746] Post Placement Timing Summary WNS=3.616. For the most accurate timing information please run report_timing.
Phase 4.1.1 Post Placement Optimization | Checksum: 186bba202

Time (s): cpu = 00:00:05 ; elapsed = 00:00:03 . Memory (MB): peak = 1188.930 ; gain = 62.246
Phase 4.1 Post Commit Optimization | Checksum: 186bba202

Time (s): cpu = 00:00:05 ; elapsed = 00:00:03 . Memory (MB): peak = 1188.930 ; gain = 62.246

Phase 4.2 Post Placement Cleanup
Phase 4.2 Post Placement Cleanup | Checksum: 186bba202

Time (s): cpu = 00:00:05 ; elapsed = 00:00:03 . Memory (MB): peak = 1188.930 ; gain = 62.246

Phase 4.3 Placer Reporting
Phase 4.3 Placer Reporting | Checksum: 186bba202

Time (s): cpu = 00:00:05 ; elapsed = 00:00:03 . Memory (MB): peak = 1188.930 ; gain = 62.246

Phase 4.4 Final Placement Cleanup
Phase 4.4 Final Placement Cleanup | Checksum: 16e3b8808

Time (s): cpu = 00:00:05 ; elapsed = 00:00:03 . Memory (MB): peak = 1188.930 ; gain = 62.246
Phase 4 Post Placement Optimization and Clean-Up | Checksum: 16e3b8808

Time (s): cpu = 00:00:05 ; elapsed = 00:00:03 . Memory (MB): peak = 1188.930 ; gain = 62.246
Ending Placer Task | Checksum: f35adf52

Time (s): cpu = 00:00:05 ; elapsed = 00:00:03 . Memory (MB): peak = 1188.930 ; gain = 62.246
INFO: [Common 17-83] Releasing license: Implementation
39 Infos, 0 Warnings, 0 Critical Warnings and 0 Errors encountered.
place_design completed successfully
Writing placer database...
Writing XDEF routing.
Writing XDEF routing logical nets.
Writing XDEF routing special nets.
Write XDEF Complete: Time (s): cpu = 00:00:00 ; elapsed = 00:00:00.040 . Memory (MB): peak = 1188.930 ; gain = 0.000
INFO: [Common 17-1381] The checkpoint 'E:/workspace/KXZ7C01/LED_Switch/vivado/LED_Switch.runs/impl_1/LED_Switch_placed.dcp' has been generated.
report_io: Time (s): cpu = 00:00:00 ; elapsed = 00:00:00.084 . Memory (MB): peak = 1188.930 ; gain = 0.000
report_utilization: Time (s): cpu = 00:00:00 ; elapsed = 00:00:00.044 . Memory (MB): peak = 1188.930 ; gain = 0.000
report_control_sets: Time (s): cpu = 00:00:00 ; elapsed = 00:00:00.001 . Memory (MB): peak = 1188.930 ; gain = 0.000
Command: route_design
Attempting to get a license for feature 'Implementation' and/or device 'xc7z100'
INFO: [Common 17-349] Got license for feature 'Implementation' and/or device 'xc7z100'
Running DRC as a precondition to command route_design
INFO: [DRC 23-27] Running DRC with 2 threads
INFO: [Vivado_Tcl 4-198] DRC finished with 0 Errors
INFO: [Vivado_Tcl 4-199] Please refer to the DRC report (report_drc) for more information.


Starting Routing Task
INFO: [Route 35-254] Multithreading enabled for route_design using a maximum of 2 CPUs
Checksum: PlaceDB: cf5ff79b ConstDB: 0 ShapeSum: 23fae7b7 RouteDB: 0

Phase 1 Build RT Design
Phase 1 Build RT Design | Checksum: 190309e10

Time (s): cpu = 00:01:33 ; elapsed = 00:01:22 . Memory (MB): peak = 1510.816 ; gain = 321.887

Phase 2 Router Initialization

Phase 2.1 Create Timer
Phase 2.1 Create Timer | Checksum: 190309e10

Time (s): cpu = 00:01:33 ; elapsed = 00:01:22 . Memory (MB): peak = 1510.816 ; gain = 321.887

Phase 2.2 Fix Topology Constraints
Phase 2.2 Fix Topology Constraints | Checksum: 190309e10

Time (s): cpu = 00:01:33 ; elapsed = 00:01:22 . Memory (MB): peak = 1510.816 ; gain = 321.887

Phase 2.3 Pre Route Cleanup
Phase 2.3 Pre Route Cleanup | Checksum: 190309e10

Time (s): cpu = 00:01:33 ; elapsed = 00:01:22 . Memory (MB): peak = 1510.816 ; gain = 321.887
 Number of Nodes with overlaps = 0

Phase 2.4 Update Timing
Phase 2.4 Update Timing | Checksum: 23abfe2b2

Time (s): cpu = 00:01:34 ; elapsed = 00:01:22 . Memory (MB): peak = 1560.105 ; gain = 371.176
INFO: [Route 35-416] Intermediate Timing Summary | WNS=3.474  | TNS=0.000  | WHS=-0.078 | THS=-1.767 |

Phase 2 Router Initialization | Checksum: 23aec1ac6

Time (s): cpu = 00:01:34 ; elapsed = 00:01:22 . Memory (MB): peak = 1560.105 ; gain = 371.176

Phase 3 Initial Routing
Phase 3 Initial Routing | Checksum: f5f48432

Time (s): cpu = 00:01:35 ; elapsed = 00:01:23 . Memory (MB): peak = 1560.105 ; gain = 371.176

Phase 4 Rip-up And Reroute

Phase 4.1 Global Iteration 0
 Number of Nodes with overlaps = 0

Phase 4.1.1 Update Timing
Phase 4.1.1 Update Timing | Checksum: 174dc0672

Time (s): cpu = 00:01:35 ; elapsed = 00:01:23 . Memory (MB): peak = 1560.105 ; gain = 371.176
INFO: [Route 35-416] Intermediate Timing Summary | WNS=3.304  | TNS=0.000  | WHS=N/A    | THS=N/A    |

Phase 4.1 Global Iteration 0 | Checksum: 1a1dae78e

Time (s): cpu = 00:01:35 ; elapsed = 00:01:23 . Memory (MB): peak = 1560.105 ; gain = 371.176
Phase 4 Rip-up And Reroute | Checksum: 1a1dae78e

Time (s): cpu = 00:01:35 ; elapsed = 00:01:23 . Memory (MB): peak = 1560.105 ; gain = 371.176

Phase 5 Delay and Skew Optimization

Phase 5.1 Delay CleanUp
Phase 5.1 Delay CleanUp | Checksum: 1a1dae78e

Time (s): cpu = 00:01:35 ; elapsed = 00:01:23 . Memory (MB): peak = 1560.105 ; gain = 371.176

Phase 5.2 Clock Skew Optimization
Phase 5.2 Clock Skew Optimization | Checksum: 1a1dae78e

Time (s): cpu = 00:01:35 ; elapsed = 00:01:23 . Memory (MB): peak = 1560.105 ; gain = 371.176
Phase 5 Delay and Skew Optimization | Checksum: 1a1dae78e

Time (s): cpu = 00:01:35 ; elapsed = 00:01:23 . Memory (MB): peak = 1560.105 ; gain = 371.176

Phase 6 Post Hold Fix

Phase 6.1 Hold Fix Iter

Phase 6.1.1 Update Timing
Phase 6.1.1 Update Timing | Checksum: 1a61bdb08

Time (s): cpu = 00:01:35 ; elapsed = 00:01:23 . Memory (MB): peak = 1560.105 ; gain = 371.176
INFO: [Route 35-416] Intermediate Timing Summary | WNS=3.348  | TNS=0.000  | WHS=0.184  | THS=0.000  |

Phase 6.1 Hold Fix Iter | Checksum: 18eab6c86

Time (s): cpu = 00:01:35 ; elapsed = 00:01:23 . Memory (MB): peak = 1560.105 ; gain = 371.176
Phase 6 Post Hold Fix | Checksum: 18eab6c86

Time (s): cpu = 00:01:35 ; elapsed = 00:01:23 . Memory (MB): peak = 1560.105 ; gain = 371.176

Phase 7 Route finalize

Router Utilization Summary
  Global Vertical Routing Utilization    = 0.00344667 %
  Global Horizontal Routing Utilization  = 0.000810688 %
  Routable Net Status*
  *Does not include unroutable nets such as driverless and loadless.
  Run report_route_status for detailed report.
  Number of Failed Nets               = 0
  Number of Unrouted Nets             = 0
  Number of Partially Routed Nets     = 0
  Number of Node Overlaps             = 0

Phase 7 Route finalize | Checksum: df8f0502

Time (s): cpu = 00:01:35 ; elapsed = 00:01:23 . Memory (MB): peak = 1560.105 ; gain = 371.176

Phase 8 Verifying routed nets

 Verification completed successfully
Phase 8 Verifying routed nets | Checksum: df8f0502

Time (s): cpu = 00:01:35 ; elapsed = 00:01:23 . Memory (MB): peak = 1560.105 ; gain = 371.176

Phase 9 Depositing Routes
Phase 9 Depositing Routes | Checksum: 11e494174

Time (s): cpu = 00:01:35 ; elapsed = 00:01:23 . Memory (MB): peak = 1560.105 ; gain = 371.176

Phase 10 Post Router Timing
INFO: [Route 35-57] Estimated Timing Summary | WNS=3.348  | TNS=0.000  | WHS=0.184  | THS=0.000  |

INFO: [Route 35-327] The final timing numbers are based on the router estimated timing analysis. For a complete and accurate timing signoff, please run report_timing_summary.
Phase 10 Post Router Timing | Checksum: 11e494174

Time (s): cpu = 00:01:35 ; elapsed = 00:01:23 . Memory (MB): peak = 1560.105 ; gain = 371.176
INFO: [Route 35-16] Router Completed Successfully

Time (s): cpu = 00:01:35 ; elapsed = 00:01:23 . Memory (MB): peak = 1560.105 ; gain = 371.176

Routing Is Done.
INFO: [Common 17-83] Releasing license: Implementation
52 Infos, 0 Warnings, 0 Critical Warnings and 0 Errors encountered.
route_design completed successfully
route_design: Time (s): cpu = 00:01:36 ; elapsed = 00:01:24 . Memory (MB): peak = 1560.105 ; gain = 371.176
Writing placer database...
Writing XDEF routing.
Writing XDEF routing logical nets.
Writing XDEF routing special nets.
Write XDEF Complete: Time (s): cpu = 00:00:00 ; elapsed = 00:00:00.034 . Memory (MB): peak = 1560.105 ; gain = 0.000
INFO: [Common 17-1381] The checkpoint 'E:/workspace/KXZ7C01/LED_Switch/vivado/LED_Switch.runs/impl_1/LED_Switch_routed.dcp' has been generated.
INFO: [DRC 23-27] Running DRC with 2 threads
INFO: [Coretcl 2-168] The results of DRC are in file E:/workspace/KXZ7C01/LED_Switch/vivado/LED_Switch.runs/impl_1/LED_Switch_drc_routed.rpt.
INFO: [Timing 38-35] Done setting XDC timing constraints.
INFO: [DRC 23-133] Running Methodology with 2 threads
INFO: [Coretcl 2-1520] The results of Report Methodology are in file E:/workspace/KXZ7C01/LED_Switch/vivado/LED_Switch.runs/impl_1/LED_Switch_methodology_drc_routed.rpt.
INFO: [Timing 38-35] Done setting XDC timing constraints.
INFO: [Timing 38-91] UpdateTimingParams: Speed grade: -2, Delay Type: min_max.
INFO: [Timing 38-191] Multithreading enabled for timing update using a maximum of 2 CPUs
INFO: [Timing 38-35] Done setting XDC timing constraints.
Command: report_power -file LED_Switch_power_routed.rpt -pb LED_Switch_power_summary_routed.pb -rpx LED_Switch_power_routed.rpx
Running Vector-less Activity Propagation...

Finished Running Vector-less Activity Propagation
62 Infos, 0 Warnings, 0 Critical Warnings and 0 Errors encountered.
report_power completed successfully
Command: write_bitstream -force -no_partial_bitfile LED_Switch.bit
Attempting to get a license for feature 'Implementation' and/or device 'xc7z100'
INFO: [Common 17-349] Got license for feature 'Implementation' and/or device 'xc7z100'
Running DRC as a precondition to command write_bitstream
INFO: [DRC 23-27] Running DRC with 2 threads
WARNING: [DRC 23-20] Rule violation (ZPS7-1) PS7 block required - The PS7 cell must be used in this Zynq design in order to enable correct default configuration.
INFO: [Vivado 12-3199] DRC finished with 0 Errors, 1 Warnings
INFO: [Vivado 12-3200] Please refer to the DRC report (report_drc) for more information.
Loading data files...
Loading site data...
Loading route data...
Processing options...
Creating bitmap...
Creating bitstream...
Bitstream compression saved 126464544 bits.
Writing bitstream ./LED_Switch.bit...
INFO: [Vivado 12-1842] Bitgen Completed Successfully.
INFO: [Project 1-118] WebTalk data collection is enabled (User setting is ON. Install Setting is ON.).
INFO: [Common 17-186] 'E:/workspace/KXZ7C01/LED_Switch/vivado/LED_Switch.runs/impl_1/usage_statistics_webtalk.xml' has been successfully sent to Xilinx on Wed Nov 01 17:36:10 2017. For additional details about this file, please refer to the WebTalk help file at C:/Xilinx/Vivado/2016.4/doc/webtalk_introduction.html.
INFO: [Common 17-83] Releasing license: Implementation
70 Infos, 1 Warnings, 0 Critical Warnings and 0 Errors encountered.
write_bitstream completed successfully
write_bitstream: Time (s): cpu = 00:00:14 ; elapsed = 00:00:17 . Memory (MB): peak = 2010.141 ; gain = 450.035
INFO: [Vivado_Tcl 4-395] Unable to parse hwdef file LED_Switch.hwdef
INFO: [Common 17-206] Exiting Vivado at Wed Nov 01 17:36:10 2017...
