09:57:51 INFO  : Registering command handlers for SDK TCF services
09:57:51 INFO  : Launching XSCT server: xsct.bat -interactive E:\workspace\KXZ7C01\SoC_Embedded_Design_PL_UART\PS_Embedded_Design.sdk\temp_xsdb_launch_script.tcl
09:57:52 INFO  : XSCT server has started successfully.
09:57:52 INFO  : Successfully done setting XSCT server connection channel  
09:57:52 INFO  : Successfully done setting SDK workspace  
09:57:52 INFO  : Processing command line option -hwspec E:/workspace/KXZ7C01/SoC_Embedded_Design_PL_UART/PS_Embedded_Design.sdk/embedded_design.hdf.
09:59:07 INFO  : Inferring section assignments and sizes from elf file: E:\workspace\KXZ7C01\SoC_Embedded_Design_PL_UART\PS_Embedded_Design.sdk\HelloWorld_PL_UART\Debug\HelloWorld_PL_UART.elf
09:59:23 INFO  : Successfully generated E:\workspace\KXZ7C01\SoC_Embedded_Design_PL_UART\PS_Embedded_Design.sdk\HelloWorld_PL_UART\src\lscript.ld.
09:59:23 INFO  : Applying linker script to all configurations of project HelloWorld_PL_UART.
09:59:23 INFO  : Setting rebuild state to true for all configurations of project HelloWorld_PL_UART.
10:00:14 INFO  : ps7_init is completed.
10:00:15 INFO  : ps7_post_config is completed.
10:00:15 INFO  : Processor reset is completed for ps7_cortexa9_0
10:00:56 INFO  : Processor reset is completed for ps7_cortexa9_0
11:29:25 ERROR : Unexpected error while parsing XMD response ?: com.google.gson.JsonSyntaxException: com.google.gson.stream.MalformedJsonException: invalid number or unquoted string near 
11:55:05 INFO  : Registering command handlers for SDK TCF services
11:55:05 INFO  : Launching XSCT server: xsct.bat -interactive E:\workspace\KXZ7C01\SoC_Embedded_Design_PL_UART\design\PS_Embedded_Design.sdk\temp_xsdb_launch_script.tcl
11:55:06 INFO  : XSCT server has started successfully.
11:55:06 INFO  : Successfully done setting XSCT server connection channel  
11:55:06 INFO  : Successfully done setting SDK workspace  
11:56:16 INFO  : ps7_init is completed.
11:56:16 INFO  : ps7_post_config is completed.
11:56:16 INFO  : Processor reset is completed for ps7_cortexa9_0
11:56:25 ERROR : Unexpected error while parsing XMD response ?: com.google.gson.JsonSyntaxException: com.google.gson.stream.MalformedJsonException: invalid number or unquoted string near 
11:57:23 INFO  : Registering command handlers for SDK TCF services
11:57:23 INFO  : Launching XSCT server: xsct.bat -interactive E:\workspace\KXZ7C01\SoC_Embedded_Design_PS_UART\design\PS_Embedded_Design.sdk\temp_xsdb_launch_script.tcl
11:57:24 INFO  : XSCT server has started successfully.
11:57:24 INFO  : Successfully done setting XSCT server connection channel  
11:57:24 INFO  : Successfully done setting SDK workspace  
11:58:51 INFO  : Inferring section assignments and sizes from elf file: E:\workspace\KXZ7C01\SoC_Embedded_Design_PS_UART\design\PS_Embedded_Design.sdk\HelloWorld_PS_UART\Debug\HelloWorld_PS_UART.elf
11:59:05 INFO  : Successfully generated E:\workspace\KXZ7C01\SoC_Embedded_Design_PS_UART\design\PS_Embedded_Design.sdk\HelloWorld_PS_UART\src\lscript.ld.
11:59:05 INFO  : Applying linker script to all configurations of project HelloWorld_PS_UART.
11:59:05 INFO  : Setting rebuild state to true for all configurations of project HelloWorld_PS_UART.
11:59:26 INFO  : Processor reset is completed for ps7_cortexa9_0
12:01:02 INFO  : ps7_init is completed.
12:01:02 INFO  : ps7_post_config is completed.
12:01:02 INFO  : Processor reset is completed for ps7_cortexa9_0
12:04:05 ERROR : Unexpected error while parsing XMD response ?: com.google.gson.JsonSyntaxException: com.google.gson.stream.MalformedJsonException: invalid number or unquoted string near 
12:09:32 INFO  : Launching XSCT server: xsct.bat -interactive E:\workspace\KXZ7C01\SoC_Embedded_Design_MemTest\design\PS_Embedded_Design.sdk\temp_xsdb_launch_script.tcl
12:09:33 INFO  : XSCT server has started successfully.
12:09:33 INFO  : Successfully done setting XSCT server connection channel  
12:09:33 INFO  : Successfully done setting SDK workspace  
12:09:35 INFO  : Registering command handlers for SDK TCF services
12:12:58 INFO  : Inferring section assignments and sizes from elf file: E:\workspace\KXZ7C01\SoC_Embedded_Design_MemTest\design\PS_Embedded_Design.sdk\DDR3_Test\Debug\DDR3_Test.elf
12:13:19 INFO  : Successfully generated E:\workspace\KXZ7C01\SoC_Embedded_Design_MemTest\design\PS_Embedded_Design.sdk\DDR3_Test\src\lscript.ld.
12:13:19 INFO  : Applying linker script to all configurations of project DDR3_Test.
12:13:19 INFO  : Setting rebuild state to true for all configurations of project DDR3_Test.
12:16:46 INFO  : ps7_init is completed.
12:16:46 INFO  : ps7_post_config is completed.
12:16:46 INFO  : Processor reset is completed for ps7_cortexa9_0
12:38:59 ERROR : Unexpected error while parsing XMD response ?: com.google.gson.JsonSyntaxException: com.google.gson.stream.MalformedJsonException: invalid number or unquoted string near 
20:08:33 INFO  : Launching XSCT server: xsct.bat -interactive E:\FPGA_demo\Z7\SOC\SoC_Embedded_Design_MemTest\design\PS_Embedded_Design.sdk\temp_xsdb_launch_script.tcl
20:09:05 INFO  : XSCT server has started successfully.
20:09:06 INFO  : Successfully done setting XSCT server connection channel  
20:09:06 INFO  : Successfully done setting SDK workspace  
20:09:12 INFO  : Registering command handlers for SDK TCF services
20:09:13 INFO  : Processing command line option -hwspec E:/FPGA_demo/Z7/SOC/SoC_Embedded_Design_MemTest/design/PS_Embedded_Design.sdk/embedded_design.hdf.
20:11:05 INFO  : Processor reset is completed for ps7_cortexa9_0
20:13:43 ERROR : Unexpected error while parsing XMD response ?: com.google.gson.JsonSyntaxException: com.google.gson.stream.MalformedJsonException: invalid number or unquoted string near 
13:11:25 INFO  : Launching XSCT server: xsct.bat -interactive E:\FPGA_demo\CRZ01\11_SoC_Embedded_Design_MemTest\SoC_Embedded_Design_MemTest\design\PS_Embedded_Design.sdk\temp_xsdb_launch_script.tcl
13:11:57 INFO  : XSCT server has started successfully.
13:11:57 INFO  : Successfully done setting XSCT server connection channel  
13:11:59 INFO  : Successfully done setting SDK workspace  
13:12:00 INFO  : Registering command handlers for SDK TCF services
13:12:01 INFO  : Processing command line option -hwspec E:/FPGA_demo/CRZ01/11_SoC_Embedded_Design_MemTest/SoC_Embedded_Design_MemTest/design/PS_Embedded_Design.sdk/embedded_design.hdf.
13:14:17 INFO  : Processor reset is completed for ps7_cortexa9_0
14:41:27 ERROR : Unexpected error while parsing XMD response ?: com.google.gson.JsonSyntaxException: com.google.gson.stream.MalformedJsonException: invalid number or unquoted string near 
00:15:42 INFO  : Launching XSCT server: xsct.bat -interactive D:\BaiduNetdiskDownload\crz01\psmem\design\PS_Embedded_Design.sdk\temp_xsdb_launch_script.tcl
00:15:45 INFO  : XSCT server has started successfully.
00:15:46 INFO  : Successfully done setting XSCT server connection channel  
00:15:55 INFO  : Successfully done setting SDK workspace  
00:15:57 INFO  : Registering command handlers for SDK TCF services
00:16:00 INFO  : Processing command line option -hwspec D:/BaiduNetdiskDownload/crz01/psmem/design/PS_Embedded_Design.sdk/embedded_design.hdf.
