#-----------------------------------------------------------
# Webtalk v2016.4 (64-bit)
# SW Build 1756540 on Mon Jan 23 19:11:23 MST 2017
# 
# Start of session at: Sun Dec 03 11:29:24 2017
# Process ID: 31176
# Current directory: E:/workspace/KXZ7C01/SoC_Embedded_Design_PL_UART/PS_Embedded_Design.sdk/webtalk
# Command line: wbtcv.exe -mode batch -source sdk_webtalk.tcl
# Log file: E:/workspace/KXZ7C01/SoC_Embedded_Design_PL_UART/PS_Embedded_Design.sdk/webtalk/webtalk.log
# Journal file: E:/workspace/KXZ7C01/SoC_Embedded_Design_PL_UART/PS_Embedded_Design.sdk/webtalk\webtalk.jou
#-----------------------------------------------------------
source sdk_webtalk.tcl
# webtalk_init -webtalk_dir E:\\workspace\\KXZ7C01\\SoC_Embedded_Design_PL_UART\\PS_Embedded_Design.sdk\\webtalk
# webtalk_register_client -client project
# webtalk_add_data -client project -key date_generated -value "2017-12-03 11:29:24" -context "software_version_and_target_device"
# webtalk_add_data -client project -key product_version -value "SDK v2016.4" -context "software_version_and_target_device"
# webtalk_add_data -client project -key build_version -value "2016.4" -context "software_version_and_target_device"
# webtalk_add_data -client project -key os_platform -value "amd64" -context "software_version_and_target_device"
# webtalk_add_data -client project -key registration_id -value "" -context "software_version_and_target_device"
# webtalk_add_data -client project -key tool_flow -value "SDK" -context "software_version_and_target_device"
# webtalk_add_data -client project -key beta -value "false" -context "software_version_and_target_device"
# webtalk_add_data -client project -key route_design -value "NA" -context "software_version_and_target_device"
# webtalk_add_data -client project -key target_family -value "NA" -context "software_version_and_target_device"
# webtalk_add_data -client project -key target_device -value "NA" -context "software_version_and_target_device"
# webtalk_add_data -client project -key target_package -value "NA" -context "software_version_and_target_device"
# webtalk_add_data -client project -key target_speed -value "NA" -context "software_version_and_target_device"
# webtalk_add_data -client project -key random_id -value "o0e9oks8pl1db4j88ee2vop8nk" -context "software_version_and_target_device"
# webtalk_add_data -client project -key project_id -value "2016.4_8" -context "software_version_and_target_device"
# webtalk_add_data -client project -key project_iteration -value "8" -context "software_version_and_target_device"
# webtalk_add_data -client project -key os_name -value "Microsoft Windows 7 , 64-bit" -context "user_environment"
# webtalk_add_data -client project -key os_release -value "Service Pack 1  (build 7601)" -context "user_environment"
# webtalk_add_data -client project -key cpu_name -value "Intel(R) Core(TM) i7-7700K CPU @ 4.20GHz" -context "user_environment"
# webtalk_add_data -client project -key cpu_speed -value "4200 MHz" -context "user_environment"
# webtalk_add_data -client project -key total_processors -value "1" -context "user_environment"
# webtalk_add_data -client project -key system_ram -value "17.000 GB" -context "user_environment"
# webtalk_register_client -client sdk
# webtalk_add_data -client sdk -key uid -value "1512291475205" -context "sdk\\\\hardware/1512291475205"
# webtalk_add_data -client sdk -key isZynq -value "true" -context "sdk\\\\hardware/1512291475205"
# webtalk_add_data -client sdk -key isZynqMP -value "false" -context "sdk\\\\hardware/1512291475205"
# webtalk_add_data -client sdk -key Processors -value "2" -context "sdk\\\\hardware/1512291475205"
# webtalk_add_data -client sdk -key VivadoVersion -value "2016.4" -context "sdk\\\\hardware/1512291475205"
# webtalk_add_data -client sdk -key Arch -value "zynq" -context "sdk\\\\hardware/1512291475205"
# webtalk_add_data -client sdk -key Device -value "7z100" -context "sdk\\\\hardware/1512291475205"
# webtalk_add_data -client sdk -key IsHandoff -value "true" -context "sdk\\\\hardware/1512291475205"
# webtalk_add_data -client sdk -key os -value "NA" -context "sdk\\\\hardware/1512291475205"
# webtalk_add_data -client sdk -key apptemplate -value "NA" -context "sdk\\\\hardware/1512291475205"
# webtalk_add_data -client sdk -key RecordType -value "HWCreation" -context "sdk\\\\hardware/1512291475205"
# webtalk_add_data -client sdk -key uid -value "1512291493384" -context "sdk\\\\bsp/1512291493384"
# webtalk_add_data -client sdk -key hwid -value "1512291475205" -context "sdk\\\\bsp/1512291493384"
# webtalk_add_data -client sdk -key os -value "standalone" -context "sdk\\\\bsp/1512291493384"
# webtalk_add_data -client sdk -key apptemplate -value "null" -context "sdk\\\\bsp/1512291493384"
# webtalk_add_data -client sdk -key RecordType -value "BSPCreation" -context "sdk\\\\bsp/1512291493384"
# webtalk_add_data -client sdk -key uid -value "1512291522201" -context "sdk\\\\application/1512291522201"
# webtalk_add_data -client sdk -key hwid -value "1512291475205" -context "sdk\\\\application/1512291522201"
# webtalk_add_data -client sdk -key bspid -value "1512291493384" -context "sdk\\\\application/1512291522201"
# webtalk_add_data -client sdk -key newbsp -value "false" -context "sdk\\\\application/1512291522201"
# webtalk_add_data -client sdk -key os -value "standalone" -context "sdk\\\\application/1512291522201"
# webtalk_add_data -client sdk -key apptemplate -value "empty_application" -context "sdk\\\\application/1512291522201"
# webtalk_add_data -client sdk -key RecordType -value "APPCreation" -context "sdk\\\\application/1512291522201"
# webtalk_add_data -client sdk -key LangUsed -value "C" -context "sdk\\\\application/1512291522201"
# webtalk_add_data -client sdk -key Procused -value "ps7_cortexa9" -context "sdk\\\\application/1512291522201"
# webtalk_add_data -client sdk -key projSize -value "173.94140625" -context "sdk\\\\application/1512291522201"
# webtalk_add_data -client sdk -key uid -value "NA" -context "sdk\\\\bsp/1512296964558"
# webtalk_add_data -client sdk -key RecordType -value "ToolUsage" -context "sdk\\\\bsp/1512296964558"
# webtalk_add_data -client sdk -key BootgenCount -value "0" -context "sdk\\\\bsp/1512296964558"
# webtalk_add_data -client sdk -key DebugCount -value "0" -context "sdk\\\\bsp/1512296964558"
# webtalk_add_data -client sdk -key PerfCount -value "0" -context "sdk\\\\bsp/1512296964558"
# webtalk_add_data -client sdk -key FlashCount -value "0" -context "sdk\\\\bsp/1512296964558"
# webtalk_add_data -client sdk -key CrossTriggCount -value "0" -context "sdk\\\\bsp/1512296964558"
# webtalk_add_data -client sdk -key QemuDebugCount -value "0" -context "sdk\\\\bsp/1512296964558"
# webtalk_transmit -clientid 1627667458 -regid "" -xml E:\\workspace\\KXZ7C01\\SoC_Embedded_Design_PL_UART\\PS_Embedded_Design.sdk\\webtalk\\usage_statistics_ext_sdk.xml -html E:\\workspace\\KXZ7C01\\SoC_Embedded_Design_PL_UART\\PS_Embedded_Design.sdk\\webtalk\\usage_statistics_ext_sdk.html -wdm E:\\workspace\\KXZ7C01\\SoC_Embedded_Design_PL_UART\\PS_Embedded_Design.sdk\\webtalk\\sdk_webtalk.wdm -intro "<H3>SDK Usage Report</H3><BR>"
INFO: [Common 17-186] 'E:\workspace\KXZ7C01\SoC_Embedded_Design_PL_UART\PS_Embedded_Design.sdk\webtalk\usage_statistics_ext_sdk.xml' has been successfully sent to Xilinx on Sun Dec 03 11:29:29 2017. For additional details about this file, please refer to the WebTalk help file at C:/Xilinx/SDK/2016.4/doc/webtalk_introduction.html.
# webtalk_terminate
INFO: [Common 17-206] Exiting Webtalk at Sun Dec 03 11:29:29 2017...
