Copyright 1986-2017 Xilinx, Inc. All Rights Reserved.
------------------------------------------------------------------------------------
| Tool Version : Vivado v.2017.4 (win64) Build 2086221 Fri Dec 15 20:55:39 MST 2017
| Date         : Sat Jan 25 16:00:32 2020
| Host         : HIH-D-6446 running 64-bit Service Pack 1  (build 7601)
| Command      : upgrade_ip
| Device       : xc7z100ffg900-2
------------------------------------------------------------------------------------

Upgrade Log for IP 'ps_subsys_processing_system7_0_0'

1. Summary
----------

SUCCESS in the upgrade of ps_subsys_processing_system7_0_0 (xilinx.com:ip:processing_system7:5.5) from (Rev. 3) to (Rev. 6)

2. Upgrade messages
-------------------

WARNING: upgrade cannot add parameter PCW_TRACE_INTERNAL_WIDTH with default value 32 : a parameter called PCW_TRACE_INTERNAL_WIDTH already exists in processing_system7_v5_5
WARNING: upgrade cannot add parameter PCW_USE_AXI_NONSECURE with default value 0 : a parameter called PCW_USE_AXI_NONSECURE already exists in processing_system7_v5_5
WARNING: upgrade cannot add parameter PCW_EN_PTP_ENET0 with default value 1 : a parameter called PCW_EN_PTP_ENET0 already exists in processing_system7_v5_5
WARNING: upgrade cannot add parameter PCW_EN_PTP_ENET0 with default value 1 : a parameter called PCW_EN_PTP_ENET0 already exists in processing_system7_v5_5
WARNING: upgrade cannot add parameter PCW_GP0_NUM_WRITE_THREADS with default value 4 : a parameter called PCW_GP0_NUM_WRITE_THREADS already exists in processing_system7_v5_5
WARNING: upgrade cannot add parameter PCW_GP0_NUM_READ_THREADS with default value 4 : a parameter called PCW_GP0_NUM_READ_THREADS already exists in processing_system7_v5_5
WARNING: upgrade cannot add parameter PCW_GP1_NUM_WRITE_THREADS with default value 4 : a parameter called PCW_GP1_NUM_WRITE_THREADS already exists in processing_system7_v5_5
WARNING: upgrade cannot add parameter PCW_GP1_NUM_READ_THREADS with default value 4 : a parameter called PCW_GP1_NUM_READ_THREADS already exists in processing_system7_v5_5
WARNING: upgrade cannot add parameter PCW_GP0_EN_MODIFIABLE_TXN with default value 0 : a parameter called PCW_GP0_EN_MODIFIABLE_TXN already exists in processing_system7_v5_5
WARNING: upgrade cannot add parameter PCW_GP1_EN_MODIFIABLE_TXN with default value 0 : a parameter called PCW_GP1_EN_MODIFIABLE_TXN already exists in processing_system7_v5_5






Copyright 1986-2017 Xilinx, Inc. All Rights Reserved.
------------------------------------------------------------------------------------
| Tool Version : Vivado v.2017.4 (win64) Build 2086221 Fri Dec 15 20:55:39 MST 2017
| Date         : Sat Jan 25 15:54:08 2020
| Host         : HIH-D-6446 running 64-bit Service Pack 1  (build 7601)
| Command      : upgrade_ip
| Device       : xc7z100ffg900-2
------------------------------------------------------------------------------------

Upgrade Log for IP 'ps_subsys_proc_sys_reset_0_0'

1. Summary
----------

SUCCESS in the upgrade of ps_subsys_proc_sys_reset_0_0 (xilinx.com:ip:proc_sys_reset:5.0) from (Rev. 10) to (Rev. 12)






Copyright 1986-2017 Xilinx, Inc. All Rights Reserved.
------------------------------------------------------------------------------------
| Tool Version : Vivado v.2017.4 (win64) Build 2086221 Fri Dec 15 20:55:39 MST 2017
| Date         : Sat Jan 25 15:54:08 2020
| Host         : HIH-D-6446 running 64-bit Service Pack 1  (build 7601)
| Command      : upgrade_ip
| Device       : xc7z100ffg900-2
------------------------------------------------------------------------------------

Upgrade Log for IP 'ps_subsys_axi_uartlite_0_0'

1. Summary
----------

SUCCESS in the upgrade of ps_subsys_axi_uartlite_0_0 (xilinx.com:ip:axi_uartlite:2.0) from (Rev. 15) to (Rev. 19)






Copyright 1986-2017 Xilinx, Inc. All Rights Reserved.
------------------------------------------------------------------------------------
| Tool Version : Vivado v.2017.4 (win64) Build 2086221 Fri Dec 15 20:55:39 MST 2017
| Date         : Sat Jan 25 15:54:08 2020
| Host         : HIH-D-6446 running 64-bit Service Pack 1  (build 7601)
| Command      : upgrade_ip
| Device       : xc7z100ffg900-2
------------------------------------------------------------------------------------

Upgrade Log for IP 'ps_subsys_axi_interconnect_1_0'

1. Summary
----------

SUCCESS in the upgrade of ps_subsys_axi_interconnect_1_0 (xilinx.com:ip:axi_interconnect:2.1) from (Rev. 12) to (Rev. 16)






Copyright 1986-2017 Xilinx, Inc. All Rights Reserved.
------------------------------------------------------------------------------------
| Tool Version : Vivado v.2017.4 (win64) Build 2086221 Fri Dec 15 20:55:39 MST 2017
| Date         : Sat Jan 25 15:54:08 2020
| Host         : HIH-D-6446 running 64-bit Service Pack 1  (build 7601)
| Command      : upgrade_ip
| Device       : xc7z100ffg900-2
------------------------------------------------------------------------------------

Upgrade Log for IP 'ps_subsys_axi_iic_0_0'

1. Summary
----------

SUCCESS in the upgrade of ps_subsys_axi_iic_0_0 (xilinx.com:ip:axi_iic:2.0) from (Rev. 14) to (Rev. 18)

