#-----------------------------------------------------------
# Vivado v2017.4 (64-bit)
# SW Build 2086221 on Fri Dec 15 20:55:39 MST 2017
# IP Build 2085800 on Fri Dec 15 22:25:07 MST 2017
# Start of session at: Sat Jan 25 16:10:04 2020
# Process ID: 3628
# Current directory: D:/BaiduNetdiskDownload/crz01/psmem/design
# Command line: vivado.exe -gui_launcher_event rodinguilauncherevent6432 D:\BaiduNetdiskDownload\crz01\psmem\design\PS_Embedded_Design.xpr
# Log file: D:/BaiduNetdiskDownload/crz01/psmem/design/vivado.log
# Journal file: D:/BaiduNetdiskDownload/crz01/psmem/design\vivado.jou
#-----------------------------------------------------------
start_gui
open_project D:/BaiduNetdiskDownload/crz01/psmem/design/PS_Embedded_Design.xpr
Scanning sources...
Finished scanning sources
WARNING: [filemgmt 56-3] IP Repository Path: Could not find the directory 'D:/BaiduNetdiskDownload/crz01/psmem/design/ip_repo'.
INFO: [IP_Flow 19-234] Refreshing IP repositories
WARNING: [IP_Flow 19-2248] Failed to load user IP repository 'd:/BaiduNetdiskDownload/crz01/psmem/design/ip_repo'; Can't find the specified path.
If this directory should no longer be in your list of user repositories, go to the IP Settings dialog and remove it.
INFO: [IP_Flow 19-2313] Loaded Vivado IP repository 'D:/Xilinx/Vivado/2017.4/data/ip'.
open_project: Time (s): cpu = 00:00:12 ; elapsed = 00:00:06 . Memory (MB): peak = 793.332 ; gain = 83.496
update_compile_order -fileset sources_1
open_bd_design {D:/BaiduNetdiskDownload/crz01/psmem/design/PS_Embedded_Design.srcs/sources_1/bd/ps_subsys/ps_subsys.bd}
Adding cell -- xilinx.com:ip:axi_iic:2.0 - axi_iic_main
Adding cell -- xilinx.com:ip:axi_uartlite:2.0 - axi_uartlite_0
Adding cell -- xilinx.com:ip:proc_sys_reset:5.0 - proc_sys_reset_0
Adding cell -- xilinx.com:ip:processing_system7:5.5 - proc_arm
Adding cell -- xilinx.com:ip:axi_crossbar:2.1 - xbar
Adding cell -- xilinx.com:ip:axi_mmu:2.1 - s00_mmu
Adding cell -- xilinx.com:ip:axi_protocol_converter:2.1 - auto_pc
Successfully read diagram <ps_subsys> from BD file <D:/BaiduNetdiskDownload/crz01/psmem/design/PS_Embedded_Design.srcs/sources_1/bd/ps_subsys/ps_subsys.bd>
open_bd_design: Time (s): cpu = 00:00:06 ; elapsed = 00:00:06 . Memory (MB): peak = 880.414 ; gain = 75.504
CRITICAL WARNING: [PSU-1]  Parameter : PCW_UIPARAM_DDR_DQS_TO_CLK_DELAY_2 has negative value -0.058 . PS DDR interfaces might fail when entering negative DQS skew values. 
CRITICAL WARNING: [PSU-2]  Parameter : PCW_UIPARAM_DDR_DQS_TO_CLK_DELAY_3 has negative value -0.054 . PS DDR interfaces might fail when entering negative DQS skew values. 
CRITICAL WARNING: [PSU-1]  Parameter : PCW_UIPARAM_DDR_DQS_TO_CLK_DELAY_2 has negative value -0.058 . PS DDR interfaces might fail when entering negative DQS skew values. 
CRITICAL WARNING: [PSU-2]  Parameter : PCW_UIPARAM_DDR_DQS_TO_CLK_DELAY_3 has negative value -0.054 . PS DDR interfaces might fail when entering negative DQS skew values. 
WARNING: [IP_Flow 19-474] Invalid Parameter 'Component_Name'
exit
INFO: [Common 17-206] Exiting Vivado at Sat Jan 25 21:49:58 2020...
