#-----------------------------------------------------------
# Vivado v2016.4 (64-bit)
# SW Build 1756540 on Mon Jan 23 19:11:23 MST 2017
# IP Build 1755317 on Mon Jan 23 20:30:07 MST 2017
# Start of session at: Wed Nov 01 16:15:04 2017
# Process ID: 30344
# Current directory: E:/workspace/KXZ7C01/LED_Switch/vivado
# Command line: vivado.exe -gui_launcher_event rodinguilauncherevent30268 E:\workspace\KXZ7C01\LED_Switch\vivado\LED_Switch.xpr
# Log file: E:/workspace/KXZ7C01/LED_Switch/vivado/vivado.log
# Journal file: E:/workspace/KXZ7C01/LED_Switch/vivado\vivado.jou
#-----------------------------------------------------------
start_gui
open_project E:/workspace/KXZ7C01/LED_Switch/vivado/LED_Switch.xpr
INFO: [Project 1-313] Project file moved from 'R:/workspace/KXZ7C100/LED_Switch/vivado' since last save.
Scanning sources...
Finished scanning sources
INFO: [IP_Flow 19-234] Refreshing IP repositories
INFO: [IP_Flow 19-1704] No user IP repositories specified
INFO: [IP_Flow 19-2313] Loaded Vivado IP repository 'C:/Xilinx/Vivado/2016.4/data/ip'.
reset_run synth_1
launch_runs impl_1 -to_step write_bitstream -jobs 4
[Wed Nov 01 16:15:30 2017] Launched synth_1...
Run output will be captured here: E:/workspace/KXZ7C01/LED_Switch/vivado/LED_Switch.runs/synth_1/runme.log
[Wed Nov 01 16:15:30 2017] Launched impl_1...
Run output will be captured here: E:/workspace/KXZ7C01/LED_Switch/vivado/LED_Switch.runs/impl_1/runme.log
open_hw
INFO: [Labtools 27-2285] Connecting to hw_server url TCP:localhost:3121
INFO: [Labtools 27-2222] Launching hw_server...
INFO: [Labtools 27-2221] Launch Output:

****** Xilinx hw_server v2016.4
  **** Build date : Jan 23 2017-19:37:29
    ** Copyright 1986-2016 Xilinx, Inc. All Rights Reserved.


disconnect_hw_server localhost:3121
connect_hw_server -url localhost:3121
INFO: [Labtools 27-2285] Connecting to hw_server url TCP:localhost:3121
current_hw_target [get_hw_targets */xilinx_tcf/Xilinx/000013ccf2fa01]
set_property PARAM.FREQUENCY 6000000 [get_hw_targets */xilinx_tcf/Xilinx/000013ccf2fa01]
open_hw_target
INFO: [Labtoolstcl 44-466] Opening hw_target localhost:3121/xilinx_tcf/Xilinx/000013ccf2fa01
set_property PROGRAM.FILE {E:/workspace/KXZ7C01/LED_Switch/vivado/LED_Switch.runs/impl_1/LED_Switch.bit} [lindex [get_hw_devices xc7z100_1] 0]
current_hw_device [lindex [get_hw_devices xc7z100_1] 0]
refresh_hw_device -update_hw_probes false [lindex [get_hw_devices xc7z100_1] 0]
INFO: [Labtools 27-1435] Device xc7z100 (JTAG device index = 1) is not programmed (DONE status = 0).
set_property PROBES.FILE {} [lindex [get_hw_devices xc7z100_1] 0]
set_property PROGRAM.FILE {E:/workspace/KXZ7C01/LED_Switch/vivado/LED_Switch.runs/impl_1/LED_Switch.bit} [lindex [get_hw_devices xc7z100_1] 0]
program_hw_devices [lindex [get_hw_devices xc7z100_1] 0]
INFO: [Labtools 27-3164] End of startup status: HIGH
program_hw_devices: Time (s): cpu = 00:00:50 ; elapsed = 00:00:49 . Memory (MB): peak = 969.969 ; gain = 0.000
refresh_hw_device [lindex [get_hw_devices xc7z100_1] 0]
INFO: [Labtools 27-1434] Device xc7z100 (JTAG device index = 1) is programmed with a design that has no supported debug core(s) in it.
WARNING: [Labtools 27-3123] The debug hub core was not detected at User Scan Chain 1 or 3.
Resolution: 
1. Make sure the clock connected to the debug hub (dbg_hub) core is a free running clock and is active OR
2. Manually launch hw_server with -e "set xsdb-user-bscan <C_USER_SCAN_CHAIN scan_chain_number>" to detect the debug hub at User Scan Chain of 2 or 4. To determine the user scan chain setting, open the implemented design and use: get_property C_USER_SCAN_CHAIN [get_debug_cores dbg_hub].
WARNING: [Labtoolstcl 44-130] No matching hw_ilas were found.
WARNING: [Labtoolstcl 44-130] No matching hw_ilas were found.
WARNING: [Labtoolstcl 44-130] No matching hw_ilas were found.
WARNING: [Labtoolstcl 44-130] No matching hw_ilas were found.
reset_run synth_1
WARNING: [Vivado 12-1017] Problems encountered:
1. Failed to delete one or more files in run directory E:/workspace/KXZ7C01/LED_Switch/vivado/LED_Switch.runs/synth_1

launch_runs impl_1 -to_step write_bitstream -jobs 4
[Wed Nov 01 17:33:28 2017] Launched synth_1...
Run output will be captured here: E:/workspace/KXZ7C01/LED_Switch/vivado/LED_Switch.runs/synth_1/runme.log
[Wed Nov 01 17:33:28 2017] Launched impl_1...
Run output will be captured here: E:/workspace/KXZ7C01/LED_Switch/vivado/LED_Switch.runs/impl_1/runme.log
set_property PROBES.FILE {} [lindex [get_hw_devices xc7z100_1] 0]
set_property PROGRAM.FILE {E:/workspace/KXZ7C01/LED_Switch/vivado/LED_Switch.runs/impl_1/LED_Switch.bit} [lindex [get_hw_devices xc7z100_1] 0]
program_hw_devices [lindex [get_hw_devices xc7z100_1] 0]
INFO: [Labtools 27-3164] End of startup status: HIGH
refresh_hw_device [lindex [get_hw_devices xc7z100_1] 0]
INFO: [Labtools 27-1434] Device xc7z100 (JTAG device index = 1) is programmed with a design that has no supported debug core(s) in it.
WARNING: [Labtools 27-3123] The debug hub core was not detected at User Scan Chain 1 or 3.
Resolution: 
1. Make sure the clock connected to the debug hub (dbg_hub) core is a free running clock and is active OR
2. Manually launch hw_server with -e "set xsdb-user-bscan <C_USER_SCAN_CHAIN scan_chain_number>" to detect the debug hub at User Scan Chain of 2 or 4. To determine the user scan chain setting, open the implemented design and use: get_property C_USER_SCAN_CHAIN [get_debug_cores dbg_hub].
WARNING: [Labtoolstcl 44-130] No matching hw_ilas were found.
WARNING: [Labtoolstcl 44-130] No matching hw_ilas were found.
WARNING: [Labtoolstcl 44-130] No matching hw_ilas were found.
WARNING: [Labtoolstcl 44-130] No matching hw_ilas were found.
file mkdir E:/workspace/KXZ7C01/LED_Switch/vivado/LED_Switch.sdk
write_hwdef -force  -file E:/workspace/KXZ7C01/LED_Switch/vivado/LED_Switch.sdk/LED_Switch.hdf
INFO: [Vivado_Tcl 4-424] Cannot write hardware definition file as there are no IPI block design hardware handoff files present
write_hwdef -force  -file E:/workspace/KXZ7C01/LED_Switch/vivado/LED_Switch.sdk/LED_Switch.hdf
INFO: [Vivado_Tcl 4-424] Cannot write hardware definition file as there are no IPI block design hardware handoff files present
exit
INFO: [Common 17-206] Exiting Vivado at Wed Nov 01 17:50:46 2017...
