#-----------------------------------------------------------
# Vivado v2017.4 (64-bit)
# SW Build 2086221 on Fri Dec 15 20:55:39 MST 2017
# IP Build 2085800 on Fri Dec 15 22:25:07 MST 2017
# Start of session at: Sat Jan 25 14:52:17 2020
# Process ID: 5148
# Current directory: D:/BaiduNetdiskDownload/crz01/CRZ01_DVD_V1.0/CRZ01_DVD_V1.0/CRZ01_DVD_V1.0/FPGA_RefDesign/04_PL_LED_Switch/LED_Switch/vivado
# Command line: vivado.exe -gui_launcher_event rodinguilauncherevent1660 D:\BaiduNetdiskDownload\crz01\CRZ01_DVD_V1.0\CRZ01_DVD_V1.0\CRZ01_DVD_V1.0\FPGA_RefDesign\04_PL_LED_Switch\LED_Switch\vivado\LED_Switch.xpr
# Log file: D:/BaiduNetdiskDownload/crz01/CRZ01_DVD_V1.0/CRZ01_DVD_V1.0/CRZ01_DVD_V1.0/FPGA_RefDesign/04_PL_LED_Switch/LED_Switch/vivado/vivado.log
# Journal file: D:/BaiduNetdiskDownload/crz01/CRZ01_DVD_V1.0/CRZ01_DVD_V1.0/CRZ01_DVD_V1.0/FPGA_RefDesign/04_PL_LED_Switch/LED_Switch/vivado\vivado.jou
#-----------------------------------------------------------
start_gui
open_project D:/BaiduNetdiskDownload/crz01/CRZ01_DVD_V1.0/CRZ01_DVD_V1.0/CRZ01_DVD_V1.0/FPGA_RefDesign/04_PL_LED_Switch/LED_Switch/vivado/LED_Switch.xpr
INFO: [ProjectBase 1-489] The host OS only allows 260 characters in a normal path. The project is stored in a path with more than 80 characters. If you experience issues with IP, Block Designs, or files not being found, please consider moving the project to a location with a shorter path. Alternately consider using the OS subst command to map part of the path to a drive letter.
Current project path is 'D:/BaiduNetdiskDownload/crz01/CRZ01_DVD_V1.0/CRZ01_DVD_V1.0/CRZ01_DVD_V1.0/FPGA_RefDesign/04_PL_LED_Switch/LED_Switch/vivado'
INFO: [Project 1-313] Project file moved from 'E:/workspace/KXZ7C01/LED_Switch/vivado' since last save.
Scanning sources...
Finished scanning sources
INFO: [Project 1-230] Project 'LED_Switch.xpr' upgraded for this version of Vivado.
INFO: [IP_Flow 19-234] Refreshing IP repositories
INFO: [IP_Flow 19-1704] No user IP repositories specified
INFO: [IP_Flow 19-2313] Loaded Vivado IP repository 'D:/Xilinx/Vivado/2017.4/data/ip'.
update_compile_order -fileset sources_1
exit
INFO: [Common 17-206] Exiting Vivado at Sat Jan 25 15:40:50 2020...
