#-----------------------------------------------------------
# Webtalk v2017.4 (64-bit)
# SW Build 2086221 on Fri Dec 15 20:55:39 MST 2017
# 
# Start of session at: Sun Apr  5 02:48:30 2020
# Process ID: 7948
# Current directory: D:/BaiduNetdiskDownload/crz01/SoC_HDMI/SoC_HDMI/PS_Embedded_Design.sdk/webtalk
# Command line: wbtcv.exe -mode batch -source sdk_webtalk.tcl
# Log file: D:/BaiduNetdiskDownload/crz01/SoC_HDMI/SoC_HDMI/PS_Embedded_Design.sdk/webtalk/webtalk.log
# Journal file: D:/BaiduNetdiskDownload/crz01/SoC_HDMI/SoC_HDMI/PS_Embedded_Design.sdk/webtalk\webtalk.jou
#-----------------------------------------------------------
source sdk_webtalk.tcl
# webtalk_init -webtalk_dir D:\\BaiduNetdiskDownload\\crz01\\SoC_HDMI\\SoC_HDMI\\PS_Embedded_Design.sdk\\webtalk
# webtalk_register_client -client project
# webtalk_add_data -client project -key date_generated -value "2020-04-05 02:48:29" -context "software_version_and_target_device"
# webtalk_add_data -client project -key product_version -value "SDK v2017.4" -context "software_version_and_target_device"
# webtalk_add_data -client project -key build_version -value "2017.4" -context "software_version_and_target_device"
# webtalk_add_data -client project -key os_platform -value "amd64" -context "software_version_and_target_device"
# webtalk_add_data -client project -key registration_id -value "" -context "software_version_and_target_device"
# webtalk_add_data -client project -key tool_flow -value "SDK" -context "software_version_and_target_device"
# webtalk_add_data -client project -key beta -value "false" -context "software_version_and_target_device"
# webtalk_add_data -client project -key route_design -value "NA" -context "software_version_and_target_device"
# webtalk_add_data -client project -key target_family -value "NA" -context "software_version_and_target_device"
# webtalk_add_data -client project -key target_device -value "NA" -context "software_version_and_target_device"
# webtalk_add_data -client project -key target_package -value "NA" -context "software_version_and_target_device"
# webtalk_add_data -client project -key target_speed -value "NA" -context "software_version_and_target_device"
# webtalk_add_data -client project -key random_id -value "e6prhvotmi89ogq1e6fdg9ivtp" -context "software_version_and_target_device"
# webtalk_add_data -client project -key project_id -value "2017.4_4" -context "software_version_and_target_device"
# webtalk_add_data -client project -key project_iteration -value "4" -context "software_version_and_target_device"
# webtalk_add_data -client project -key os_name -value "Microsoft Windows 7 , 64-bit" -context "user_environment"
# webtalk_add_data -client project -key os_release -value "Service Pack 1  (build 7601)" -context "user_environment"
# webtalk_add_data -client project -key cpu_name -value "Intel(R) Core(TM) i5-4590 CPU @ 3.30GHz" -context "user_environment"
# webtalk_add_data -client project -key cpu_speed -value "3292 MHz" -context "user_environment"
# webtalk_add_data -client project -key total_processors -value "1" -context "user_environment"
# webtalk_add_data -client project -key system_ram -value "8.485 GB" -context "user_environment"
# webtalk_register_client -client sdk
# webtalk_add_data -client sdk -key uid -value "1586022794489" -context "sdk\\\\bsp/1586022794489"
# webtalk_add_data -client sdk -key hwid -value "1513795676333" -context "sdk\\\\bsp/1586022794489"
# webtalk_add_data -client sdk -key os -value "standalone" -context "sdk\\\\bsp/1586022794489"
# webtalk_add_data -client sdk -key apptemplate -value "null" -context "sdk\\\\bsp/1586022794489"
# webtalk_add_data -client sdk -key RecordType -value "BSPCreation" -context "sdk\\\\bsp/1586022794489"
# webtalk_add_data -client sdk -key uid -value "NA" -context "sdk\\\\bsp/1586026109022"
# webtalk_add_data -client sdk -key RecordType -value "ToolUsage" -context "sdk\\\\bsp/1586026109022"
# webtalk_add_data -client sdk -key BootgenCount -value "0" -context "sdk\\\\bsp/1586026109022"
# webtalk_add_data -client sdk -key DebugCount -value "0" -context "sdk\\\\bsp/1586026109022"
# webtalk_add_data -client sdk -key PerfCount -value "0" -context "sdk\\\\bsp/1586026109022"
# webtalk_add_data -client sdk -key FlashCount -value "0" -context "sdk\\\\bsp/1586026109022"
# webtalk_add_data -client sdk -key CrossTriggCount -value "0" -context "sdk\\\\bsp/1586026109022"
# webtalk_add_data -client sdk -key QemuDebugCount -value "0" -context "sdk\\\\bsp/1586026109022"
# webtalk_transmit -clientid 2802152010 -regid "" -xml D:\\BaiduNetdiskDownload\\crz01\\SoC_HDMI\\SoC_HDMI\\PS_Embedded_Design.sdk\\webtalk\\usage_statistics_ext_sdk.xml -html D:\\BaiduNetdiskDownload\\crz01\\SoC_HDMI\\SoC_HDMI\\PS_Embedded_Design.sdk\\webtalk\\usage_statistics_ext_sdk.html -wdm D:\\BaiduNetdiskDownload\\crz01\\SoC_HDMI\\SoC_HDMI\\PS_Embedded_Design.sdk\\webtalk\\sdk_webtalk.wdm -intro "<H3>SDK Usage Report</H3><BR>"
# webtalk_terminate
INFO: [Common 17-206] Exiting Webtalk at Sun Apr  5 02:48:30 2020...
