19:47:52 INFO  : Registering command handlers for SDK TCF services
19:47:52 INFO  : Launching XSCT server: xsct.bat -interactive E:\workspace\KXZ7C01\ProductCD\SoC_HDMI\PS_Embedded_Design.sdk\temp_xsdb_launch_script.tcl
19:47:53 INFO  : XSCT server has started successfully.
19:47:54 INFO  : Successfully done setting XSCT server connection channel  
19:47:54 INFO  : Successfully done setting SDK workspace  
19:47:54 INFO  : Processing command line option -hwspec E:/workspace/KXZ7C01/ProductCD/SoC_HDMI/PS_Embedded_Design.sdk/embedded_design.hdf.
19:48:51 ERROR : The Hardware Project referenced by this BSP (standalone_bsp) was not found in this workspace. As a result, this BSP will not build properly. To fix this error, please import the associated hardware project or recreate a new BSP targeting an existing hardware platform.
19:51:20 ERROR : (XSDB Server)ERROR: [Hsi 55-1403] E:/workspace/KXZ7C01/ProductCD/SoC_HDMI/PS_Embedded_Design.sdk/standalone_bsp/system.mss line 41 - No IP instance named axi_i2s_adi present in hardware design

19:51:20 ERROR : (XSDB Server)ERROR: [Hsi 55-1594] Core devcfg of version 3.2 not found in repositories
ERROR: [Hsi 55-1594] Core qspips of version 3.1 not found in repositories
ERROR: [Hsi 55-1594] Core uartps of version 2.2 not found in repositories

19:51:20 ERROR : (XSDB Server)ERROR: [Hsi 55-1452] Error: running open_sw_design.

19:51:20 ERROR :  [Common 17-39] 'hsi::open_sw_design' failed due to earlier errors.
19:51:20 ERROR : (XSDB Server)ERROR: [Hsi 55-1403] E:/workspace/KXZ7C01/ProductCD/SoC_HDMI/PS_Embedded_Design.sdk/standalone_bsp/system.mss line 41 - No IP instance named axi_i2s_adi present in hardware design

19:51:20 ERROR : (XSDB Server)ERROR: [Hsi 55-1594] Core devcfg of version 3.2 not found in repositories

19:51:20 ERROR : (XSDB Server)ERROR: [Hsi 55-1594] Core qspips of version 3.1 not found in repositories

19:51:20 ERROR : (XSDB Server)ERROR: [Hsi 55-1594] Core uartps of version 2.2 not found in repositories

19:51:20 ERROR : (XSDB Server)ERROR: [Hsi 55-1452] Error: running open_sw_design.

19:51:20 INFO  : Unable to read in MSS file E:\workspace\KXZ7C01\ProductCD\SoC_HDMI\PS_Embedded_Design.sdk\standalone_bsp\system.mss : null
19:51:20 ERROR : (XSDB Server)ERROR: [Hsi 55-1403] E:/workspace/KXZ7C01/ProductCD/SoC_HDMI/PS_Embedded_Design.sdk/standalone_bsp/system.mss line 41 - No IP instance named axi_i2s_adi present in hardware design

19:51:20 ERROR : (XSDB Server)ERROR: [Hsi 55-1594] Core devcfg of version 3.2 not found in repositories

19:51:20 ERROR : (XSDB Server)ERROR: [Hsi 55-1594] Core qspips of version 3.1 not found in repositories

19:51:20 ERROR : (XSDB Server)ERROR: [Hsi 55-1594] Core uartps of version 2.2 not found in repositories
ERROR: [Hsi 55-1452] Error: running open_sw_design.

19:51:20 ERROR : (XSDB Server)ERROR: [Hsi 55-1403] E:/workspace/KXZ7C01/ProductCD/SoC_HDMI/PS_Embedded_Design.sdk/standalone_bsp/system.mss line 41 - No IP instance named axi_i2s_adi present in hardware design

19:51:20 ERROR : (XSDB Server)ERROR: [Hsi 55-1594] Core devcfg of version 3.2 not found in repositories
ERROR: [Hsi 55-1594] Core qspips of version 3.1 not found in repositories

19:51:20 ERROR : (XSDB Server)ERROR: [Hsi 55-1594] Core uartps of version 2.2 not found in repositories

19:51:20 ERROR : (XSDB Server)ERROR: [Hsi 55-1452] Error: running open_sw_design.

19:51:20 ERROR : Failed to get_connected_periphs
Reason: ERROR: [Common 17-55] 'get_property' expects at least one object.
Resolution: If [get_<value>] was used to populate the object, check to make sure this command returns at least one valid object.

19:51:20 ERROR : (XSDB Server)ERROR: [Hsi 55-1403] E:/workspace/KXZ7C01/ProductCD/SoC_HDMI/PS_Embedded_Design.sdk/standalone_bsp/system.mss line 41 - No IP instance named axi_i2s_adi present in hardware design

19:51:20 ERROR : (XSDB Server)ERROR: [Hsi 55-1594] Core devcfg of version 3.2 not found in repositories

19:51:20 ERROR : (XSDB Server)ERROR: [Hsi 55-1594] Core qspips of version 3.1 not found in repositories

19:51:20 ERROR : (XSDB Server)ERROR: [Hsi 55-1594] Core uartps of version 2.2 not found in repositories

19:51:20 ERROR : (XSDB Server)ERROR: [Hsi 55-1452] Error: running open_sw_design.

19:51:20 ERROR :  [Common 17-39] 'hsi::open_sw_design' failed due to earlier errors.
19:51:20 ERROR : (XSDB Server)ERROR: [Hsi 55-1403] E:/workspace/KXZ7C01/ProductCD/SoC_HDMI/PS_Embedded_Design.sdk/standalone_bsp/system.mss line 41 - No IP instance named axi_i2s_adi present in hardware design

19:51:20 ERROR : (XSDB Server)ERROR: [Hsi 55-1594] Core devcfg of version 3.2 not found in repositories

19:51:20 ERROR : (XSDB Server)ERROR: [Hsi 55-1594] Core qspips of version 3.1 not found in repositories

19:51:20 ERROR : (XSDB Server)ERROR: [Hsi 55-1594] Core uartps of version 2.2 not found in repositories

19:51:20 ERROR : (XSDB Server)ERROR: [Hsi 55-1452] Error: running open_sw_design.

19:51:20 INFO  : Unable to read in MSS file E:\workspace\KXZ7C01\ProductCD\SoC_HDMI\PS_Embedded_Design.sdk\standalone_bsp\system.mss : null
19:51:20 ERROR : (XSDB Server)ERROR: [Hsi 55-1403] E:/workspace/KXZ7C01/ProductCD/SoC_HDMI/PS_Embedded_Design.sdk/standalone_bsp/system.mss line 41 - No IP instance named axi_i2s_adi present in hardware design

19:51:20 ERROR : (XSDB Server)ERROR: [Hsi 55-1594] Core devcfg of version 3.2 not found in repositories

19:51:20 ERROR : (XSDB Server)ERROR: [Hsi 55-1594] Core qspips of version 3.1 not found in repositories

19:51:20 ERROR : (XSDB Server)ERROR: [Hsi 55-1594] Core uartps of version 2.2 not found in repositories

19:51:20 ERROR : (XSDB Server)ERROR: [Hsi 55-1452] Error: running open_sw_design.

19:51:20 ERROR : (XSDB Server)ERROR: [Hsi 55-1403] E:/workspace/KXZ7C01/ProductCD/SoC_HDMI/PS_Embedded_Design.sdk/standalone_bsp/system.mss line 41 - No IP instance named axi_i2s_adi present in hardware design

19:51:20 ERROR : (XSDB Server)ERROR: [Hsi 55-1594] Core devcfg of version 3.2 not found in repositories
ERROR: [Hsi 55-1594] Core qspips of version 3.1 not found in repositories

19:51:20 ERROR : (XSDB Server)ERROR: [Hsi 55-1594] Core uartps of version 2.2 not found in repositories

19:51:20 ERROR : (XSDB Server)ERROR: [Hsi 55-1452] Error: running open_sw_design.

19:51:20 ERROR : Failed to get_connected_periphs
Reason: ERROR: [Common 17-55] 'get_property' expects at least one object.
Resolution: If [get_<value>] was used to populate the object, check to make sure this command returns at least one valid object.

19:52:09 INFO  : Processor reset is completed for ps7_cortexa9_0
19:53:47 INFO  : ps7_cortexa9_0 Processor is in use. Please stop existing Run or Debug sessions before launching.
19:54:05 INFO  : Processor reset is completed for ps7_cortexa9_0
19:54:08 ERROR : Unexpected error while launching program.
java.lang.RuntimeException: Failed to download ELF file


    Could not stop the processor after reset


	at com.xilinx.sdk.targetmanager.internal.TM.downloadELF(TM.java:686)
	at com.xilinx.sdk.debug.core.internal.AppRunner.run(AppRunner.java:129)
	at com.xilinx.sdk.debug.core.XilinxAppLaunchConfigurationDelegate.runApplication(XilinxAppLaunchConfigurationDelegate.java:637)
	at com.xilinx.sdk.debug.core.XilinxAppLaunchConfigurationDelegate.launch(XilinxAppLaunchConfigurationDelegate.java:309)
	at com.xilinx.sdk.debug.ui.XilinxAppLaunchDelegateWrapper.launch(XilinxAppLaunchDelegateWrapper.java:31)
	at org.eclipse.debug.internal.core.LaunchConfiguration.launch(LaunchConfiguration.java:885)
	at org.eclipse.debug.internal.core.LaunchConfiguration.launch(LaunchConfiguration.java:739)
	at org.eclipse.debug.internal.ui.DebugUIPlugin.buildAndLaunch(DebugUIPlugin.java:1039)
	at org.eclipse.debug.internal.ui.DebugUIPlugin$8.run(DebugUIPlugin.java:1256)
	at org.eclipse.core.internal.jobs.Worker.run(Worker.java:55)
19:54:20 ERROR : Unexpected error while parsing XMD response ?: com.google.gson.JsonSyntaxException: com.google.gson.stream.MalformedJsonException: invalid number or unquoted string near 
19:54:51 INFO  : Launching XSCT server: xsct.bat -interactive E:\workspace\KXZ7C01\ProductCD\SoC_HDMI\PS_Embedded_Design.sdk\temp_xsdb_launch_script.tcl
19:54:52 INFO  : XSCT server has started successfully.
19:54:52 INFO  : Successfully done setting XSCT server connection channel  
19:54:53 INFO  : Successfully done setting SDK workspace  
19:54:54 INFO  : Registering command handlers for SDK TCF services
19:55:25 ERROR : Unexpected error while launching program.
java.lang.RuntimeException: Error in Resetting Target

    Could not stop the processor after reset


	at com.xilinx.sdk.targetmanager.internal.TM.doProcessorReset(TM.java:1011)
	at com.xilinx.sdk.debug.core.XilinxAppLaunchConfigurationDelegate.runTargetSetup(XilinxAppLaunchConfigurationDelegate.java:534)
	at com.xilinx.sdk.debug.core.XilinxAppLaunchConfigurationDelegate.runApplication(XilinxAppLaunchConfigurationDelegate.java:616)
	at com.xilinx.sdk.debug.core.XilinxAppLaunchConfigurationDelegate.launch(XilinxAppLaunchConfigurationDelegate.java:309)
	at com.xilinx.sdk.debug.ui.XilinxAppLaunchDelegateWrapper.launch(XilinxAppLaunchDelegateWrapper.java:31)
	at org.eclipse.debug.internal.core.LaunchConfiguration.launch(LaunchConfiguration.java:885)
	at org.eclipse.debug.internal.core.LaunchConfiguration.launch(LaunchConfiguration.java:739)
	at org.eclipse.debug.internal.ui.DebugUIPlugin.buildAndLaunch(DebugUIPlugin.java:1039)
	at org.eclipse.debug.internal.ui.DebugUIPlugin$8.run(DebugUIPlugin.java:1256)
	at org.eclipse.core.internal.jobs.Worker.run(Worker.java:55)
19:55:50 ERROR : Unexpected error while launching program.
java.lang.RuntimeException: Error in Resetting Target

    Could not stop the processor after reset


	at com.xilinx.sdk.targetmanager.internal.TM.doProcessorReset(TM.java:1011)
	at com.xilinx.sdk.debug.core.XilinxAppLaunchConfigurationDelegate.runTargetSetup(XilinxAppLaunchConfigurationDelegate.java:534)
	at com.xilinx.sdk.debug.core.XilinxAppLaunchConfigurationDelegate.runApplication(XilinxAppLaunchConfigurationDelegate.java:616)
	at com.xilinx.sdk.debug.core.XilinxAppLaunchConfigurationDelegate.launch(XilinxAppLaunchConfigurationDelegate.java:309)
	at com.xilinx.sdk.debug.ui.XilinxAppLaunchDelegateWrapper.launch(XilinxAppLaunchDelegateWrapper.java:31)
	at org.eclipse.debug.internal.core.LaunchConfiguration.launch(LaunchConfiguration.java:885)
	at org.eclipse.debug.internal.core.LaunchConfiguration.launch(LaunchConfiguration.java:739)
	at org.eclipse.debug.internal.ui.DebugUIPlugin.buildAndLaunch(DebugUIPlugin.java:1039)
	at org.eclipse.debug.internal.ui.DebugUIPlugin$8.run(DebugUIPlugin.java:1256)
	at org.eclipse.core.internal.jobs.Worker.run(Worker.java:55)
19:56:02 ERROR : Unexpected error while parsing XMD response ?: com.google.gson.JsonSyntaxException: com.google.gson.stream.MalformedJsonException: invalid number or unquoted string near 
19:56:25 INFO  : Launching XSCT server: xsct.bat -interactive E:\workspace\KXZ7C01\ProductCD\SoC_HDMI\PS_Embedded_Design.sdk\temp_xsdb_launch_script.tcl
19:56:26 INFO  : XSCT server has started successfully.
19:56:28 INFO  : Successfully done setting XSCT server connection channel  
19:56:28 INFO  : Successfully done setting SDK workspace  
19:56:29 INFO  : Registering command handlers for SDK TCF services
19:56:38 INFO  : ps7_init is completed.
19:56:38 INFO  : ps7_post_config is completed.
19:56:38 INFO  : Processor reset is completed for ps7_cortexa9_0
20:48:57 INFO  : ps7_init is completed.
20:48:57 INFO  : ps7_post_config is completed.
20:48:57 INFO  : Processor reset is completed for ps7_cortexa9_0
20:50:00 INFO  : ps7_cortexa9_0 Processor is in use. Please stop existing Run or Debug sessions before launching.
20:50:02 INFO  : Processor reset is completed for ps7_cortexa9_0
20:50:47 INFO  : ps7_init is completed.
20:50:47 INFO  : ps7_post_config is completed.
20:50:48 INFO  : Processor reset is completed for ps7_cortexa9_0
20:52:33 INFO  : ps7_init is completed.
20:52:34 INFO  : ps7_post_config is completed.
20:52:34 INFO  : Processor reset is completed for ps7_cortexa9_0
20:53:35 INFO  : ps7_init is completed.
20:53:35 INFO  : ps7_post_config is completed.
20:53:35 INFO  : Processor reset is completed for ps7_cortexa9_0
21:49:12 INFO  : ps7_init is completed.
21:49:12 INFO  : ps7_post_config is completed.
21:49:13 INFO  : Processor reset is completed for ps7_cortexa9_0
21:52:04 INFO  : ps7_init is completed.
21:52:04 INFO  : ps7_post_config is completed.
21:52:04 INFO  : Processor reset is completed for ps7_cortexa9_0
21:55:11 ERROR : (XSDB Server)ERROR: [Hsi 55-1403] E:/workspace/KXZ7C01/ProductCD/SoC_HDMI/PS_Embedded_Design.sdk/standalone_bsp/system.mss line 41 - No IP instance named axi_i2s_adi present in hardware design

21:55:11 ERROR : (XSDB Server)ERROR: [Hsi 55-1594] Core devcfg of version 3.2 not found in repositories
ERROR: [Hsi 55-1594] Core qspips of version 3.1 not found in repositories
ERROR: [Hsi 55-1594] Core uartps of version 2.2 not found in repositories

21:55:11 ERROR : (XSDB Server)ERROR: [Hsi 55-1452] Error: running open_sw_design.

21:55:11 ERROR :  [Common 17-39] 'hsi::open_sw_design' failed due to earlier errors.
21:55:11 ERROR : (XSDB Server)ERROR: [Hsi 55-1403] E:/workspace/KXZ7C01/ProductCD/SoC_HDMI/PS_Embedded_Design.sdk/standalone_bsp/system.mss line 41 - No IP instance named axi_i2s_adi present in hardware design

21:55:11 ERROR : (XSDB Server)ERROR: [Hsi 55-1594] Core devcfg of version 3.2 not found in repositories

21:55:11 ERROR : (XSDB Server)ERROR: [Hsi 55-1594] Core qspips of version 3.1 not found in repositories

21:55:11 ERROR : (XSDB Server)ERROR: [Hsi 55-1594] Core uartps of version 2.2 not found in repositories

21:55:11 ERROR : (XSDB Server)ERROR: [Hsi 55-1452] Error: running open_sw_design.

21:55:11 INFO  : Unable to read in MSS file E:\workspace\KXZ7C01\ProductCD\SoC_HDMI\PS_Embedded_Design.sdk\standalone_bsp\system.mss : null
21:55:11 ERROR : (XSDB Server)ERROR: [Hsi 55-1403] E:/workspace/KXZ7C01/ProductCD/SoC_HDMI/PS_Embedded_Design.sdk/standalone_bsp/system.mss line 41 - No IP instance named axi_i2s_adi present in hardware design

21:55:11 ERROR : (XSDB Server)ERROR: [Hsi 55-1594] Core devcfg of version 3.2 not found in repositories

21:55:11 ERROR : (XSDB Server)ERROR: [Hsi 55-1594] Core qspips of version 3.1 not found in repositories

21:55:11 ERROR : (XSDB Server)ERROR: [Hsi 55-1594] Core uartps of version 2.2 not found in repositories

21:55:11 ERROR : (XSDB Server)ERROR: [Hsi 55-1452] Error: running open_sw_design.

21:55:11 ERROR : (XSDB Server)ERROR: [Hsi 55-1403] E:/workspace/KXZ7C01/ProductCD/SoC_HDMI/PS_Embedded_Design.sdk/standalone_bsp/system.mss line 41 - No IP instance named axi_i2s_adi present in hardware design

21:55:11 ERROR : (XSDB Server)ERROR: [Hsi 55-1594] Core devcfg of version 3.2 not found in repositories

21:55:11 ERROR : (XSDB Server)ERROR: [Hsi 55-1594] Core qspips of version 3.1 not found in repositories

21:55:11 ERROR : (XSDB Server)ERROR: [Hsi 55-1594] Core uartps of version 2.2 not found in repositories

21:55:11 ERROR : (XSDB Server)ERROR: [Hsi 55-1452] Error: running open_sw_design.

21:55:11 ERROR :  [Common 17-39] 'hsi::open_sw_design' failed due to earlier errors.
21:55:11 ERROR : (XSDB Server)ERROR: [Hsi 55-1403] E:/workspace/KXZ7C01/ProductCD/SoC_HDMI/PS_Embedded_Design.sdk/standalone_bsp/system.mss line 41 - No IP instance named axi_i2s_adi present in hardware design

21:55:11 ERROR : (XSDB Server)ERROR: [Hsi 55-1594] Core devcfg of version 3.2 not found in repositories

21:55:11 ERROR : (XSDB Server)ERROR: [Hsi 55-1594] Core qspips of version 3.1 not found in repositories

21:55:11 ERROR : (XSDB Server)ERROR: [Hsi 55-1594] Core uartps of version 2.2 not found in repositories

21:55:11 ERROR : (XSDB Server)ERROR: [Hsi 55-1452] Error: running open_sw_design.

21:55:11 INFO  : Unable to read in MSS file E:\workspace\KXZ7C01\ProductCD\SoC_HDMI\PS_Embedded_Design.sdk\standalone_bsp\system.mss : null
21:55:11 ERROR : (XSDB Server)ERROR: [Hsi 55-1403] E:/workspace/KXZ7C01/ProductCD/SoC_HDMI/PS_Embedded_Design.sdk/standalone_bsp/system.mss line 41 - No IP instance named axi_i2s_adi present in hardware design

21:55:11 ERROR : (XSDB Server)ERROR: [Hsi 55-1594] Core devcfg of version 3.2 not found in repositories

21:55:11 ERROR : (XSDB Server)ERROR: [Hsi 55-1594] Core qspips of version 3.1 not found in repositories

21:55:11 ERROR : (XSDB Server)ERROR: [Hsi 55-1594] Core uartps of version 2.2 not found in repositories

21:55:11 ERROR : (XSDB Server)ERROR: [Hsi 55-1452] Error: running open_sw_design.

21:59:11 INFO  : Invoking Bootgen: bootgen -image SD_image.bif -arch zynq -o E:\workspace\KXZ7C01\ProductCD\SoC_HDMI\PS_Embedded_Design.sdk\image\BOOT.bin
21:59:11 INFO  : Creating new bif file E:\workspace\KXZ7C01\ProductCD\SoC_HDMI\PS_Embedded_Design.sdk\image\SD_image.bif
21:59:12 INFO  : Bootgen command execution is done.
22:03:27 INFO  : Invoking Bootgen: bootgen -image QSPI_image.bif -arch zynq -o E:\workspace\KXZ7C01\ProductCD\SoC_HDMI\PS_Embedded_Design.sdk\image\BOOT.mcs
22:03:27 INFO  : Creating new bif file E:\workspace\KXZ7C01\ProductCD\SoC_HDMI\PS_Embedded_Design.sdk\image\QSPI_image.bif
22:03:30 INFO  : Bootgen command execution is done.
22:46:15 INFO  : SDK has detected change in the last modified timestamps for source hardware specification file Source:1513806373514,  Project:1513795645500
22:46:15 INFO  : Project embedded_design_hw_platform_0's source hardware specification located at E:/workspace/KXZ7C01/ProductCD/SoC_HDMI/PS_Embedded_Design.sdk/embedded_design.hdf is now different from the local copy.
		 The local copy will be replaced with the source specification and your workspace will be updated.
22:46:17 INFO  : Copied contents of E:/workspace/KXZ7C01/ProductCD/SoC_HDMI/PS_Embedded_Design.sdk/embedded_design.hdf into \embedded_design_hw_platform_0\system.hdf.
22:46:20 INFO  : Synchronizing projects in the workspace with the hardware platform specification changes.
22:46:23 INFO  : 
22:46:23 ERROR : (XSDB Server)ERROR: [Hsi 55-1403] E:/workspace/KXZ7C01/ProductCD/SoC_HDMI/PS_Embedded_Design.sdk/standalone_bsp/system.mss line 41 - No IP instance named axi_i2s_adi present in hardware design
ERROR: [Hsi 55-1594] Core devcfg of version 3.2 not found in repositories
ERROR: [Hsi 55-1594] Core qspips of version 3.1 not found in repositories

22:46:23 ERROR : (XSDB Server)ERROR: [Hsi 55-1594] Core uartps of version 2.2 not found in repositories
ERROR: [Hsi 55-1452] Error: running open_sw_design.

22:46:23 ERROR : Failed to call sync_sw_with_hw_change
Reason: ERROR: [Common 17-39] 'hsi::open_sw_design' failed due to earlier errors.

22:46:24 ERROR : Error updating BSP project MSS files.
22:46:24 INFO  : Updating hardware inferred compiler options for FSBL.
22:46:25 INFO  : Updating hardware inferred compiler options for vHDMI.
22:46:25 INFO  : Clearing existing target manager status.
22:46:25 INFO  : Closing and re-opening the MSS file of ther project FSBL_bsp
22:46:26 INFO  : Workspace synchronized with the new hardware specification file. Cleaning dependent projects...
22:46:43 WARN  : Linker script will not be updated automatically. Users need to update it manually.
22:47:13 ERROR : (XSDB Server)ERROR: [Hsi 55-1403] E:/workspace/KXZ7C01/ProductCD/SoC_HDMI/PS_Embedded_Design.sdk/standalone_bsp/system.mss line 41 - No IP instance named axi_i2s_adi present in hardware design

22:47:13 ERROR :  [Common 17-39] 'hsi::open_sw_design' failed due to earlier errors.
22:47:13 ERROR : (XSDB Server)ERROR: [Hsi 55-1594] Core devcfg of version 3.2 not found in repositories
ERROR: [Hsi 55-1594] Core qspips of version 3.1 not found in repositories
ERROR: [Hsi 55-1594] Core uartps of version 2.2 not found in repositories
ERROR: [Hsi 55-1452] Error: running open_sw_design.

22:47:13 ERROR : (XSDB Server)ERROR: [Hsi 55-1403] E:/workspace/KXZ7C01/ProductCD/SoC_HDMI/PS_Embedded_Design.sdk/standalone_bsp/system.mss line 41 - No IP instance named axi_i2s_adi present in hardware design

22:47:13 ERROR : (XSDB Server)ERROR: [Hsi 55-1594] Core devcfg of version 3.2 not found in repositories

22:47:13 ERROR : (XSDB Server)ERROR: [Hsi 55-1594] Core qspips of version 3.1 not found in repositories

22:47:13 ERROR : (XSDB Server)ERROR: [Hsi 55-1594] Core uartps of version 2.2 not found in repositories

22:47:13 ERROR : (XSDB Server)ERROR: [Hsi 55-1452] Error: running open_sw_design.

22:47:13 INFO  : Unable to read in MSS file E:\workspace\KXZ7C01\ProductCD\SoC_HDMI\PS_Embedded_Design.sdk\standalone_bsp\system.mss : null
22:47:13 ERROR : (XSDB Server)ERROR: [Hsi 55-1403] E:/workspace/KXZ7C01/ProductCD/SoC_HDMI/PS_Embedded_Design.sdk/standalone_bsp/system.mss line 41 - No IP instance named axi_i2s_adi present in hardware design

22:47:13 ERROR : (XSDB Server)ERROR: [Hsi 55-1594] Core devcfg of version 3.2 not found in repositories

22:47:13 ERROR : (XSDB Server)ERROR: [Hsi 55-1594] Core qspips of version 3.1 not found in repositories

22:47:13 ERROR : (XSDB Server)ERROR: [Hsi 55-1594] Core uartps of version 2.2 not found in repositories

22:47:13 ERROR : (XSDB Server)ERROR: [Hsi 55-1452] Error: running open_sw_design.

22:47:13 ERROR : (XSDB Server)ERROR: [Hsi 55-1403] E:/workspace/KXZ7C01/ProductCD/SoC_HDMI/PS_Embedded_Design.sdk/standalone_bsp/system.mss line 41 - No IP instance named axi_i2s_adi present in hardware design

22:47:13 ERROR : (XSDB Server)ERROR: [Hsi 55-1594] Core devcfg of version 3.2 not found in repositories
ERROR: [Hsi 55-1594] Core qspips of version 3.1 not found in repositories
ERROR: [Hsi 55-1594] Core uartps of version 2.2 not found in repositories
ERROR: [Hsi 55-1452] Error: running open_sw_design.

22:47:13 ERROR :  [Common 17-39] 'hsi::open_sw_design' failed due to earlier errors.
22:47:13 ERROR : (XSDB Server)ERROR: [Hsi 55-1403] E:/workspace/KXZ7C01/ProductCD/SoC_HDMI/PS_Embedded_Design.sdk/standalone_bsp/system.mss line 41 - No IP instance named axi_i2s_adi present in hardware design

22:47:13 ERROR : (XSDB Server)ERROR: [Hsi 55-1594] Core devcfg of version 3.2 not found in repositories

22:47:13 ERROR : (XSDB Server)ERROR: [Hsi 55-1594] Core qspips of version 3.1 not found in repositories

22:47:13 ERROR : (XSDB Server)ERROR: [Hsi 55-1594] Core uartps of version 2.2 not found in repositories

22:47:13 ERROR : (XSDB Server)ERROR: [Hsi 55-1452] Error: running open_sw_design.

22:47:13 INFO  : Unable to read in MSS file E:\workspace\KXZ7C01\ProductCD\SoC_HDMI\PS_Embedded_Design.sdk\standalone_bsp\system.mss : null
22:47:13 ERROR : (XSDB Server)ERROR: [Hsi 55-1403] E:/workspace/KXZ7C01/ProductCD/SoC_HDMI/PS_Embedded_Design.sdk/standalone_bsp/system.mss line 41 - No IP instance named axi_i2s_adi present in hardware design

22:47:13 ERROR : (XSDB Server)ERROR: [Hsi 55-1594] Core devcfg of version 3.2 not found in repositories

22:47:13 ERROR : (XSDB Server)ERROR: [Hsi 55-1594] Core qspips of version 3.1 not found in repositories

22:47:13 ERROR : (XSDB Server)ERROR: [Hsi 55-1594] Core uartps of version 2.2 not found in repositories

22:47:13 ERROR : (XSDB Server)ERROR: [Hsi 55-1452] Error: running open_sw_design.

22:52:25 INFO  : Invoking Bootgen: bootgen -image output.bif -arch zynq -o E:\workspace\KXZ7C01\ProductCD\SoC_HDMI\PS_Embedded_Design.sdk\image\QSPI\BOOT.mcs
22:52:25 INFO  : Creating new bif file E:\workspace\KXZ7C01\ProductCD\SoC_HDMI\PS_Embedded_Design.sdk\image\QSPI\output.bif
22:52:28 INFO  : Bootgen command execution is done.
23:05:56 INFO  : Refreshed build settings on project FSBL
23:08:14 INFO  : Refreshed build settings on project FSBL
23:16:37 INFO  : ps7_init is completed.
23:16:37 INFO  : ps7_post_config is completed.
23:16:37 INFO  : Processor reset is completed for ps7_cortexa9_0
23:22:39 INFO  : Invoking Bootgen: bootgen -image output.bif -arch zynq -o E:\workspace\KXZ7C01\ProductCD\SoC_HDMI\PS_Embedded_Design.sdk\image\test\BOOT.mcs
23:22:39 INFO  : Creating new bif file E:\workspace\KXZ7C01\ProductCD\SoC_HDMI\PS_Embedded_Design.sdk\image\test\output.bif
23:22:41 INFO  : Bootgen command execution is done.
23:37:29 INFO  : Invoking Bootgen: bootgen -image output.bif -arch zynq -o E:\workspace\KXZ7C01\ProductCD\SoC_HDMI\PS_Embedded_Design.sdk\image\test\BOOT.mcs -w on
23:37:29 INFO  : Overwriting existing bif file E:\workspace\KXZ7C01\ProductCD\SoC_HDMI\PS_Embedded_Design.sdk\image\test\output.bif
23:37:32 INFO  : Bootgen command execution is done.
23:44:25 INFO  : Invoking Bootgen: bootgen -image output.bif -arch zynq -o E:\workspace\KXZ7C01\ProductCD\SoC_HDMI\PS_Embedded_Design.sdk\image\test\BOOT.bin
23:44:25 INFO  : Overwriting existing bif file E:\workspace\KXZ7C01\ProductCD\SoC_HDMI\PS_Embedded_Design.sdk\image\test\output.bif
23:44:25 INFO  : Bootgen command execution is done.
23:52:08 INFO  : SDK has detected change in the last modified timestamps for source hardware specification file Source:1513810326822,  Project:1513806373514
23:52:08 INFO  : Project embedded_design_hw_platform_0's source hardware specification located at E:/workspace/KXZ7C01/ProductCD/SoC_HDMI/PS_Embedded_Design.sdk/embedded_design.hdf is now different from the local copy.
		 The local copy will be replaced with the source specification and your workspace will be updated.
23:52:13 INFO  : Copied contents of E:/workspace/KXZ7C01/ProductCD/SoC_HDMI/PS_Embedded_Design.sdk/embedded_design.hdf into \embedded_design_hw_platform_0\system.hdf.
23:52:16 INFO  : Synchronizing projects in the workspace with the hardware platform specification changes.
23:52:18 INFO  : 
23:52:18 ERROR : (XSDB Server)ERROR: [Hsi 55-1403] E:/workspace/KXZ7C01/ProductCD/SoC_HDMI/PS_Embedded_Design.sdk/standalone_bsp/system.mss line 41 - No IP instance named axi_i2s_adi present in hardware design

23:52:18 ERROR : (XSDB Server)ERROR: [Hsi 55-1594] Core devcfg of version 3.2 not found in repositories
ERROR: [Hsi 55-1594] Core qspips of version 3.1 not found in repositories
ERROR: [Hsi 55-1594] Core uartps of version 2.2 not found in repositories

23:52:18 ERROR : (XSDB Server)ERROR: [Hsi 55-1452] Error: running open_sw_design.

23:52:18 ERROR : Failed to call sync_sw_with_hw_change
Reason: ERROR: [Common 17-39] 'hsi::open_sw_design' failed due to earlier errors.

23:52:18 ERROR : Error updating BSP project MSS files.
23:52:19 INFO  : Updating hardware inferred compiler options for FSBL.
23:52:20 INFO  : Updating hardware inferred compiler options for vHDMI.
23:52:20 INFO  : Clearing existing target manager status.
23:52:20 INFO  : Closing and re-opening the MSS file of ther project FSBL_bsp
23:52:21 INFO  : Workspace synchronized with the new hardware specification file. Cleaning dependent projects...
23:52:21 WARN  : Linker script will not be updated automatically. Users need to update it manually.
00:00:28 INFO  : Invoking Bootgen: bootgen -image output.bif -arch zynq -o E:\workspace\KXZ7C01\ProductCD\SoC_HDMI\PS_Embedded_Design.sdk\image\QSPI\BOOT.mcs
00:00:28 INFO  : Creating new bif file E:\workspace\KXZ7C01\ProductCD\SoC_HDMI\PS_Embedded_Design.sdk\image\QSPI\output.bif
00:00:30 INFO  : Bootgen command execution is done.
00:14:09 ERROR : Unexpected error while parsing XMD response ?: com.google.gson.JsonSyntaxException: com.google.gson.stream.MalformedJsonException: invalid number or unquoted string near 
00:14:32 INFO  : Launching XSCT server: xsct.bat -interactive E:\workspace\KXZ7C01\ProductCD\SoC_HDMI\PS_Embedded_Design.sdk\temp_xsdb_launch_script.tcl
00:14:33 INFO  : XSCT server has started successfully.
00:14:34 INFO  : Successfully done setting XSCT server connection channel  
00:14:34 INFO  : Successfully done setting SDK workspace  
00:14:37 INFO  : Registering command handlers for SDK TCF services
00:15:47 INFO  : Invoking Bootgen: bootgen -image output.bif -arch zynq -o E:\workspace\KXZ7C01\ProductCD\SoC_HDMI\PS_Embedded_Design.sdk\image\SD_card\BOOT.bin
00:15:47 INFO  : Creating new bif file E:\workspace\KXZ7C01\ProductCD\SoC_HDMI\PS_Embedded_Design.sdk\image\SD_card\output.bif
00:15:48 INFO  : Bootgen command execution is done.
20:33:41 INFO  : Launching XSCT server: xsct.bat -interactive E:\FPGA_demo\Z7\SoC_HDMI\PS_Embedded_Design.sdk\temp_xsdb_launch_script.tcl
20:34:14 INFO  : XSCT server has started successfully.
20:34:14 INFO  : Successfully done setting XSCT server connection channel  
20:34:18 INFO  : Successfully done setting SDK workspace  
20:34:24 INFO  : Registering command handlers for SDK TCF services
20:34:24 INFO  : Processing command line option -hwspec E:/FPGA_demo/Z7/SoC_HDMI/PS_Embedded_Design.sdk/embedded_design.hdf.
15:51:09 INFO  : Registering command handlers for SDK TCF services
15:51:10 INFO  : Launching XSCT server: xsct.bat -interactive E:\FPGA_demo\Z7\SoC_HDMI\PS_Embedded_Design.sdk\temp_xsdb_launch_script.tcl
15:51:43 INFO  : XSCT server has started successfully.
15:51:49 INFO  : Successfully done setting XSCT server connection channel  
15:51:49 INFO  : Successfully done setting SDK workspace  
15:51:49 INFO  : Processing command line option -hwspec E:/FPGA_demo/Z7/SoC_HDMI/PS_Embedded_Design.sdk/embedded_design.hdf.
15:51:50 INFO  : Checking for hwspec changes in the project embedded_design_hw_platform_1.
14:53:42 INFO  : Registering command handlers for SDK TCF services
14:53:42 INFO  : Launching XSCT server: xsct.bat -interactive E:\FPGA_demo\CRZ01\14_QSPI_HDMI\SoC_HDMI\PS_Embedded_Design.sdk\temp_xsdb_launch_script.tcl
14:54:14 INFO  : XSCT server has started successfully.
14:54:14 INFO  : Successfully done setting XSCT server connection channel  
14:54:15 INFO  : Successfully done setting SDK workspace  
14:54:15 INFO  : Processing command line option -hwspec E:/FPGA_demo/CRZ01/14_QSPI_HDMI/SoC_HDMI/PS_Embedded_Design.sdk/embedded_design.hdf.
14:57:22 INFO  : ps7_init is completed.
14:57:22 INFO  : ps7_post_config is completed.
14:57:22 INFO  : Processor reset is completed for ps7_cortexa9_0
15:20:26 INFO  : Connected to target on host '127.0.0.1' and port '3121'.
15:23:21 INFO  : ps7_cortexa9_0 Processor is in use. Please stop existing Run or Debug sessions before launching.
15:23:23 INFO  : Processor reset is completed for ps7_cortexa9_0
15:24:25 INFO  : ps7_cortexa9_0 Processor is in use. Please stop existing Run or Debug sessions before launching.
15:24:26 INFO  : Processor reset is completed for ps7_cortexa9_0
15:25:44 INFO  : ps7_init is completed.
15:25:44 INFO  : ps7_post_config is completed.
15:25:44 INFO  : Processor reset is completed for ps7_cortexa9_0
15:39:49 ERROR : Unexpected error while parsing XMD response ?: com.google.gson.JsonSyntaxException: com.google.gson.stream.MalformedJsonException: invalid number or unquoted string near 
15:55:44 INFO  : Launching XSCT server: xsct.bat -interactive E:\FPGA_demo\CRZ01\14_QSPI_HDMI\SoC_HDMI\PS_Embedded_Design.sdk\temp_xsdb_launch_script.tcl
15:56:17 INFO  : XSCT server has started successfully.
15:56:20 INFO  : Successfully done setting XSCT server connection channel  
15:56:20 INFO  : Successfully done setting SDK workspace  
15:56:23 INFO  : Registering command handlers for SDK TCF services
15:56:30 INFO  : Processing command line option -hwspec E:/FPGA_demo/CRZ01/14_QSPI_HDMI/SoC_HDMI/PS_Embedded_Design.sdk/embedded_design.hdf.
15:56:30 INFO  : Checking for hwspec changes in the project embedded_design_hw_platform_2.
00:16:56 INFO  : Launching XSCT server: xsct.bat -interactive D:\BaiduNetdiskDownload\crz01\CRZ01_DVD_V1.0\CRZ01_DVD_V1.0\CRZ01_DVD_V1.0\FPGA_RefDesign\21_Preload\SoC_HDMI\SoC_HDMI\PS_Embedded_Design.sdk\temp_xsdb_launch_script.tcl
00:16:58 INFO  : XSCT server has started successfully.
00:17:00 INFO  : Successfully done setting XSCT server connection channel  
00:17:00 INFO  : Successfully done setting SDK workspace  
00:17:01 INFO  : Registering command handlers for SDK TCF services
00:17:02 INFO  : Processing command line option -hwspec D:/BaiduNetdiskDownload/crz01/CRZ01_DVD_V1.0/CRZ01_DVD_V1.0/CRZ01_DVD_V1.0/FPGA_RefDesign/21_Preload/SoC_HDMI/SoC_HDMI/PS_Embedded_Design.sdk/embedded_design.hdf.
