#-----------------------------------------------------------
# Vivado v2016.4 (64-bit)
# SW Build 1756540 on Mon Jan 23 19:11:23 MST 2017
# IP Build 1755317 on Mon Jan 23 20:30:07 MST 2017
# Start of session at: Wed Dec 20 14:04:02 2017
# Process ID: 13140
# Current directory: E:/workspace/KXZ7C01/ProductCD/IBERT_SATA_10G/example
# Command line: vivado.exe -gui_launcher_event rodinguilauncherevent13064 E:\workspace\KXZ7C01\ProductCD\IBERT_SATA_10G\example\IBERT_SATA_10G_ex.xpr
# Log file: E:/workspace/KXZ7C01/ProductCD/IBERT_SATA_10G/example/vivado.log
# Journal file: E:/workspace/KXZ7C01/ProductCD/IBERT_SATA_10G/example\vivado.jou
#-----------------------------------------------------------
start_gui
open_project E:/workspace/KXZ7C01/ProductCD/IBERT_SATA_10G/example/IBERT_SATA_10G_ex.xpr
INFO: [Project 1-313] Project file moved from 'e:/workspace/KXZ7C01/ProductCD/IBERT_SATA_10G/IBERT_SATA_10G_ex' since last save.
Scanning sources...
Finished scanning sources
INFO: [IP_Flow 19-234] Refreshing IP repositories
INFO: [IP_Flow 19-1704] No user IP repositories specified
INFO: [IP_Flow 19-2313] Loaded Vivado IP repository 'C:/Xilinx/Vivado/2016.4/data/ip'.
launch_runs impl_1 -to_step write_bitstream -jobs 4
[Wed Dec 20 14:05:05 2017] Launched synth_1...
Run output will be captured here: E:/workspace/KXZ7C01/ProductCD/IBERT_SATA_10G/example/IBERT_SATA_10G_ex.runs/synth_1/runme.log
[Wed Dec 20 14:05:05 2017] Launched impl_1...
Run output will be captured here: E:/workspace/KXZ7C01/ProductCD/IBERT_SATA_10G/example/IBERT_SATA_10G_ex.runs/impl_1/runme.log
exit
INFO: [Common 17-206] Exiting Vivado at Wed Dec 20 14:22:26 2017...
